Build started 6/29/2015 8:31:35 AM.
     1>Project "C:\Users\T_hics\Documents\Aardvark\Aardvark-WPILib\wpilibc\wpilibC++IntegrationTests\FRCUserProgram.vcxproj" on node 4 (Build target(s)).
     1>ClCompile:
         C:\Program Files (x86)\Microsoft Visual Studio 11.0\VC\bin\x86_amd64\CL.exe /c /IC:\Users\T_hics\Documents\GitHub\allwpilib\wpilibc\wpilibC++IntegrationTests\include /IC:\Users\T_hics\Documents\GitHub\allwpilib\wpilibc\wpilibC++IntegrationTests\src\gtest /IC:\Users\T_hics\Documents\GitHub\allwpilib\wpilibc\wpilibC++IntegrationTests\src\gtest\include /IC:\Users\T_hics\Documents\GitHub\allwpilib\wpilibc\wpilibC++IntegrationTests\..\wpilibC++Devices\include /IC:\Users\T_hics\Documents\GitHub\allwpilib\wpilibc\wpilibC++\include /IC:\Users\T_hics\Documents\GitHub\allwpilib\hal\include /IC:\Users\T_hics\Documents\GitHub\allwpilib\networktables\cpp\include /Zi /nologo /W3 /WX- /Od /Ob0 /D WIN32 /D _WINDOWS /D _DEBUG /D "CMAKE_INTDIR=\"Debug\"" /D _MBCS /Gm- /EHsc /RTC1 /MDd /GS /fp:precise /Zc:wchar_t /Zc:forScope /GR /Fo"FRCUserProgram.dir\Debug\\" /Fd"FRCUserProgram.dir\Debug\vc110.pdb" /Gd /TP /errorReport:prompt  -fPIC -pthread C:\Users\T_hics\Documents\GitHub\allwpilib\wpilibc\wpilibC++IntegrationTests\src\AnalogLoopTest.cpp C:\Users\T_hics\Documents\GitHub\allwpilib\wpilibc\wpilibC++IntegrationTests\src\AnalogPotentiometerTest.cpp C:\Users\T_hics\Documents\GitHub\allwpilib\wpilibc\wpilibC++IntegrationTests\src\BuiltInAccelerometerTest.cpp C:\Users\T_hics\Documents\GitHub\allwpilib\wpilibc\wpilibC++IntegrationTests\src\CANJaguarTest.cpp C:\Users\T_hics\Documents\GitHub\allwpilib\wpilibc\wpilibC++IntegrationTests\src\CANTalonTest.cpp C:\Users\T_hics\Documents\GitHub\allwpilib\wpilibc\wpilibC++IntegrationTests\src\command\CommandTest.cpp C:\Users\T_hics\Documents\GitHub\allwpilib\wpilibc\wpilibC++IntegrationTests\src\command\MockCommand.cpp C:\Users\T_hics\Documents\GitHub\allwpilib\wpilibc\wpilibC++IntegrationTests\src\CounterTest.cpp C:\Users\T_hics\Documents\GitHub\allwpilib\wpilibc\wpilibC++IntegrationTests\src\DIOLoopTest.cpp C:\Users\T_hics\Documents\GitHub\allwpilib\wpilibc\wpilibC++IntegrationTests\src\FakeEncoderTest.cpp C:\Users\T_hics\Documents\GitHub\allwpilib\wpilibc\wpilibC++IntegrationTests\src\MotorEncoderTest.cpp C:\Users\T_hics\Documents\GitHub\allwpilib\wpilibc\wpilibC++IntegrationTests\src\NotifierTest.cpp C:\Users\T_hics\Documents\GitHub\allwpilib\wpilibc\wpilibC++IntegrationTests\src\PCMTest.cpp C:\Users\T_hics\Documents\GitHub\allwpilib\wpilibc\wpilibC++IntegrationTests\src\PowerDistributionPanelTest.cpp C:\Users\T_hics\Documents\GitHub\allwpilib\wpilibc\wpilibC++IntegrationTests\src\PreferencesTest.cpp C:\Users\T_hics\Documents\GitHub\allwpilib\wpilibc\wpilibC++IntegrationTests\src\RelayTest.cpp C:\Users\T_hics\Documents\GitHub\allwpilib\wpilibc\wpilibC++IntegrationTests\src\TestEnvironment.cpp C:\Users\T_hics\Documents\GitHub\allwpilib\wpilibc\wpilibC++IntegrationTests\src\TiltPanCameraTest.cpp C:\Users\T_hics\Documents\GitHub\allwpilib\wpilibc\wpilibC++IntegrationTests\src\TimerTest.cpp "C:\Users\T_hics\Documents\GitHub\allwpilib\wpilibc\wpilibC++IntegrationTests\src\gtest\src\gtest-all.cc" C:\Users\T_hics\Documents\GitHub\allwpilib\wpilibc\wpilibC++IntegrationTests\src\gtest\src\gtest_main.cc
     1>cl : Command line warning D9002: ignoring unknown option '-fPIC'
     1>cl : Command line warning D9002: ignoring unknown option '-pthread'
         AnalogLoopTest.cpp
     1>C:\Users\T_hics\Documents\GitHub\allwpilib\hal\include\HAL/Semaphore.hpp(7): fatal error C1083: Cannot open include file: 'pthread.h': No such file or directory
         AnalogPotentiometerTest.cpp
     1>C:\Users\T_hics\Documents\GitHub\allwpilib\hal\include\HAL/Semaphore.hpp(7): fatal error C1083: Cannot open include file: 'pthread.h': No such file or directory
         BuiltInAccelerometerTest.cpp
     1>C:\Users\T_hics\Documents\GitHub\allwpilib\hal\include\HAL/Semaphore.hpp(7): fatal error C1083: Cannot open include file: 'pthread.h': No such file or directory
         CANJaguarTest.cpp
     1>C:\Users\T_hics\Documents\GitHub\allwpilib\hal\include\HAL/Semaphore.hpp(7): fatal error C1083: Cannot open include file: 'pthread.h': No such file or directory
         CANTalonTest.cpp
     1>C:\Users\T_hics\Documents\GitHub\allwpilib\hal\include\HAL/Semaphore.hpp(7): fatal error C1083: Cannot open include file: 'pthread.h': No such file or directory
         CommandTest.cpp
     1>C:\Users\T_hics\Documents\GitHub\allwpilib\hal\include\HAL/Semaphore.hpp(7): fatal error C1083: Cannot open include file: 'pthread.h': No such file or directory
         MockCommand.cpp
     1>C:\Users\T_hics\Documents\GitHub\allwpilib\hal\include\HAL/Semaphore.hpp(7): fatal error C1083: Cannot open include file: 'pthread.h': No such file or directory
         CounterTest.cpp
     1>C:\Users\T_hics\Documents\GitHub\allwpilib\hal\include\HAL/Semaphore.hpp(7): fatal error C1083: Cannot open include file: 'pthread.h': No such file or directory
         DIOLoopTest.cpp
     1>C:\Users\T_hics\Documents\GitHub\allwpilib\hal\include\HAL/Semaphore.hpp(7): fatal error C1083: Cannot open include file: 'pthread.h': No such file or directory
         FakeEncoderTest.cpp
     1>C:\Users\T_hics\Documents\GitHub\allwpilib\hal\include\HAL/Semaphore.hpp(7): fatal error C1083: Cannot open include file: 'pthread.h': No such file or directory
         MotorEncoderTest.cpp
     1>C:\Users\T_hics\Documents\GitHub\allwpilib\hal\include\HAL/Semaphore.hpp(7): fatal error C1083: Cannot open include file: 'pthread.h': No such file or directory
         NotifierTest.cpp
     1>C:\Users\T_hics\Documents\GitHub\allwpilib\hal\include\HAL/Semaphore.hpp(7): fatal error C1083: Cannot open include file: 'pthread.h': No such file or directory
         PCMTest.cpp
     1>C:\Users\T_hics\Documents\GitHub\allwpilib\hal\include\HAL/Semaphore.hpp(7): fatal error C1083: Cannot open include file: 'pthread.h': No such file or directory
         PowerDistributionPanelTest.cpp
     1>C:\Users\T_hics\Documents\GitHub\allwpilib\hal\include\HAL/Semaphore.hpp(7): fatal error C1083: Cannot open include file: 'pthread.h': No such file or directory
         PreferencesTest.cpp
     1>C:\Users\T_hics\Documents\GitHub\allwpilib\hal\include\HAL/Semaphore.hpp(7): fatal error C1083: Cannot open include file: 'pthread.h': No such file or directory
         RelayTest.cpp
     1>C:\Users\T_hics\Documents\GitHub\allwpilib\hal\include\HAL/Semaphore.hpp(7): fatal error C1083: Cannot open include file: 'pthread.h': No such file or directory
         TestEnvironment.cpp
     1>C:\Users\T_hics\Documents\GitHub\allwpilib\wpilibc\wpilibC++IntegrationTests\src\gtest\include\gtest/gtest-printers.h(556): error C2977: 'std::tuple' : too many template arguments
                 C:\Program Files (x86)\Microsoft Visual Studio 11.0\VC\include\utility(73) : see declaration of 'std::tuple'
     1>C:\Users\T_hics\Documents\GitHub\allwpilib\wpilibc\wpilibC++IntegrationTests\src\gtest\include\gtest/gtest-printers.h(564): error C2977: 'std::tuple' : too many template arguments
                 C:\Program Files (x86)\Microsoft Visual Studio 11.0\VC\include\utility(73) : see declaration of 'std::tuple'
     1>C:\Users\T_hics\Documents\GitHub\allwpilib\wpilibc\wpilibC++IntegrationTests\src\gtest\include\gtest/internal/gtest-param-util-generated.h(4338): error C2977: 'std::tuple' : too many template arguments
                 C:\Program Files (x86)\Microsoft Visual Studio 11.0\VC\include\utility(73) : see declaration of 'std::tuple'
                 C:\Users\T_hics\Documents\GitHub\allwpilib\wpilibc\wpilibC++IntegrationTests\src\gtest\include\gtest/internal/gtest-param-util-generated.h(4570) : see reference to class template instantiation 'testing::internal::CartesianProductGenerator9<T1,T2,T3,T4,T5,T6,T7,T8,T9>' being compiled
     1>C:\Users\T_hics\Documents\GitHub\allwpilib\wpilibc\wpilibC++IntegrationTests\src\gtest\include\gtest/internal/gtest-param-util-generated.h(4338): error C3203: 'tuple' : unspecialized class template can't be used as a template argument for template parameter 'T', expected a real type
     1>C:\Users\T_hics\Documents\GitHub\allwpilib\wpilibc\wpilibC++IntegrationTests\src\gtest\include\gtest/internal/gtest-param-util-generated.h(4338): error C2955: 'std::tuple' : use of class template requires template argument list
                 C:\Program Files (x86)\Microsoft Visual Studio 11.0\VC\include\utility(73) : see declaration of 'std::tuple'
     1>C:\Users\T_hics\Documents\GitHub\allwpilib\wpilibc\wpilibC++IntegrationTests\src\gtest\include\gtest/internal/gtest-param-util-generated.h(4338): error C2955: 'testing::internal::ParamGeneratorInterface' : use of class template requires template argument list
                 C:\Users\T_hics\Documents\GitHub\allwpilib\wpilibc\wpilibC++IntegrationTests\src\gtest\include\gtest/internal/gtest-param-util.h(142) : see declaration of 'testing::internal::ParamGeneratorInterface'
     1>C:\Users\T_hics\Documents\GitHub\allwpilib\wpilibc\wpilibC++IntegrationTests\src\gtest\include\gtest/internal/gtest-param-util-generated.h(4340): error C2977: 'std::tuple' : too many template arguments
                 C:\Program Files (x86)\Microsoft Visual Studio 11.0\VC\include\utility(73) : see declaration of 'std::tuple'
     1>C:\Users\T_hics\Documents\GitHub\allwpilib\wpilibc\wpilibC++IntegrationTests\src\gtest\include\gtest/internal/gtest-param-util-generated.h(4351): error C3203: 'tuple' : unspecialized class template can't be used as a template argument for template parameter 'T', expected a real type
     1>C:\Users\T_hics\Documents\GitHub\allwpilib\wpilibc\wpilibC++IntegrationTests\src\gtest\include\gtest/internal/gtest-param-util-generated.h(4351): error C2955: 'std::tuple' : use of class template requires template argument list
                 C:\Program Files (x86)\Microsoft Visual Studio 11.0\VC\include\utility(73) : see declaration of 'std::tuple'
     1>C:\Users\T_hics\Documents\GitHub\allwpilib\wpilibc\wpilibC++IntegrationTests\src\gtest\include\gtest/internal/gtest-param-util-generated.h(4356): error C3203: 'tuple' : unspecialized class template can't be used as a template argument for template parameter 'T', expected a real type
     1>C:\Users\T_hics\Documents\GitHub\allwpilib\wpilibc\wpilibC++IntegrationTests\src\gtest\include\gtest/internal/gtest-param-util-generated.h(4356): error C2955: 'std::tuple' : use of class template requires template argument list
                 C:\Program Files (x86)\Microsoft Visual Studio 11.0\VC\include\utility(73) : see declaration of 'std::tuple'
     1>C:\Users\T_hics\Documents\GitHub\allwpilib\wpilibc\wpilibC++IntegrationTests\src\gtest\include\gtest/internal/gtest-param-util-generated.h(4363): error C3203: 'tuple' : unspecialized class template can't be used as a template argument for template parameter 'T', expected a real type
                 C:\Users\T_hics\Documents\GitHub\allwpilib\wpilibc\wpilibC++IntegrationTests\src\gtest\include\gtest/internal/gtest-param-util-generated.h(4363) : see reference to class template instantiation 'testing::internal::CartesianProductGenerator9<T1,T2,T3,T4,T5,T6,T7,T8,T9>::Iterator' being compiled
     1>C:\Users\T_hics\Documents\GitHub\allwpilib\wpilibc\wpilibC++IntegrationTests\src\gtest\include\gtest/internal/gtest-param-util-generated.h(4363): error C2955: 'std::tuple' : use of class template requires template argument list
                 C:\Program Files (x86)\Microsoft Visual Studio 11.0\VC\include\utility(73) : see declaration of 'std::tuple'
     1>C:\Users\T_hics\Documents\GitHub\allwpilib\wpilibc\wpilibC++IntegrationTests\src\gtest\include\gtest/internal/gtest-param-util-generated.h(4363): error C2955: 'testing::internal::ParamIteratorInterface' : use of class template requires template argument list
                 C:\Users\T_hics\Documents\GitHub\allwpilib\wpilibc\wpilibC++IntegrationTests\src\gtest\include\gtest/internal/gtest-param-util.h(69) : see declaration of 'testing::internal::ParamIteratorInterface'
     1>C:\Users\T_hics\Documents\GitHub\allwpilib\wpilibc\wpilibC++IntegrationTests\src\gtest\include\gtest/internal/gtest-param-util-generated.h(4365): error C3203: 'tuple' : unspecialized class template can't be used as a template argument for template parameter 'T', expected a real type
     1>C:\Users\T_hics\Documents\GitHub\allwpilib\wpilibc\wpilibC++IntegrationTests\src\gtest\include\gtest/internal/gtest-param-util-generated.h(4365): error C2955: 'std::tuple' : use of class template requires template argument list
                 C:\Program Files (x86)\Microsoft Visual Studio 11.0\VC\include\utility(73) : see declaration of 'std::tuple'
                 C:\Program Files (x86)\Microsoft Visual Studio 11.0\VC\include\utility(73) : see declaration of 'std::tuple'
     1>C:\Users\T_hics\Documents\GitHub\allwpilib\wpilibc\wpilibC++IntegrationTests\src\gtest\include\gtest/internal/gtest-param-util-generated.h(4398): error C3203: 'tuple' : unspecialized class template can't be used as a template argument for template parameter 'T', expected a real type
     1>C:\Users\T_hics\Documents\GitHub\allwpilib\wpilibc\wpilibC++IntegrationTests\src\gtest\include\gtest/internal/gtest-param-util-generated.h(4398): error C2955: 'std::tuple' : use of class template requires template argument list
                 C:\Program Files (x86)\Microsoft Visual Studio 11.0\VC\include\utility(73) : see declaration of 'std::tuple'
     1>C:\Users\T_hics\Documents\GitHub\allwpilib\wpilibc\wpilibC++IntegrationTests\src\gtest\include\gtest/internal/gtest-param-util-generated.h(4440): error C3203: 'tuple' : unspecialized class template can't be used as a template argument for template parameter 'T', expected a real type
     1>C:\Users\T_hics\Documents\GitHub\allwpilib\wpilibc\wpilibC++IntegrationTests\src\gtest\include\gtest/internal/gtest-param-util-generated.h(4440): error C2955: 'std::tuple' : use of class template requires template argument list
                 C:\Program Files (x86)\Microsoft Visual Studio 11.0\VC\include\utility(73) : see declaration of 'std::tuple'
     1>C:\Users\T_hics\Documents\GitHub\allwpilib\wpilibc\wpilibC++IntegrationTests\src\gtest\include\gtest/internal/gtest-param-util-generated.h(4444): error C3203: 'tuple' : unspecialized class template can't be used as a template argument for template parameter 'T', expected a real type
     1>C:\Users\T_hics\Documents\GitHub\allwpilib\wpilibc\wpilibC++IntegrationTests\src\gtest\include\gtest/internal/gtest-param-util-generated.h(4444): error C2955: 'std::tuple' : use of class template requires template argument list
                 C:\Program Files (x86)\Microsoft Visual Studio 11.0\VC\include\utility(73) : see declaration of 'std::tuple'
     1>C:\Users\T_hics\Documents\GitHub\allwpilib\wpilibc\wpilibC++IntegrationTests\src\gtest\include\gtest/internal/gtest-param-util-generated.h(4525): error C3203: 'tuple' : unspecialized class template can't be used as a template argument for template parameter 'T', expected a real type
     1>C:\Users\T_hics\Documents\GitHub\allwpilib\wpilibc\wpilibC++IntegrationTests\src\gtest\include\gtest/internal/gtest-param-util-generated.h(4525): error C2955: 'std::tuple' : use of class template requires template argument list
                 C:\Program Files (x86)\Microsoft Visual Studio 11.0\VC\include\utility(73) : see declaration of 'std::tuple'
     1>C:\Users\T_hics\Documents\GitHub\allwpilib\wpilibc\wpilibC++IntegrationTests\src\gtest\include\gtest/internal/gtest-param-util-generated.h(4577): error C2977: 'std::tuple' : too many template arguments
                 C:\Program Files (x86)\Microsoft Visual Studio 11.0\VC\include\utility(73) : see declaration of 'std::tuple'
                 C:\Users\T_hics\Documents\GitHub\allwpilib\wpilibc\wpilibC++IntegrationTests\src\gtest\include\gtest/internal/gtest-param-util-generated.h(4826) : see reference to class template instantiation 'testing::internal::CartesianProductGenerator10<T1,T2,T3,T4,T5,T6,T7,T8,T9,T10>' being compiled
     1>C:\Users\T_hics\Documents\GitHub\allwpilib\wpilibc\wpilibC++IntegrationTests\src\gtest\include\gtest/internal/gtest-param-util-generated.h(4577): error C3203: 'tuple' : unspecialized class template can't be used as a template argument for template parameter 'T', expected a real type
     1>C:\Users\T_hics\Documents\GitHub\allwpilib\wpilibc\wpilibC++IntegrationTests\src\gtest\include\gtest/internal/gtest-param-util-generated.h(4577): error C2955: 'std::tuple' : use of class template requires template argument list
                 C:\Program Files (x86)\Microsoft Visual Studio 11.0\VC\include\utility(73) : see declaration of 'std::tuple'
     1>C:\Users\T_hics\Documents\GitHub\allwpilib\wpilibc\wpilibC++IntegrationTests\src\gtest\include\gtest/internal/gtest-param-util-generated.h(4577): error C2955: 'testing::internal::ParamGeneratorInterface' : use of class template requires template argument list
                 C:\Users\T_hics\Documents\GitHub\allwpilib\wpilibc\wpilibC++IntegrationTests\src\gtest\include\gtest/internal/gtest-param-util.h(142) : see declaration of 'testing::internal::ParamGeneratorInterface'
     1>C:\Users\T_hics\Documents\GitHub\allwpilib\wpilibc\wpilibC++IntegrationTests\src\gtest\include\gtest/internal/gtest-param-util-generated.h(4579): error C2977: 'std::tuple' : too many template arguments
                 C:\Program Files (x86)\Microsoft Visual Studio 11.0\VC\include\utility(73) : see declaration of 'std::tuple'
     1>C:\Users\T_hics\Documents\GitHub\allwpilib\wpilibc\wpilibC++IntegrationTests\src\gtest\include\gtest/internal/gtest-param-util-generated.h(4591): error C3203: 'tuple' : unspecialized class template can't be used as a template argument for template parameter 'T', expected a real type
     1>C:\Users\T_hics\Documents\GitHub\allwpilib\wpilibc\wpilibC++IntegrationTests\src\gtest\include\gtest/internal/gtest-param-util-generated.h(4591): error C2955: 'std::tuple' : use of class template requires template argument list
                 C:\Program Files (x86)\Microsoft Visual Studio 11.0\VC\include\utility(73) : see declaration of 'std::tuple'
     1>C:\Users\T_hics\Documents\GitHub\allwpilib\wpilibc\wpilibC++IntegrationTests\src\gtest\include\gtest/internal/gtest-param-util-generated.h(4596): error C3203: 'tuple' : unspecialized class template can't be used as a template argument for template parameter 'T', expected a real type
     1>C:\Users\T_hics\Documents\GitHub\allwpilib\wpilibc\wpilibC++IntegrationTests\src\gtest\include\gtest/internal/gtest-param-util-generated.h(4596): error C2955: 'std::tuple' : use of class template requires template argument list
                 C:\Program Files (x86)\Microsoft Visual Studio 11.0\VC\include\utility(73) : see declaration of 'std::tuple'
     1>C:\Users\T_hics\Documents\GitHub\allwpilib\wpilibc\wpilibC++IntegrationTests\src\gtest\include\gtest/internal/gtest-param-util-generated.h(4603): error C3203: 'tuple' : unspecialized class template can't be used as a template argument for template parameter 'T', expected a real type
                 C:\Users\T_hics\Documents\GitHub\allwpilib\wpilibc\wpilibC++IntegrationTests\src\gtest\include\gtest/internal/gtest-param-util-generated.h(4603) : see reference to class template instantiation 'testing::internal::CartesianProductGenerator10<T1,T2,T3,T4,T5,T6,T7,T8,T9,T10>::Iterator' being compiled
     1>C:\Users\T_hics\Documents\GitHub\allwpilib\wpilibc\wpilibC++IntegrationTests\src\gtest\include\gtest/internal/gtest-param-util-generated.h(4603): error C2955: 'std::tuple' : use of class template requires template argument list
                 C:\Program Files (x86)\Microsoft Visual Studio 11.0\VC\include\utility(73) : see declaration of 'std::tuple'
     1>C:\Users\T_hics\Documents\GitHub\allwpilib\wpilibc\wpilibC++IntegrationTests\src\gtest\include\gtest/internal/gtest-param-util-generated.h(4603): error C2955: 'testing::internal::ParamIteratorInterface' : use of class template requires template argument list
                 C:\Users\T_hics\Documents\GitHub\allwpilib\wpilibc\wpilibC++IntegrationTests\src\gtest\include\gtest/internal/gtest-param-util.h(69) : see declaration of 'testing::internal::ParamIteratorInterface'
     1>C:\Users\T_hics\Documents\GitHub\allwpilib\wpilibc\wpilibC++IntegrationTests\src\gtest\include\gtest/internal/gtest-param-util-generated.h(4605): error C3203: 'tuple' : unspecialized class template can't be used as a template argument for template parameter 'T', expected a real type
     1>C:\Users\T_hics\Documents\GitHub\allwpilib\wpilibc\wpilibC++IntegrationTests\src\gtest\include\gtest/internal/gtest-param-util-generated.h(4605): error C2955: 'std::tuple' : use of class template requires template argument list
                 C:\Program Files (x86)\Microsoft Visual Studio 11.0\VC\include\utility(73) : see declaration of 'std::tuple'
                 C:\Program Files (x86)\Microsoft Visual Studio 11.0\VC\include\utility(73) : see declaration of 'std::tuple'
     1>C:\Users\T_hics\Documents\GitHub\allwpilib\wpilibc\wpilibC++IntegrationTests\src\gtest\include\gtest/internal/gtest-param-util-generated.h(4641): error C3203: 'tuple' : unspecialized class template can't be used as a template argument for template parameter 'T', expected a real type
     1>C:\Users\T_hics\Documents\GitHub\allwpilib\wpilibc\wpilibC++IntegrationTests\src\gtest\include\gtest/internal/gtest-param-util-generated.h(4641): error C2955: 'std::tuple' : use of class template requires template argument list
                 C:\Program Files (x86)\Microsoft Visual Studio 11.0\VC\include\utility(73) : see declaration of 'std::tuple'
     1>C:\Users\T_hics\Documents\GitHub\allwpilib\wpilibc\wpilibC++IntegrationTests\src\gtest\include\gtest/internal/gtest-param-util-generated.h(4687): error C3203: 'tuple' : unspecialized class template can't be used as a template argument for template parameter 'T', expected a real type
     1>C:\Users\T_hics\Documents\GitHub\allwpilib\wpilibc\wpilibC++IntegrationTests\src\gtest\include\gtest/internal/gtest-param-util-generated.h(4687): error C2955: 'std::tuple' : use of class template requires template argument list
                 C:\Program Files (x86)\Microsoft Visual Studio 11.0\VC\include\utility(73) : see declaration of 'std::tuple'
     1>C:\Users\T_hics\Documents\GitHub\allwpilib\wpilibc\wpilibC++IntegrationTests\src\gtest\include\gtest/internal/gtest-param-util-generated.h(4691): error C3203: 'tuple' : unspecialized class template can't be used as a template argument for template parameter 'T', expected a real type
     1>C:\Users\T_hics\Documents\GitHub\allwpilib\wpilibc\wpilibC++IntegrationTests\src\gtest\include\gtest/internal/gtest-param-util-generated.h(4691): error C2955: 'std::tuple' : use of class template requires template argument list
                 C:\Program Files (x86)\Microsoft Visual Studio 11.0\VC\include\utility(73) : see declaration of 'std::tuple'
     1>C:\Users\T_hics\Documents\GitHub\allwpilib\wpilibc\wpilibC++IntegrationTests\src\gtest\include\gtest/internal/gtest-param-util-generated.h(4777): error C3203: 'tuple' : unspecialized class template can't be used as a template argument for template parameter 'T', expected a real type
     1>C:\Users\T_hics\Documents\GitHub\allwpilib\wpilibc\wpilibC++IntegrationTests\src\gtest\include\gtest/internal/gtest-param-util-generated.h(4777): error C2955: 'std::tuple' : use of class template requires template argument list
                 C:\Program Files (x86)\Microsoft Visual Studio 11.0\VC\include\utility(73) : see declaration of 'std::tuple'
     1>C:\Users\T_hics\Documents\GitHub\allwpilib\wpilibc\wpilibC++IntegrationTests\src\gtest\include\gtest/internal/gtest-param-util-generated.h(5059): error C2977: 'std::tuple' : too many template arguments
                 C:\Program Files (x86)\Microsoft Visual Studio 11.0\VC\include\utility(73) : see declaration of 'std::tuple'
                 C:\Users\T_hics\Documents\GitHub\allwpilib\wpilibc\wpilibC++IntegrationTests\src\gtest\include\gtest/internal/gtest-param-util-generated.h(5087) : see reference to class template instantiation 'testing::internal::CartesianProductHolder9<Generator1,Generator2,Generator3,Generator4,Generator5,Generator6,Generator7,Generator8,Generator9>' being compiled
     1>C:\Users\T_hics\Documents\GitHub\allwpilib\wpilibc\wpilibC++IntegrationTests\src\gtest\include\gtest/internal/gtest-param-util-generated.h(5059): error C3203: 'tuple' : unspecialized class template can't be used as a template argument for template parameter 'T', expected a real type
     1>C:\Users\T_hics\Documents\GitHub\allwpilib\wpilibc\wpilibC++IntegrationTests\src\gtest\include\gtest/internal/gtest-param-util-generated.h(5059): error C2955: 'std::tuple' : use of class template requires template argument list
                 C:\Program Files (x86)\Microsoft Visual Studio 11.0\VC\include\utility(73) : see declaration of 'std::tuple'
     1>C:\Users\T_hics\Documents\GitHub\allwpilib\wpilibc\wpilibC++IntegrationTests\src\gtest\include\gtest/internal/gtest-param-util-generated.h(5103): error C2977: 'std::tuple' : too many template arguments
                 C:\Program Files (x86)\Microsoft Visual Studio 11.0\VC\include\utility(73) : see declaration of 'std::tuple'
                 C:\Users\T_hics\Documents\GitHub\allwpilib\wpilibc\wpilibC++IntegrationTests\src\gtest\include\gtest/internal/gtest-param-util-generated.h(5134) : see reference to class template instantiation 'testing::internal::CartesianProductHolder10<Generator1,Generator2,Generator3,Generator4,Generator5,Generator6,Generator7,Generator8,Generator9,Generator10>' being compiled
     1>C:\Users\T_hics\Documents\GitHub\allwpilib\wpilibc\wpilibC++IntegrationTests\src\gtest\include\gtest/internal/gtest-param-util-generated.h(5103): error C3203: 'tuple' : unspecialized class template can't be used as a template argument for template parameter 'T', expected a real type
     1>C:\Users\T_hics\Documents\GitHub\allwpilib\wpilibc\wpilibC++IntegrationTests\src\gtest\include\gtest/internal/gtest-param-util-generated.h(5103): error C2955: 'std::tuple' : use of class template requires template argument list
                 C:\Program Files (x86)\Microsoft Visual Studio 11.0\VC\include\utility(73) : see declaration of 'std::tuple'
     1>C:\Users\T_hics\Documents\GitHub\allwpilib\hal\include\HAL/Semaphore.hpp(7): fatal error C1083: Cannot open include file: 'pthread.h': No such file or directory
         TiltPanCameraTest.cpp
     1>C:\Users\T_hics\Documents\GitHub\allwpilib\hal\include\HAL/Semaphore.hpp(7): fatal error C1083: Cannot open include file: 'pthread.h': No such file or directory
         TimerTest.cpp
     1>C:\Users\T_hics\Documents\GitHub\allwpilib\hal\include\HAL/Semaphore.hpp(7): fatal error C1083: Cannot open include file: 'pthread.h': No such file or directory
         gtest-all.cc
     1>C:\Users\T_hics\Documents\GitHub\allwpilib\wpilibc\wpilibC++IntegrationTests\src\gtest\include\gtest/gtest-printers.h(556): error C2977: 'std::tuple' : too many template arguments
                 C:\Program Files (x86)\Microsoft Visual Studio 11.0\VC\include\utility(73) : see declaration of 'std::tuple'
     1>C:\Users\T_hics\Documents\GitHub\allwpilib\wpilibc\wpilibC++IntegrationTests\src\gtest\include\gtest/gtest-printers.h(564): error C2977: 'std::tuple' : too many template arguments
                 C:\Program Files (x86)\Microsoft Visual Studio 11.0\VC\include\utility(73) : see declaration of 'std::tuple'
     1>C:\Users\T_hics\Documents\GitHub\allwpilib\wpilibc\wpilibC++IntegrationTests\src\gtest\include\gtest/internal/gtest-param-util-generated.h(4338): error C2977: 'std::tuple' : too many template arguments
                 C:\Program Files (x86)\Microsoft Visual Studio 11.0\VC\include\utility(73) : see declaration of 'std::tuple'
                 C:\Users\T_hics\Documents\GitHub\allwpilib\wpilibc\wpilibC++IntegrationTests\src\gtest\include\gtest/internal/gtest-param-util-generated.h(4570) : see reference to class template instantiation 'testing::internal::CartesianProductGenerator9<T1,T2,T3,T4,T5,T6,T7,T8,T9>' being compiled
     1>C:\Users\T_hics\Documents\GitHub\allwpilib\wpilibc\wpilibC++IntegrationTests\src\gtest\include\gtest/internal/gtest-param-util-generated.h(4338): error C3203: 'tuple' : unspecialized class template can't be used as a template argument for template parameter 'T', expected a real type
     1>C:\Users\T_hics\Documents\GitHub\allwpilib\wpilibc\wpilibC++IntegrationTests\src\gtest\include\gtest/internal/gtest-param-util-generated.h(4338): error C2955: 'std::tuple' : use of class template requires template argument list
                 C:\Program Files (x86)\Microsoft Visual Studio 11.0\VC\include\utility(73) : see declaration of 'std::tuple'
     1>C:\Users\T_hics\Documents\GitHub\allwpilib\wpilibc\wpilibC++IntegrationTests\src\gtest\include\gtest/internal/gtest-param-util-generated.h(4338): error C2955: 'testing::internal::ParamGeneratorInterface' : use of class template requires template argument list
                 C:\Users\T_hics\Documents\GitHub\allwpilib\wpilibc\wpilibC++IntegrationTests\src\gtest\include\gtest/internal/gtest-param-util.h(142) : see declaration of 'testing::internal::ParamGeneratorInterface'
     1>C:\Users\T_hics\Documents\GitHub\allwpilib\wpilibc\wpilibC++IntegrationTests\src\gtest\include\gtest/internal/gtest-param-util-generated.h(4340): error C2977: 'std::tuple' : too many template arguments
                 C:\Program Files (x86)\Microsoft Visual Studio 11.0\VC\include\utility(73) : see declaration of 'std::tuple'
     1>C:\Users\T_hics\Documents\GitHub\allwpilib\wpilibc\wpilibC++IntegrationTests\src\gtest\include\gtest/internal/gtest-param-util-generated.h(4351): error C3203: 'tuple' : unspecialized class template can't be used as a template argument for template parameter 'T', expected a real type
     1>C:\Users\T_hics\Documents\GitHub\allwpilib\wpilibc\wpilibC++IntegrationTests\src\gtest\include\gtest/internal/gtest-param-util-generated.h(4351): error C2955: 'std::tuple' : use of class template requires template argument list
                 C:\Program Files (x86)\Microsoft Visual Studio 11.0\VC\include\utility(73) : see declaration of 'std::tuple'
     1>C:\Users\T_hics\Documents\GitHub\allwpilib\wpilibc\wpilibC++IntegrationTests\src\gtest\include\gtest/internal/gtest-param-util-generated.h(4356): error C3203: 'tuple' : unspecialized class template can't be used as a template argument for template parameter 'T', expected a real type
     1>C:\Users\T_hics\Documents\GitHub\allwpilib\wpilibc\wpilibC++IntegrationTests\src\gtest\include\gtest/internal/gtest-param-util-generated.h(4356): error C2955: 'std::tuple' : use of class template requires template argument list
                 C:\Program Files (x86)\Microsoft Visual Studio 11.0\VC\include\utility(73) : see declaration of 'std::tuple'
     1>C:\Users\T_hics\Documents\GitHub\allwpilib\wpilibc\wpilibC++IntegrationTests\src\gtest\include\gtest/internal/gtest-param-util-generated.h(4363): error C3203: 'tuple' : unspecialized class template can't be used as a template argument for template parameter 'T', expected a real type
                 C:\Users\T_hics\Documents\GitHub\allwpilib\wpilibc\wpilibC++IntegrationTests\src\gtest\include\gtest/internal/gtest-param-util-generated.h(4363) : see reference to class template instantiation 'testing::internal::CartesianProductGenerator9<T1,T2,T3,T4,T5,T6,T7,T8,T9>::Iterator' being compiled
     1>C:\Users\T_hics\Documents\GitHub\allwpilib\wpilibc\wpilibC++IntegrationTests\src\gtest\include\gtest/internal/gtest-param-util-generated.h(4363): error C2955: 'std::tuple' : use of class template requires template argument list
                 C:\Program Files (x86)\Microsoft Visual Studio 11.0\VC\include\utility(73) : see declaration of 'std::tuple'
     1>C:\Users\T_hics\Documents\GitHub\allwpilib\wpilibc\wpilibC++IntegrationTests\src\gtest\include\gtest/internal/gtest-param-util-generated.h(4363): error C2955: 'testing::internal::ParamIteratorInterface' : use of class template requires template argument list
                 C:\Users\T_hics\Documents\GitHub\allwpilib\wpilibc\wpilibC++IntegrationTests\src\gtest\include\gtest/internal/gtest-param-util.h(69) : see declaration of 'testing::internal::ParamIteratorInterface'
     1>C:\Users\T_hics\Documents\GitHub\allwpilib\wpilibc\wpilibC++IntegrationTests\src\gtest\include\gtest/internal/gtest-param-util-generated.h(4365): error C3203: 'tuple' : unspecialized class template can't be used as a template argument for template parameter 'T', expected a real type
     1>C:\Users\T_hics\Documents\GitHub\allwpilib\wpilibc\wpilibC++IntegrationTests\src\gtest\include\gtest/internal/gtest-param-util-generated.h(4365): error C2955: 'std::tuple' : use of class template requires template argument list
                 C:\Program Files (x86)\Microsoft Visual Studio 11.0\VC\include\utility(73) : see declaration of 'std::tuple'
                 C:\Program Files (x86)\Microsoft Visual Studio 11.0\VC\include\utility(73) : see declaration of 'std::tuple'
     1>C:\Users\T_hics\Documents\GitHub\allwpilib\wpilibc\wpilibC++IntegrationTests\src\gtest\include\gtest/internal/gtest-param-util-generated.h(4398): error C3203: 'tuple' : unspecialized class template can't be used as a template argument for template parameter 'T', expected a real type
     1>C:\Users\T_hics\Documents\GitHub\allwpilib\wpilibc\wpilibC++IntegrationTests\src\gtest\include\gtest/internal/gtest-param-util-generated.h(4398): error C2955: 'std::tuple' : use of class template requires template argument list
                 C:\Program Files (x86)\Microsoft Visual Studio 11.0\VC\include\utility(73) : see declaration of 'std::tuple'
     1>C:\Users\T_hics\Documents\GitHub\allwpilib\wpilibc\wpilibC++IntegrationTests\src\gtest\include\gtest/internal/gtest-param-util-generated.h(4440): error C3203: 'tuple' : unspecialized class template can't be used as a template argument for template parameter 'T', expected a real type
     1>C:\Users\T_hics\Documents\GitHub\allwpilib\wpilibc\wpilibC++IntegrationTests\src\gtest\include\gtest/internal/gtest-param-util-generated.h(4440): error C2955: 'std::tuple' : use of class template requires template argument list
                 C:\Program Files (x86)\Microsoft Visual Studio 11.0\VC\include\utility(73) : see declaration of 'std::tuple'
     1>C:\Users\T_hics\Documents\GitHub\allwpilib\wpilibc\wpilibC++IntegrationTests\src\gtest\include\gtest/internal/gtest-param-util-generated.h(4444): error C3203: 'tuple' : unspecialized class template can't be used as a template argument for template parameter 'T', expected a real type
     1>C:\Users\T_hics\Documents\GitHub\allwpilib\wpilibc\wpilibC++IntegrationTests\src\gtest\include\gtest/internal/gtest-param-util-generated.h(4444): error C2955: 'std::tuple' : use of class template requires template argument list
                 C:\Program Files (x86)\Microsoft Visual Studio 11.0\VC\include\utility(73) : see declaration of 'std::tuple'
     1>C:\Users\T_hics\Documents\GitHub\allwpilib\wpilibc\wpilibC++IntegrationTests\src\gtest\include\gtest/internal/gtest-param-util-generated.h(4525): error C3203: 'tuple' : unspecialized class template can't be used as a template argument for template parameter 'T', expected a real type
     1>C:\Users\T_hics\Documents\GitHub\allwpilib\wpilibc\wpilibC++IntegrationTests\src\gtest\include\gtest/internal/gtest-param-util-generated.h(4525): error C2955: 'std::tuple' : use of class template requires template argument list
                 C:\Program Files (x86)\Microsoft Visual Studio 11.0\VC\include\utility(73) : see declaration of 'std::tuple'
     1>C:\Users\T_hics\Documents\GitHub\allwpilib\wpilibc\wpilibC++IntegrationTests\src\gtest\include\gtest/internal/gtest-param-util-generated.h(4577): error C2977: 'std::tuple' : too many template arguments
                 C:\Program Files (x86)\Microsoft Visual Studio 11.0\VC\include\utility(73) : see declaration of 'std::tuple'
                 C:\Users\T_hics\Documents\GitHub\allwpilib\wpilibc\wpilibC++IntegrationTests\src\gtest\include\gtest/internal/gtest-param-util-generated.h(4826) : see reference to class template instantiation 'testing::internal::CartesianProductGenerator10<T1,T2,T3,T4,T5,T6,T7,T8,T9,T10>' being compiled
     1>C:\Users\T_hics\Documents\GitHub\allwpilib\wpilibc\wpilibC++IntegrationTests\src\gtest\include\gtest/internal/gtest-param-util-generated.h(4577): error C3203: 'tuple' : unspecialized class template can't be used as a template argument for template parameter 'T', expected a real type
     1>C:\Users\T_hics\Documents\GitHub\allwpilib\wpilibc\wpilibC++IntegrationTests\src\gtest\include\gtest/internal/gtest-param-util-generated.h(4577): error C2955: 'std::tuple' : use of class template requires template argument list
                 C:\Program Files (x86)\Microsoft Visual Studio 11.0\VC\include\utility(73) : see declaration of 'std::tuple'
     1>C:\Users\T_hics\Documents\GitHub\allwpilib\wpilibc\wpilibC++IntegrationTests\src\gtest\include\gtest/internal/gtest-param-util-generated.h(4577): error C2955: 'testing::internal::ParamGeneratorInterface' : use of class template requires template argument list
                 C:\Users\T_hics\Documents\GitHub\allwpilib\wpilibc\wpilibC++IntegrationTests\src\gtest\include\gtest/internal/gtest-param-util.h(142) : see declaration of 'testing::internal::ParamGeneratorInterface'
     1>C:\Users\T_hics\Documents\GitHub\allwpilib\wpilibc\wpilibC++IntegrationTests\src\gtest\include\gtest/internal/gtest-param-util-generated.h(4579): error C2977: 'std::tuple' : too many template arguments
                 C:\Program Files (x86)\Microsoft Visual Studio 11.0\VC\include\utility(73) : see declaration of 'std::tuple'
     1>C:\Users\T_hics\Documents\GitHub\allwpilib\wpilibc\wpilibC++IntegrationTests\src\gtest\include\gtest/internal/gtest-param-util-generated.h(4591): error C3203: 'tuple' : unspecialized class template can't be used as a template argument for template parameter 'T', expected a real type
     1>C:\Users\T_hics\Documents\GitHub\allwpilib\wpilibc\wpilibC++IntegrationTests\src\gtest\include\gtest/internal/gtest-param-util-generated.h(4591): error C2955: 'std::tuple' : use of class template requires template argument list
                 C:\Program Files (x86)\Microsoft Visual Studio 11.0\VC\include\utility(73) : see declaration of 'std::tuple'
     1>C:\Users\T_hics\Documents\GitHub\allwpilib\wpilibc\wpilibC++IntegrationTests\src\gtest\include\gtest/internal/gtest-param-util-generated.h(4596): error C3203: 'tuple' : unspecialized class template can't be used as a template argument for template parameter 'T', expected a real type
     1>C:\Users\T_hics\Documents\GitHub\allwpilib\wpilibc\wpilibC++IntegrationTests\src\gtest\include\gtest/internal/gtest-param-util-generated.h(4596): error C2955: 'std::tuple' : use of class template requires template argument list
                 C:\Program Files (x86)\Microsoft Visual Studio 11.0\VC\include\utility(73) : see declaration of 'std::tuple'
     1>C:\Users\T_hics\Documents\GitHub\allwpilib\wpilibc\wpilibC++IntegrationTests\src\gtest\include\gtest/internal/gtest-param-util-generated.h(4603): error C3203: 'tuple' : unspecialized class template can't be used as a template argument for template parameter 'T', expected a real type
                 C:\Users\T_hics\Documents\GitHub\allwpilib\wpilibc\wpilibC++IntegrationTests\src\gtest\include\gtest/internal/gtest-param-util-generated.h(4603) : see reference to class template instantiation 'testing::internal::CartesianProductGenerator10<T1,T2,T3,T4,T5,T6,T7,T8,T9,T10>::Iterator' being compiled
     1>C:\Users\T_hics\Documents\GitHub\allwpilib\wpilibc\wpilibC++IntegrationTests\src\gtest\include\gtest/internal/gtest-param-util-generated.h(4603): error C2955: 'std::tuple' : use of class template requires template argument list
                 C:\Program Files (x86)\Microsoft Visual Studio 11.0\VC\include\utility(73) : see declaration of 'std::tuple'
     1>C:\Users\T_hics\Documents\GitHub\allwpilib\wpilibc\wpilibC++IntegrationTests\src\gtest\include\gtest/internal/gtest-param-util-generated.h(4603): error C2955: 'testing::internal::ParamIteratorInterface' : use of class template requires template argument list
                 C:\Users\T_hics\Documents\GitHub\allwpilib\wpilibc\wpilibC++IntegrationTests\src\gtest\include\gtest/internal/gtest-param-util.h(69) : see declaration of 'testing::internal::ParamIteratorInterface'
     1>C:\Users\T_hics\Documents\GitHub\allwpilib\wpilibc\wpilibC++IntegrationTests\src\gtest\include\gtest/internal/gtest-param-util-generated.h(4605): error C3203: 'tuple' : unspecialized class template can't be used as a template argument for template parameter 'T', expected a real type
     1>C:\Users\T_hics\Documents\GitHub\allwpilib\wpilibc\wpilibC++IntegrationTests\src\gtest\include\gtest/internal/gtest-param-util-generated.h(4605): error C2955: 'std::tuple' : use of class template requires template argument list
                 C:\Program Files (x86)\Microsoft Visual Studio 11.0\VC\include\utility(73) : see declaration of 'std::tuple'
                 C:\Program Files (x86)\Microsoft Visual Studio 11.0\VC\include\utility(73) : see declaration of 'std::tuple'
     1>C:\Users\T_hics\Documents\GitHub\allwpilib\wpilibc\wpilibC++IntegrationTests\src\gtest\include\gtest/internal/gtest-param-util-generated.h(4641): error C3203: 'tuple' : unspecialized class template can't be used as a template argument for template parameter 'T', expected a real type
     1>C:\Users\T_hics\Documents\GitHub\allwpilib\wpilibc\wpilibC++IntegrationTests\src\gtest\include\gtest/internal/gtest-param-util-generated.h(4641): error C2955: 'std::tuple' : use of class template requires template argument list
                 C:\Program Files (x86)\Microsoft Visual Studio 11.0\VC\include\utility(73) : see declaration of 'std::tuple'
     1>C:\Users\T_hics\Documents\GitHub\allwpilib\wpilibc\wpilibC++IntegrationTests\src\gtest\include\gtest/internal/gtest-param-util-generated.h(4687): error C3203: 'tuple' : unspecialized class template can't be used as a template argument for template parameter 'T', expected a real type
     1>C:\Users\T_hics\Documents\GitHub\allwpilib\wpilibc\wpilibC++IntegrationTests\src\gtest\include\gtest/internal/gtest-param-util-generated.h(4687): error C2955: 'std::tuple' : use of class template requires template argument list
                 C:\Program Files (x86)\Microsoft Visual Studio 11.0\VC\include\utility(73) : see declaration of 'std::tuple'
     1>C:\Users\T_hics\Documents\GitHub\allwpilib\wpilibc\wpilibC++IntegrationTests\src\gtest\include\gtest/internal/gtest-param-util-generated.h(4691): error C3203: 'tuple' : unspecialized class template can't be used as a template argument for template parameter 'T', expected a real type
     1>C:\Users\T_hics\Documents\GitHub\allwpilib\wpilibc\wpilibC++IntegrationTests\src\gtest\include\gtest/internal/gtest-param-util-generated.h(4691): error C2955: 'std::tuple' : use of class template requires template argument list
                 C:\Program Files (x86)\Microsoft Visual Studio 11.0\VC\include\utility(73) : see declaration of 'std::tuple'
     1>C:\Users\T_hics\Documents\GitHub\allwpilib\wpilibc\wpilibC++IntegrationTests\src\gtest\include\gtest/internal/gtest-param-util-generated.h(4777): error C3203: 'tuple' : unspecialized class template can't be used as a template argument for template parameter 'T', expected a real type
     1>C:\Users\T_hics\Documents\GitHub\allwpilib\wpilibc\wpilibC++IntegrationTests\src\gtest\include\gtest/internal/gtest-param-util-generated.h(4777): error C2955: 'std::tuple' : use of class template requires template argument list
                 C:\Program Files (x86)\Microsoft Visual Studio 11.0\VC\include\utility(73) : see declaration of 'std::tuple'
     1>C:\Users\T_hics\Documents\GitHub\allwpilib\wpilibc\wpilibC++IntegrationTests\src\gtest\include\gtest/internal/gtest-param-util-generated.h(5059): error C2977: 'std::tuple' : too many template arguments
                 C:\Program Files (x86)\Microsoft Visual Studio 11.0\VC\include\utility(73) : see declaration of 'std::tuple'
                 C:\Users\T_hics\Documents\GitHub\allwpilib\wpilibc\wpilibC++IntegrationTests\src\gtest\include\gtest/internal/gtest-param-util-generated.h(5087) : see reference to class template instantiation 'testing::internal::CartesianProductHolder9<Generator1,Generator2,Generator3,Generator4,Generator5,Generator6,Generator7,Generator8,Generator9>' being compiled
     1>C:\Users\T_hics\Documents\GitHub\allwpilib\wpilibc\wpilibC++IntegrationTests\src\gtest\include\gtest/internal/gtest-param-util-generated.h(5059): error C3203: 'tuple' : unspecialized class template can't be used as a template argument for template parameter 'T', expected a real type
     1>C:\Users\T_hics\Documents\GitHub\allwpilib\wpilibc\wpilibC++IntegrationTests\src\gtest\include\gtest/internal/gtest-param-util-generated.h(5059): error C2955: 'std::tuple' : use of class template requires template argument list
                 C:\Program Files (x86)\Microsoft Visual Studio 11.0\VC\include\utility(73) : see declaration of 'std::tuple'
     1>C:\Users\T_hics\Documents\GitHub\allwpilib\wpilibc\wpilibC++IntegrationTests\src\gtest\include\gtest/internal/gtest-param-util-generated.h(5103): error C2977: 'std::tuple' : too many template arguments
                 C:\Program Files (x86)\Microsoft Visual Studio 11.0\VC\include\utility(73) : see declaration of 'std::tuple'
                 C:\Users\T_hics\Documents\GitHub\allwpilib\wpilibc\wpilibC++IntegrationTests\src\gtest\include\gtest/internal/gtest-param-util-generated.h(5134) : see reference to class template instantiation 'testing::internal::CartesianProductHolder10<Generator1,Generator2,Generator3,Generator4,Generator5,Generator6,Generator7,Generator8,Generator9,Generator10>' being compiled
     1>C:\Users\T_hics\Documents\GitHub\allwpilib\wpilibc\wpilibC++IntegrationTests\src\gtest\include\gtest/internal/gtest-param-util-generated.h(5103): error C3203: 'tuple' : unspecialized class template can't be used as a template argument for template parameter 'T', expected a real type
     1>C:\Users\T_hics\Documents\GitHub\allwpilib\wpilibc\wpilibC++IntegrationTests\src\gtest\include\gtest/internal/gtest-param-util-generated.h(5103): error C2955: 'std::tuple' : use of class template requires template argument list
                 C:\Program Files (x86)\Microsoft Visual Studio 11.0\VC\include\utility(73) : see declaration of 'std::tuple'
     1>C:\Users\T_hics\Documents\GitHub\allwpilib\wpilibc\wpilibC++IntegrationTests\src\gtest\src/gtest.cc(53): warning C4068: unknown pragma
         Generating Code...
         Compiling...
         gtest_main.cc
     1>C:\Users\T_hics\Documents\GitHub\allwpilib\wpilibc\wpilibC++IntegrationTests\src\gtest\include\gtest/gtest-printers.h(556): error C2977: 'std::tuple' : too many template arguments
                 C:\Program Files (x86)\Microsoft Visual Studio 11.0\VC\include\utility(73) : see declaration of 'std::tuple'
     1>C:\Users\T_hics\Documents\GitHub\allwpilib\wpilibc\wpilibC++IntegrationTests\src\gtest\include\gtest/gtest-printers.h(564): error C2977: 'std::tuple' : too many template arguments
                 C:\Program Files (x86)\Microsoft Visual Studio 11.0\VC\include\utility(73) : see declaration of 'std::tuple'
     1>C:\Users\T_hics\Documents\GitHub\allwpilib\wpilibc\wpilibC++IntegrationTests\src\gtest\include\gtest/internal/gtest-param-util-generated.h(4338): error C2977: 'std::tuple' : too many template arguments
                 C:\Program Files (x86)\Microsoft Visual Studio 11.0\VC\include\utility(73) : see declaration of 'std::tuple'
                 C:\Users\T_hics\Documents\GitHub\allwpilib\wpilibc\wpilibC++IntegrationTests\src\gtest\include\gtest/internal/gtest-param-util-generated.h(4570) : see reference to class template instantiation 'testing::internal::CartesianProductGenerator9<T1,T2,T3,T4,T5,T6,T7,T8,T9>' being compiled
     1>C:\Users\T_hics\Documents\GitHub\allwpilib\wpilibc\wpilibC++IntegrationTests\src\gtest\include\gtest/internal/gtest-param-util-generated.h(4338): error C3203: 'tuple' : unspecialized class template can't be used as a template argument for template parameter 'T', expected a real type
     1>C:\Users\T_hics\Documents\GitHub\allwpilib\wpilibc\wpilibC++IntegrationTests\src\gtest\include\gtest/internal/gtest-param-util-generated.h(4338): error C2955: 'std::tuple' : use of class template requires template argument list
                 C:\Program Files (x86)\Microsoft Visual Studio 11.0\VC\include\utility(73) : see declaration of 'std::tuple'
     1>C:\Users\T_hics\Documents\GitHub\allwpilib\wpilibc\wpilibC++IntegrationTests\src\gtest\include\gtest/internal/gtest-param-util-generated.h(4338): error C2955: 'testing::internal::ParamGeneratorInterface' : use of class template requires template argument list
                 C:\Users\T_hics\Documents\GitHub\allwpilib\wpilibc\wpilibC++IntegrationTests\src\gtest\include\gtest/internal/gtest-param-util.h(142) : see declaration of 'testing::internal::ParamGeneratorInterface'
     1>C:\Users\T_hics\Documents\GitHub\allwpilib\wpilibc\wpilibC++IntegrationTests\src\gtest\include\gtest/internal/gtest-param-util-generated.h(4340): error C2977: 'std::tuple' : too many template arguments
                 C:\Program Files (x86)\Microsoft Visual Studio 11.0\VC\include\utility(73) : see declaration of 'std::tuple'
     1>C:\Users\T_hics\Documents\GitHub\allwpilib\wpilibc\wpilibC++IntegrationTests\src\gtest\include\gtest/internal/gtest-param-util-generated.h(4351): error C3203: 'tuple' : unspecialized class template can't be used as a template argument for template parameter 'T', expected a real type
     1>C:\Users\T_hics\Documents\GitHub\allwpilib\wpilibc\wpilibC++IntegrationTests\src\gtest\include\gtest/internal/gtest-param-util-generated.h(4351): error C2955: 'std::tuple' : use of class template requires template argument list
                 C:\Program Files (x86)\Microsoft Visual Studio 11.0\VC\include\utility(73) : see declaration of 'std::tuple'
     1>C:\Users\T_hics\Documents\GitHub\allwpilib\wpilibc\wpilibC++IntegrationTests\src\gtest\include\gtest/internal/gtest-param-util-generated.h(4356): error C3203: 'tuple' : unspecialized class template can't be used as a template argument for template parameter 'T', expected a real type
     1>C:\Users\T_hics\Documents\GitHub\allwpilib\wpilibc\wpilibC++IntegrationTests\src\gtest\include\gtest/internal/gtest-param-util-generated.h(4356): error C2955: 'std::tuple' : use of class template requires template argument list
                 C:\Program Files (x86)\Microsoft Visual Studio 11.0\VC\include\utility(73) : see declaration of 'std::tuple'
     1>C:\Users\T_hics\Documents\GitHub\allwpilib\wpilibc\wpilibC++IntegrationTests\src\gtest\include\gtest/internal/gtest-param-util-generated.h(4363): error C3203: 'tuple' : unspecialized class template can't be used as a template argument for template parameter 'T', expected a real type
                 C:\Users\T_hics\Documents\GitHub\allwpilib\wpilibc\wpilibC++IntegrationTests\src\gtest\include\gtest/internal/gtest-param-util-generated.h(4363) : see reference to class template instantiation 'testing::internal::CartesianProductGenerator9<T1,T2,T3,T4,T5,T6,T7,T8,T9>::Iterator' being compiled
     1>C:\Users\T_hics\Documents\GitHub\allwpilib\wpilibc\wpilibC++IntegrationTests\src\gtest\include\gtest/internal/gtest-param-util-generated.h(4363): error C2955: 'std::tuple' : use of class template requires template argument list
                 C:\Program Files (x86)\Microsoft Visual Studio 11.0\VC\include\utility(73) : see declaration of 'std::tuple'
     1>C:\Users\T_hics\Documents\GitHub\allwpilib\wpilibc\wpilibC++IntegrationTests\src\gtest\include\gtest/internal/gtest-param-util-generated.h(4363): error C2955: 'testing::internal::ParamIteratorInterface' : use of class template requires template argument list
                 C:\Users\T_hics\Documents\GitHub\allwpilib\wpilibc\wpilibC++IntegrationTests\src\gtest\include\gtest/internal/gtest-param-util.h(69) : see declaration of 'testing::internal::ParamIteratorInterface'
     1>C:\Users\T_hics\Documents\GitHub\allwpilib\wpilibc\wpilibC++IntegrationTests\src\gtest\include\gtest/internal/gtest-param-util-generated.h(4365): error C3203: 'tuple' : unspecialized class template can't be used as a template argument for template parameter 'T', expected a real type
     1>C:\Users\T_hics\Documents\GitHub\allwpilib\wpilibc\wpilibC++IntegrationTests\src\gtest\include\gtest/internal/gtest-param-util-generated.h(4365): error C2955: 'std::tuple' : use of class template requires template argument list
                 C:\Program Files (x86)\Microsoft Visual Studio 11.0\VC\include\utility(73) : see declaration of 'std::tuple'
                 C:\Program Files (x86)\Microsoft Visual Studio 11.0\VC\include\utility(73) : see declaration of 'std::tuple'
     1>C:\Users\T_hics\Documents\GitHub\allwpilib\wpilibc\wpilibC++IntegrationTests\src\gtest\include\gtest/internal/gtest-param-util-generated.h(4398): error C3203: 'tuple' : unspecialized class template can't be used as a template argument for template parameter 'T', expected a real type
     1>C:\Users\T_hics\Documents\GitHub\allwpilib\wpilibc\wpilibC++IntegrationTests\src\gtest\include\gtest/internal/gtest-param-util-generated.h(4398): error C2955: 'std::tuple' : use of class template requires template argument list
                 C:\Program Files (x86)\Microsoft Visual Studio 11.0\VC\include\utility(73) : see declaration of 'std::tuple'
     1>C:\Users\T_hics\Documents\GitHub\allwpilib\wpilibc\wpilibC++IntegrationTests\src\gtest\include\gtest/internal/gtest-param-util-generated.h(4440): error C3203: 'tuple' : unspecialized class template can't be used as a template argument for template parameter 'T', expected a real type
     1>C:\Users\T_hics\Documents\GitHub\allwpilib\wpilibc\wpilibC++IntegrationTests\src\gtest\include\gtest/internal/gtest-param-util-generated.h(4440): error C2955: 'std::tuple' : use of class template requires template argument list
                 C:\Program Files (x86)\Microsoft Visual Studio 11.0\VC\include\utility(73) : see declaration of 'std::tuple'
     1>C:\Users\T_hics\Documents\GitHub\allwpilib\wpilibc\wpilibC++IntegrationTests\src\gtest\include\gtest/internal/gtest-param-util-generated.h(4444): error C3203: 'tuple' : unspecialized class template can't be used as a template argument for template parameter 'T', expected a real type
     1>C:\Users\T_hics\Documents\GitHub\allwpilib\wpilibc\wpilibC++IntegrationTests\src\gtest\include\gtest/internal/gtest-param-util-generated.h(4444): error C2955: 'std::tuple' : use of class template requires template argument list
                 C:\Program Files (x86)\Microsoft Visual Studio 11.0\VC\include\utility(73) : see declaration of 'std::tuple'
     1>C:\Users\T_hics\Documents\GitHub\allwpilib\wpilibc\wpilibC++IntegrationTests\src\gtest\include\gtest/internal/gtest-param-util-generated.h(4525): error C3203: 'tuple' : unspecialized class template can't be used as a template argument for template parameter 'T', expected a real type
     1>C:\Users\T_hics\Documents\GitHub\allwpilib\wpilibc\wpilibC++IntegrationTests\src\gtest\include\gtest/internal/gtest-param-util-generated.h(4525): error C2955: 'std::tuple' : use of class template requires template argument list
                 C:\Program Files (x86)\Microsoft Visual Studio 11.0\VC\include\utility(73) : see declaration of 'std::tuple'
     1>C:\Users\T_hics\Documents\GitHub\allwpilib\wpilibc\wpilibC++IntegrationTests\src\gtest\include\gtest/internal/gtest-param-util-generated.h(4577): error C2977: 'std::tuple' : too many template arguments
                 C:\Program Files (x86)\Microsoft Visual Studio 11.0\VC\include\utility(73) : see declaration of 'std::tuple'
                 C:\Users\T_hics\Documents\GitHub\allwpilib\wpilibc\wpilibC++IntegrationTests\src\gtest\include\gtest/internal/gtest-param-util-generated.h(4826) : see reference to class template instantiation 'testing::internal::CartesianProductGenerator10<T1,T2,T3,T4,T5,T6,T7,T8,T9,T10>' being compiled
     1>C:\Users\T_hics\Documents\GitHub\allwpilib\wpilibc\wpilibC++IntegrationTests\src\gtest\include\gtest/internal/gtest-param-util-generated.h(4577): error C3203: 'tuple' : unspecialized class template can't be used as a template argument for template parameter 'T', expected a real type
     1>C:\Users\T_hics\Documents\GitHub\allwpilib\wpilibc\wpilibC++IntegrationTests\src\gtest\include\gtest/internal/gtest-param-util-generated.h(4577): error C2955: 'std::tuple' : use of class template requires template argument list
                 C:\Program Files (x86)\Microsoft Visual Studio 11.0\VC\include\utility(73) : see declaration of 'std::tuple'
     1>C:\Users\T_hics\Documents\GitHub\allwpilib\wpilibc\wpilibC++IntegrationTests\src\gtest\include\gtest/internal/gtest-param-util-generated.h(4577): error C2955: 'testing::internal::ParamGeneratorInterface' : use of class template requires template argument list
                 C:\Users\T_hics\Documents\GitHub\allwpilib\wpilibc\wpilibC++IntegrationTests\src\gtest\include\gtest/internal/gtest-param-util.h(142) : see declaration of 'testing::internal::ParamGeneratorInterface'
     1>C:\Users\T_hics\Documents\GitHub\allwpilib\wpilibc\wpilibC++IntegrationTests\src\gtest\include\gtest/internal/gtest-param-util-generated.h(4579): error C2977: 'std::tuple' : too many template arguments
                 C:\Program Files (x86)\Microsoft Visual Studio 11.0\VC\include\utility(73) : see declaration of 'std::tuple'
     1>C:\Users\T_hics\Documents\GitHub\allwpilib\wpilibc\wpilibC++IntegrationTests\src\gtest\include\gtest/internal/gtest-param-util-generated.h(4591): error C3203: 'tuple' : unspecialized class template can't be used as a template argument for template parameter 'T', expected a real type
     1>C:\Users\T_hics\Documents\GitHub\allwpilib\wpilibc\wpilibC++IntegrationTests\src\gtest\include\gtest/internal/gtest-param-util-generated.h(4591): error C2955: 'std::tuple' : use of class template requires template argument list
                 C:\Program Files (x86)\Microsoft Visual Studio 11.0\VC\include\utility(73) : see declaration of 'std::tuple'
     1>C:\Users\T_hics\Documents\GitHub\allwpilib\wpilibc\wpilibC++IntegrationTests\src\gtest\include\gtest/internal/gtest-param-util-generated.h(4596): error C3203: 'tuple' : unspecialized class template can't be used as a template argument for template parameter 'T', expected a real type
     1>C:\Users\T_hics\Documents\GitHub\allwpilib\wpilibc\wpilibC++IntegrationTests\src\gtest\include\gtest/internal/gtest-param-util-generated.h(4596): error C2955: 'std::tuple' : use of class template requires template argument list
                 C:\Program Files (x86)\Microsoft Visual Studio 11.0\VC\include\utility(73) : see declaration of 'std::tuple'
     1>C:\Users\T_hics\Documents\GitHub\allwpilib\wpilibc\wpilibC++IntegrationTests\src\gtest\include\gtest/internal/gtest-param-util-generated.h(4603): error C3203: 'tuple' : unspecialized class template can't be used as a template argument for template parameter 'T', expected a real type
                 C:\Users\T_hics\Documents\GitHub\allwpilib\wpilibc\wpilibC++IntegrationTests\src\gtest\include\gtest/internal/gtest-param-util-generated.h(4603) : see reference to class template instantiation 'testing::internal::CartesianProductGenerator10<T1,T2,T3,T4,T5,T6,T7,T8,T9,T10>::Iterator' being compiled
     1>C:\Users\T_hics\Documents\GitHub\allwpilib\wpilibc\wpilibC++IntegrationTests\src\gtest\include\gtest/internal/gtest-param-util-generated.h(4603): error C2955: 'std::tuple' : use of class template requires template argument list
                 C:\Program Files (x86)\Microsoft Visual Studio 11.0\VC\include\utility(73) : see declaration of 'std::tuple'
     1>C:\Users\T_hics\Documents\GitHub\allwpilib\wpilibc\wpilibC++IntegrationTests\src\gtest\include\gtest/internal/gtest-param-util-generated.h(4603): error C2955: 'testing::internal::ParamIteratorInterface' : use of class template requires template argument list
                 C:\Users\T_hics\Documents\GitHub\allwpilib\wpilibc\wpilibC++IntegrationTests\src\gtest\include\gtest/internal/gtest-param-util.h(69) : see declaration of 'testing::internal::ParamIteratorInterface'
     1>C:\Users\T_hics\Documents\GitHub\allwpilib\wpilibc\wpilibC++IntegrationTests\src\gtest\include\gtest/internal/gtest-param-util-generated.h(4605): error C3203: 'tuple' : unspecialized class template can't be used as a template argument for template parameter 'T', expected a real type
     1>C:\Users\T_hics\Documents\GitHub\allwpilib\wpilibc\wpilibC++IntegrationTests\src\gtest\include\gtest/internal/gtest-param-util-generated.h(4605): error C2955: 'std::tuple' : use of class template requires template argument list
                 C:\Program Files (x86)\Microsoft Visual Studio 11.0\VC\include\utility(73) : see declaration of 'std::tuple'
                 C:\Program Files (x86)\Microsoft Visual Studio 11.0\VC\include\utility(73) : see declaration of 'std::tuple'
     1>C:\Users\T_hics\Documents\GitHub\allwpilib\wpilibc\wpilibC++IntegrationTests\src\gtest\include\gtest/internal/gtest-param-util-generated.h(4641): error C3203: 'tuple' : unspecialized class template can't be used as a template argument for template parameter 'T', expected a real type
     1>C:\Users\T_hics\Documents\GitHub\allwpilib\wpilibc\wpilibC++IntegrationTests\src\gtest\include\gtest/internal/gtest-param-util-generated.h(4641): error C2955: 'std::tuple' : use of class template requires template argument list
                 C:\Program Files (x86)\Microsoft Visual Studio 11.0\VC\include\utility(73) : see declaration of 'std::tuple'
     1>C:\Users\T_hics\Documents\GitHub\allwpilib\wpilibc\wpilibC++IntegrationTests\src\gtest\include\gtest/internal/gtest-param-util-generated.h(4687): error C3203: 'tuple' : unspecialized class template can't be used as a template argument for template parameter 'T', expected a real type
     1>C:\Users\T_hics\Documents\GitHub\allwpilib\wpilibc\wpilibC++IntegrationTests\src\gtest\include\gtest/internal/gtest-param-util-generated.h(4687): error C2955: 'std::tuple' : use of class template requires template argument list
                 C:\Program Files (x86)\Microsoft Visual Studio 11.0\VC\include\utility(73) : see declaration of 'std::tuple'
     1>C:\Users\T_hics\Documents\GitHub\allwpilib\wpilibc\wpilibC++IntegrationTests\src\gtest\include\gtest/internal/gtest-param-util-generated.h(4691): error C3203: 'tuple' : unspecialized class template can't be used as a template argument for template parameter 'T', expected a real type
     1>C:\Users\T_hics\Documents\GitHub\allwpilib\wpilibc\wpilibC++IntegrationTests\src\gtest\include\gtest/internal/gtest-param-util-generated.h(4691): error C2955: 'std::tuple' : use of class template requires template argument list
                 C:\Program Files (x86)\Microsoft Visual Studio 11.0\VC\include\utility(73) : see declaration of 'std::tuple'
     1>C:\Users\T_hics\Documents\GitHub\allwpilib\wpilibc\wpilibC++IntegrationTests\src\gtest\include\gtest/internal/gtest-param-util-generated.h(4777): error C3203: 'tuple' : unspecialized class template can't be used as a template argument for template parameter 'T', expected a real type
     1>C:\Users\T_hics\Documents\GitHub\allwpilib\wpilibc\wpilibC++IntegrationTests\src\gtest\include\gtest/internal/gtest-param-util-generated.h(4777): error C2955: 'std::tuple' : use of class template requires template argument list
                 C:\Program Files (x86)\Microsoft Visual Studio 11.0\VC\include\utility(73) : see declaration of 'std::tuple'
     1>C:\Users\T_hics\Documents\GitHub\allwpilib\wpilibc\wpilibC++IntegrationTests\src\gtest\include\gtest/internal/gtest-param-util-generated.h(5059): error C2977: 'std::tuple' : too many template arguments
                 C:\Program Files (x86)\Microsoft Visual Studio 11.0\VC\include\utility(73) : see declaration of 'std::tuple'
                 C:\Users\T_hics\Documents\GitHub\allwpilib\wpilibc\wpilibC++IntegrationTests\src\gtest\include\gtest/internal/gtest-param-util-generated.h(5087) : see reference to class template instantiation 'testing::internal::CartesianProductHolder9<Generator1,Generator2,Generator3,Generator4,Generator5,Generator6,Generator7,Generator8,Generator9>' being compiled
     1>C:\Users\T_hics\Documents\GitHub\allwpilib\wpilibc\wpilibC++IntegrationTests\src\gtest\include\gtest/internal/gtest-param-util-generated.h(5059): error C3203: 'tuple' : unspecialized class template can't be used as a template argument for template parameter 'T', expected a real type
     1>C:\Users\T_hics\Documents\GitHub\allwpilib\wpilibc\wpilibC++IntegrationTests\src\gtest\include\gtest/internal/gtest-param-util-generated.h(5059): error C2955: 'std::tuple' : use of class template requires template argument list
                 C:\Program Files (x86)\Microsoft Visual Studio 11.0\VC\include\utility(73) : see declaration of 'std::tuple'
     1>C:\Users\T_hics\Documents\GitHub\allwpilib\wpilibc\wpilibC++IntegrationTests\src\gtest\include\gtest/internal/gtest-param-util-generated.h(5103): error C2977: 'std::tuple' : too many template arguments
                 C:\Program Files (x86)\Microsoft Visual Studio 11.0\VC\include\utility(73) : see declaration of 'std::tuple'
                 C:\Users\T_hics\Documents\GitHub\allwpilib\wpilibc\wpilibC++IntegrationTests\src\gtest\include\gtest/internal/gtest-param-util-generated.h(5134) : see reference to class template instantiation 'testing::internal::CartesianProductHolder10<Generator1,Generator2,Generator3,Generator4,Generator5,Generator6,Generator7,Generator8,Generator9,Generator10>' being compiled
     1>C:\Users\T_hics\Documents\GitHub\allwpilib\wpilibc\wpilibC++IntegrationTests\src\gtest\include\gtest/internal/gtest-param-util-generated.h(5103): error C3203: 'tuple' : unspecialized class template can't be used as a template argument for template parameter 'T', expected a real type
     1>C:\Users\T_hics\Documents\GitHub\allwpilib\wpilibc\wpilibC++IntegrationTests\src\gtest\include\gtest/internal/gtest-param-util-generated.h(5103): error C2955: 'std::tuple' : use of class template requires template argument list
                 C:\Program Files (x86)\Microsoft Visual Studio 11.0\VC\include\utility(73) : see declaration of 'std::tuple'
         Generating Code...
     1>Done Building Project "C:\Users\T_hics\Documents\Aardvark\Aardvark-WPILib\wpilibc\wpilibC++IntegrationTests\FRCUserProgram.vcxproj" (Build target(s)) -- FAILED.

Build FAILED.

Time Elapsed 00:00:07.43
