Build started 6/29/2015 11:10:46 AM.
     1>Project "C:\Users\T_hics\Documents\Aardvark\Aardvark-WPILib\wpilibc\wpilibC++Devices\wpilib_nonshared.vcxproj" on node 3 (Build target(s)).
     1>ClCompile:
         C:\Program Files (x86)\Microsoft Visual Studio 11.0\VC\bin\x86_amd64\CL.exe /c /IC:\Users\T_hics\Documents\GitHub\allwpilib\wpilibc\wpilibC++Devices\include /IC:\Users\T_hics\Documents\GitHub\allwpilib\wpilibc\wpilibC++\include /IC:\Users\T_hics\Documents\GitHub\allwpilib\hal\include /IC:\Users\T_hics\Documents\GitHub\allwpilib\networktables\cpp\include /Zi /nologo /W3 /WX- /Od /Ob0 /D WIN32 /D _WINDOWS /D _DEBUG /D "CMAKE_INTDIR=\"Debug\"" /D _MBCS /Gm- /EHsc /RTC1 /MDd /GS /fp:precise /Zc:wchar_t /Zc:forScope /GR /Fo"wpilib_nonshared.dir\Debug\\" /Fd"wpilib_nonshared.dir\Debug\vc110.pdb" /Gd /TP /errorReport:prompt  -fPIC C:\Users\T_hics\Documents\GitHub\allwpilib\wpilibc\wpilibC++Devices\src\ADXL345_I2C.cpp C:\Users\T_hics\Documents\GitHub\allwpilib\wpilibc\wpilibC++Devices\src\ADXL345_SPI.cpp C:\Users\T_hics\Documents\GitHub\allwpilib\wpilibc\wpilibC++Devices\src\AnalogAccelerometer.cpp C:\Users\T_hics\Documents\GitHub\allwpilib\wpilibc\wpilibC++Devices\src\AnalogInput.cpp C:\Users\T_hics\Documents\GitHub\allwpilib\wpilibc\wpilibC++Devices\src\AnalogOutput.cpp C:\Users\T_hics\Documents\GitHub\allwpilib\wpilibc\wpilibC++Devices\src\AnalogPotentiometer.cpp C:\Users\T_hics\Documents\GitHub\allwpilib\wpilibc\wpilibC++Devices\src\AnalogTrigger.cpp C:\Users\T_hics\Documents\GitHub\allwpilib\wpilibc\wpilibC++Devices\src\AnalogTriggerOutput.cpp C:\Users\T_hics\Documents\GitHub\allwpilib\wpilibc\wpilibC++Devices\src\BuiltInAccelerometer.cpp C:\Users\T_hics\Documents\GitHub\allwpilib\wpilibc\wpilibC++Devices\src\CameraServer.cpp C:\Users\T_hics\Documents\GitHub\allwpilib\wpilibc\wpilibC++Devices\src\CANJaguar.cpp C:\Users\T_hics\Documents\GitHub\allwpilib\wpilibc\wpilibC++Devices\src\CANTalon.cpp C:\Users\T_hics\Documents\GitHub\allwpilib\wpilibc\wpilibC++Devices\src\Compressor.cpp C:\Users\T_hics\Documents\GitHub\allwpilib\wpilibc\wpilibC++Devices\src\ControllerPower.cpp C:\Users\T_hics\Documents\GitHub\allwpilib\wpilibc\wpilibC++Devices\src\Counter.cpp C:\Users\T_hics\Documents\GitHub\allwpilib\wpilibc\wpilibC++Devices\src\DigitalInput.cpp C:\Users\T_hics\Documents\GitHub\allwpilib\wpilibc\wpilibC++Devices\src\DigitalOutput.cpp C:\Users\T_hics\Documents\GitHub\allwpilib\wpilibc\wpilibC++Devices\src\DigitalSource.cpp C:\Users\T_hics\Documents\GitHub\allwpilib\wpilibc\wpilibC++Devices\src\DoubleSolenoid.cpp C:\Users\T_hics\Documents\GitHub\allwpilib\wpilibc\wpilibC++Devices\src\DriverStation.cpp C:\Users\T_hics\Documents\GitHub\allwpilib\wpilibc\wpilibC++Devices\src\Encoder.cpp C:\Users\T_hics\Documents\GitHub\allwpilib\wpilibc\wpilibC++Devices\src\GearTooth.cpp C:\Users\T_hics\Documents\GitHub\allwpilib\wpilibc\wpilibC++Devices\src\Gyro.cpp C:\Users\T_hics\Documents\GitHub\allwpilib\wpilibc\wpilibC++Devices\src\I2C.cpp C:\Users\T_hics\Documents\GitHub\allwpilib\wpilibc\wpilibC++Devices\src\Internal\HardwareHLReporting.cpp C:\Users\T_hics\Documents\GitHub\allwpilib\wpilibc\wpilibC++Devices\src\InterruptableSensorBase.cpp C:\Users\T_hics\Documents\GitHub\allwpilib\wpilibc\wpilibC++Devices\src\IterativeRobot.cpp C:\Users\T_hics\Documents\GitHub\allwpilib\wpilibc\wpilibC++Devices\src\Jaguar.cpp C:\Users\T_hics\Documents\GitHub\allwpilib\wpilibc\wpilibC++Devices\src\Joystick.cpp C:\Users\T_hics\Documents\GitHub\allwpilib\wpilibc\wpilibC++Devices\src\MotorSafetyHelper.cpp C:\Users\T_hics\Documents\GitHub\allwpilib\wpilibc\wpilibC++Devices\src\Notifier.cpp C:\Users\T_hics\Documents\GitHub\allwpilib\wpilibc\wpilibC++Devices\src\PIDController.cpp C:\Users\T_hics\Documents\GitHub\allwpilib\wpilibc\wpilibC++Devices\src\PowerDistributionPanel.cpp C:\Users\T_hics\Documents\GitHub\allwpilib\wpilibc\wpilibC++Devices\src\Preferences.cpp C:\Users\T_hics\Documents\GitHub\allwpilib\wpilibc\wpilibC++Devices\src\PWM.cpp C:\Users\T_hics\Documents\GitHub\allwpilib\wpilibc\wpilibC++Devices\src\Relay.cpp C:\Users\T_hics\Documents\GitHub\allwpilib\wpilibc\wpilibC++Devices\src\RobotBase.cpp C:\Users\T_hics\Documents\GitHub\allwpilib\wpilibc\wpilibC++Devices\src\RobotDrive.cpp C:\Users\T_hics\Documents\GitHub\allwpilib\wpilibc\wpilibC++Devices\src\SafePWM.cpp C:\Users\T_hics\Documents\GitHub\allwpilib\wpilibc\wpilibC++Devices\src\SampleRobot.cpp C:\Users\T_hics\Documents\GitHub\allwpilib\wpilibc\wpilibC++Devices\src\SensorBase.cpp C:\Users\T_hics\Documents\GitHub\allwpilib\wpilibc\wpilibC++Devices\src\SerialPort.cpp C:\Users\T_hics\Documents\GitHub\allwpilib\wpilibc\wpilibC++Devices\src\Servo.cpp C:\Users\T_hics\Documents\GitHub\allwpilib\wpilibc\wpilibC++Devices\src\Solenoid.cpp C:\Users\T_hics\Documents\GitHub\allwpilib\wpilibc\wpilibC++Devices\src\SolenoidBase.cpp C:\Users\T_hics\Documents\GitHub\allwpilib\wpilibc\wpilibC++Devices\src\SPI.cpp C:\Users\T_hics\Documents\GitHub\allwpilib\wpilibc\wpilibC++Devices\src\Talon.cpp C:\Users\T_hics\Documents\GitHub\allwpilib\wpilibc\wpilibC++Devices\src\TalonSRX.cpp C:\Users\T_hics\Documents\GitHub\allwpilib\wpilibc\wpilibC++Devices\src\Task.cpp C:\Users\T_hics\Documents\GitHub\allwpilib\wpilibc\wpilibC++Devices\src\Timer.cpp C:\Users\T_hics\Documents\GitHub\allwpilib\wpilibc\wpilibC++Devices\src\Ultrasonic.cpp C:\Users\T_hics\Documents\GitHub\allwpilib\wpilibc\wpilibC++Devices\src\USBCamera.cpp C:\Users\T_hics\Documents\GitHub\allwpilib\wpilibc\wpilibC++Devices\src\Utility.cpp C:\Users\T_hics\Documents\GitHub\allwpilib\wpilibc\wpilibC++Devices\src\Victor.cpp C:\Users\T_hics\Documents\GitHub\allwpilib\wpilibc\wpilibC++Devices\src\VictorSP.cpp C:\Users\T_hics\Documents\GitHub\allwpilib\wpilibc\wpilibC++Devices\src\Vision\AxisCamera.cpp C:\Users\T_hics\Documents\GitHub\allwpilib\wpilibc\wpilibC++Devices\src\Vision\BaeUtilities.cpp C:\Users\T_hics\Documents\GitHub\allwpilib\wpilibc\wpilibC++\src\Buttons\ButtonScheduler.cpp C:\Users\T_hics\Documents\GitHub\allwpilib\wpilibc\wpilibC++\src\Buttons\NetworkButton.cpp C:\Users\T_hics\Documents\GitHub\allwpilib\wpilibc\wpilibC++\src\Commands\Command.cpp C:\Users\T_hics\Documents\GitHub\allwpilib\wpilibc\wpilibC++\src\Commands\PIDCommand.cpp C:\Users\T_hics\Documents\GitHub\allwpilib\wpilibc\wpilibC++\src\Commands\PIDSubsystem.cpp C:\Users\T_hics\Documents\GitHub\allwpilib\wpilibc\wpilibC++\src\Commands\Scheduler.cpp C:\Users\T_hics\Documents\GitHub\allwpilib\wpilibc\wpilibC++\src\Commands\Subsystem.cpp C:\Users\T_hics\Documents\GitHub\allwpilib\wpilibc\wpilibC++\src\Commands\WaitUntilCommand.cpp C:\Users\T_hics\Documents\GitHub\allwpilib\wpilibc\wpilibC++\src\Error.cpp C:\Users\T_hics\Documents\GitHub\allwpilib\wpilibc\wpilibC++\src\ErrorBase.cpp C:\Users\T_hics\Documents\GitHub\allwpilib\wpilibc\wpilibC++\src\LiveWindow\LiveWindow.cpp C:\Users\T_hics\Documents\GitHub\allwpilib\wpilibc\wpilibC++\src\LiveWindow\LiveWindowStatusListener.cpp C:\Users\T_hics\Documents\GitHub\allwpilib\wpilibc\wpilibC++\src\SmartDashboard\SendableChooser.cpp C:\Users\T_hics\Documents\GitHub\allwpilib\wpilibc\wpilibC++\src\SmartDashboard\SmartDashboard.cpp
     1>cl : Command line warning D9002: ignoring unknown option '-fPIC'
         ADXL345_I2C.cpp
     1>C:\Users\T_hics\Documents\GitHub\allwpilib\wpilibc\wpilibC++Devices\include\ADXL345_I2C.h(25): error C2864: 'ADXL345_I2C::kGsPerLSB' : only static const integral data members can be initialized within a class
     1>C:\Users\T_hics\Documents\GitHub\allwpilib\hal\include\HAL/HAL.hpp(206): error C3861: 'round': identifier not found
     1>C:\Users\T_hics\Documents\GitHub\allwpilib\networktables\cpp\include\OSAL/Synchronized.h(36): error C2146: syntax error : missing ';' before identifier 'm_semaphore'
     1>C:\Users\T_hics\Documents\GitHub\allwpilib\networktables\cpp\include\OSAL/Synchronized.h(36): error C4430: missing type specifier - int assumed. Note: C++ does not support default-int
     1>C:\Users\T_hics\Documents\GitHub\allwpilib\networktables\cpp\include\OSAL/Synchronized.h(24): error C2065: 'm_semaphore' : undeclared identifier
     1>C:\Users\T_hics\Documents\GitHub\allwpilib\networktables\cpp\include\OSAL/Synchronized.h(24): error C2065: 'SEM_Q_PRIORITY' : undeclared identifier
     1>C:\Users\T_hics\Documents\GitHub\allwpilib\networktables\cpp\include\OSAL/Synchronized.h(24): error C2065: 'SEM_INVERSION_SAFE' : undeclared identifier
     1>C:\Users\T_hics\Documents\GitHub\allwpilib\networktables\cpp\include\OSAL/Synchronized.h(24): error C2065: 'SEM_DELETE_SAFE' : undeclared identifier
     1>C:\Users\T_hics\Documents\GitHub\allwpilib\networktables\cpp\include\OSAL/Synchronized.h(24): error C3861: 'semMCreate': identifier not found
     1>C:\Users\T_hics\Documents\GitHub\allwpilib\networktables\cpp\include\OSAL/Synchronized.h(27): error C2065: 'm_semaphore' : undeclared identifier
     1>C:\Users\T_hics\Documents\GitHub\allwpilib\networktables\cpp\include\OSAL/Synchronized.h(27): error C3861: 'semDelete': identifier not found
     1>C:\Users\T_hics\Documents\GitHub\allwpilib\networktables\cpp\include\OSAL/Synchronized.h(30): error C2065: 'm_semaphore' : undeclared identifier
     1>C:\Users\T_hics\Documents\GitHub\allwpilib\networktables\cpp\include\OSAL/Synchronized.h(30): error C2065: 'WAIT_FOREVER' : undeclared identifier
     1>C:\Users\T_hics\Documents\GitHub\allwpilib\networktables\cpp\include\OSAL/Synchronized.h(30): error C3861: 'semTake': identifier not found
     1>C:\Users\T_hics\Documents\GitHub\allwpilib\networktables\cpp\include\OSAL/Synchronized.h(33): error C2065: 'm_semaphore' : undeclared identifier
     1>C:\Users\T_hics\Documents\GitHub\allwpilib\networktables\cpp\include\OSAL/Synchronized.h(33): error C3861: 'semGive': identifier not found
     1>C:\Users\T_hics\Documents\GitHub\allwpilib\networktables\cpp\include\OSAL/Synchronized.h(83): error C2460: 'NTSynchronized::SEM_ID' : uses 'NTSynchronized', which is being defined
                 C:\Users\T_hics\Documents\GitHub\allwpilib\networktables\cpp\include\OSAL/Synchronized.h(78) : see declaration of 'NTSynchronized'
     1>C:\Users\T_hics\Documents\GitHub\allwpilib\networktables\cpp\include\OSAL/Synchronized.h(83): error C2071: 'NTSynchronized::SEM_ID' : illegal storage class
     1>C:\Users\T_hics\Documents\GitHub\allwpilib\networktables\cpp\include\OSAL/Synchronized.h(90): error C2146: syntax error : missing ';' before identifier 'm_semaphore'
     1>C:\Users\T_hics\Documents\GitHub\allwpilib\networktables\cpp\include\OSAL/Synchronized.h(90): error C4430: missing type specifier - int assumed. Note: C++ does not support default-int
     1>C:\Users\T_hics\Documents\GitHub\allwpilib\networktables\cpp\include\NTErrorBase.h(11): fatal error C1083: Cannot open include file: 'semLib.h': No such file or directory
         ADXL345_SPI.cpp
     1>C:\Users\T_hics\Documents\GitHub\allwpilib\hal\include\HAL/HAL.hpp(206): error C3861: 'round': identifier not found
     1>C:\Users\T_hics\Documents\GitHub\allwpilib\wpilibc\wpilibC++Devices\include\ADXL345_SPI.h(28): error C2864: 'ADXL345_SPI::kGsPerLSB' : only static const integral data members can be initialized within a class
     1>C:\Users\T_hics\Documents\GitHub\allwpilib\networktables\cpp\include\OSAL/Synchronized.h(36): error C2146: syntax error : missing ';' before identifier 'm_semaphore'
     1>C:\Users\T_hics\Documents\GitHub\allwpilib\networktables\cpp\include\OSAL/Synchronized.h(36): error C4430: missing type specifier - int assumed. Note: C++ does not support default-int
     1>C:\Users\T_hics\Documents\GitHub\allwpilib\networktables\cpp\include\OSAL/Synchronized.h(24): error C2065: 'm_semaphore' : undeclared identifier
     1>C:\Users\T_hics\Documents\GitHub\allwpilib\networktables\cpp\include\OSAL/Synchronized.h(24): error C2065: 'SEM_Q_PRIORITY' : undeclared identifier
     1>C:\Users\T_hics\Documents\GitHub\allwpilib\networktables\cpp\include\OSAL/Synchronized.h(24): error C2065: 'SEM_INVERSION_SAFE' : undeclared identifier
     1>C:\Users\T_hics\Documents\GitHub\allwpilib\networktables\cpp\include\OSAL/Synchronized.h(24): error C2065: 'SEM_DELETE_SAFE' : undeclared identifier
     1>C:\Users\T_hics\Documents\GitHub\allwpilib\networktables\cpp\include\OSAL/Synchronized.h(24): error C3861: 'semMCreate': identifier not found
     1>C:\Users\T_hics\Documents\GitHub\allwpilib\networktables\cpp\include\OSAL/Synchronized.h(27): error C2065: 'm_semaphore' : undeclared identifier
     1>C:\Users\T_hics\Documents\GitHub\allwpilib\networktables\cpp\include\OSAL/Synchronized.h(27): error C3861: 'semDelete': identifier not found
     1>C:\Users\T_hics\Documents\GitHub\allwpilib\networktables\cpp\include\OSAL/Synchronized.h(30): error C2065: 'm_semaphore' : undeclared identifier
     1>C:\Users\T_hics\Documents\GitHub\allwpilib\networktables\cpp\include\OSAL/Synchronized.h(30): error C2065: 'WAIT_FOREVER' : undeclared identifier
     1>C:\Users\T_hics\Documents\GitHub\allwpilib\networktables\cpp\include\OSAL/Synchronized.h(30): error C3861: 'semTake': identifier not found
     1>C:\Users\T_hics\Documents\GitHub\allwpilib\networktables\cpp\include\OSAL/Synchronized.h(33): error C2065: 'm_semaphore' : undeclared identifier
     1>C:\Users\T_hics\Documents\GitHub\allwpilib\networktables\cpp\include\OSAL/Synchronized.h(33): error C3861: 'semGive': identifier not found
     1>C:\Users\T_hics\Documents\GitHub\allwpilib\networktables\cpp\include\OSAL/Synchronized.h(83): error C2460: 'NTSynchronized::SEM_ID' : uses 'NTSynchronized', which is being defined
                 C:\Users\T_hics\Documents\GitHub\allwpilib\networktables\cpp\include\OSAL/Synchronized.h(78) : see declaration of 'NTSynchronized'
     1>C:\Users\T_hics\Documents\GitHub\allwpilib\networktables\cpp\include\OSAL/Synchronized.h(83): error C2071: 'NTSynchronized::SEM_ID' : illegal storage class
     1>C:\Users\T_hics\Documents\GitHub\allwpilib\networktables\cpp\include\OSAL/Synchronized.h(90): error C2146: syntax error : missing ';' before identifier 'm_semaphore'
     1>C:\Users\T_hics\Documents\GitHub\allwpilib\networktables\cpp\include\OSAL/Synchronized.h(90): error C4430: missing type specifier - int assumed. Note: C++ does not support default-int
     1>C:\Users\T_hics\Documents\GitHub\allwpilib\networktables\cpp\include\NTErrorBase.h(11): fatal error C1083: Cannot open include file: 'semLib.h': No such file or directory
         AnalogAccelerometer.cpp
     1>C:\Users\T_hics\Documents\GitHub\allwpilib\hal\include\HAL/HAL.hpp(171): error C2146: syntax error : missing ';' before identifier 'size_t'
     1>C:\Users\T_hics\Documents\GitHub\allwpilib\hal\include\HAL/HAL.hpp(171): error C4430: missing type specifier - int assumed. Note: C++ does not support default-int
     1>C:\Users\T_hics\Documents\GitHub\allwpilib\hal\include\HAL/HAL.hpp(172): error C2146: syntax error : missing ';' before identifier 'size_t'
     1>C:\Users\T_hics\Documents\GitHub\allwpilib\hal\include\HAL/HAL.hpp(172): error C4430: missing type specifier - int assumed. Note: C++ does not support default-int
     1>C:\Users\T_hics\Documents\GitHub\allwpilib\hal\include\HAL/HAL.hpp(172): error C2086: 'int constexpr' : redefinition
                 C:\Users\T_hics\Documents\GitHub\allwpilib\hal\include\HAL/HAL.hpp(171) : see declaration of 'constexpr'
     1>C:\Users\T_hics\Documents\GitHub\allwpilib\hal\include\HAL/HAL.hpp(176): error C2057: expected constant expression
     1>C:\Users\T_hics\Documents\GitHub\allwpilib\hal\include\HAL/HAL.hpp(176): warning C4200: nonstandard extension used : zero-sized array in struct/union
                 Cannot generate copy-ctor or copy-assignment operator when UDT contains a zero-sized array
     1>C:\Users\T_hics\Documents\GitHub\allwpilib\hal\include\HAL/HAL.hpp(181): error C2057: expected constant expression
     1>C:\Users\T_hics\Documents\GitHub\allwpilib\hal\include\HAL/HAL.hpp(181): warning C4200: nonstandard extension used : zero-sized array in struct/union
                 Cannot generate copy-ctor or copy-assignment operator when UDT contains a zero-sized array
     1>C:\Users\T_hics\Documents\GitHub\allwpilib\hal\include\HAL/HAL.hpp(194): error C2057: expected constant expression
     1>C:\Users\T_hics\Documents\GitHub\allwpilib\hal\include\HAL/HAL.hpp(194): warning C4200: nonstandard extension used : zero-sized array in struct/union
                 Cannot generate copy-ctor or copy-assignment operator when UDT contains a zero-sized array
     1>C:\Users\T_hics\Documents\GitHub\allwpilib\hal\include\HAL/HAL.hpp(195): error C2229: struct 'HALJoystickDescriptor' has an illegal zero-sized array
     1>C:\Users\T_hics\Documents\GitHub\allwpilib\hal\include\HAL/HAL.hpp(206): error C3861: 'round': identifier not found
     1>C:\Users\T_hics\Documents\GitHub\allwpilib\networktables\cpp\include\OSAL/Synchronized.h(36): error C2146: syntax error : missing ';' before identifier 'm_semaphore'
     1>C:\Users\T_hics\Documents\GitHub\allwpilib\networktables\cpp\include\OSAL/Synchronized.h(36): error C4430: missing type specifier - int assumed. Note: C++ does not support default-int
     1>C:\Users\T_hics\Documents\GitHub\allwpilib\networktables\cpp\include\OSAL/Synchronized.h(24): error C2065: 'm_semaphore' : undeclared identifier
     1>C:\Users\T_hics\Documents\GitHub\allwpilib\networktables\cpp\include\OSAL/Synchronized.h(24): error C2065: 'SEM_Q_PRIORITY' : undeclared identifier
     1>C:\Users\T_hics\Documents\GitHub\allwpilib\networktables\cpp\include\OSAL/Synchronized.h(24): error C2065: 'SEM_INVERSION_SAFE' : undeclared identifier
     1>C:\Users\T_hics\Documents\GitHub\allwpilib\networktables\cpp\include\OSAL/Synchronized.h(24): error C2065: 'SEM_DELETE_SAFE' : undeclared identifier
     1>C:\Users\T_hics\Documents\GitHub\allwpilib\networktables\cpp\include\OSAL/Synchronized.h(24): error C3861: 'semMCreate': identifier not found
     1>C:\Users\T_hics\Documents\GitHub\allwpilib\networktables\cpp\include\OSAL/Synchronized.h(27): error C2065: 'm_semaphore' : undeclared identifier
     1>C:\Users\T_hics\Documents\GitHub\allwpilib\networktables\cpp\include\OSAL/Synchronized.h(27): error C3861: 'semDelete': identifier not found
     1>C:\Users\T_hics\Documents\GitHub\allwpilib\networktables\cpp\include\OSAL/Synchronized.h(30): error C2065: 'm_semaphore' : undeclared identifier
     1>C:\Users\T_hics\Documents\GitHub\allwpilib\networktables\cpp\include\OSAL/Synchronized.h(30): error C2065: 'WAIT_FOREVER' : undeclared identifier
     1>C:\Users\T_hics\Documents\GitHub\allwpilib\networktables\cpp\include\OSAL/Synchronized.h(30): error C3861: 'semTake': identifier not found
     1>C:\Users\T_hics\Documents\GitHub\allwpilib\networktables\cpp\include\OSAL/Synchronized.h(33): error C2065: 'm_semaphore' : undeclared identifier
     1>C:\Users\T_hics\Documents\GitHub\allwpilib\networktables\cpp\include\OSAL/Synchronized.h(33): error C3861: 'semGive': identifier not found
     1>C:\Users\T_hics\Documents\GitHub\allwpilib\networktables\cpp\include\OSAL/Synchronized.h(83): error C2460: 'NTSynchronized::SEM_ID' : uses 'NTSynchronized', which is being defined
                 C:\Users\T_hics\Documents\GitHub\allwpilib\networktables\cpp\include\OSAL/Synchronized.h(78) : see declaration of 'NTSynchronized'
     1>C:\Users\T_hics\Documents\GitHub\allwpilib\networktables\cpp\include\OSAL/Synchronized.h(83): error C2071: 'NTSynchronized::SEM_ID' : illegal storage class
     1>C:\Users\T_hics\Documents\GitHub\allwpilib\networktables\cpp\include\OSAL/Synchronized.h(90): error C2146: syntax error : missing ';' before identifier 'm_semaphore'
     1>C:\Users\T_hics\Documents\GitHub\allwpilib\networktables\cpp\include\OSAL/Synchronized.h(90): error C4430: missing type specifier - int assumed. Note: C++ does not support default-int
     1>C:\Users\T_hics\Documents\GitHub\allwpilib\networktables\cpp\include\NTErrorBase.h(11): fatal error C1083: Cannot open include file: 'semLib.h': No such file or directory
         AnalogInput.cpp
     1>C:\Users\T_hics\Documents\GitHub\allwpilib\hal\include\HAL/HAL.hpp(171): error C2146: syntax error : missing ';' before identifier 'size_t'
     1>C:\Users\T_hics\Documents\GitHub\allwpilib\hal\include\HAL/HAL.hpp(171): error C4430: missing type specifier - int assumed. Note: C++ does not support default-int
     1>C:\Users\T_hics\Documents\GitHub\allwpilib\hal\include\HAL/HAL.hpp(172): error C2146: syntax error : missing ';' before identifier 'size_t'
     1>C:\Users\T_hics\Documents\GitHub\allwpilib\hal\include\HAL/HAL.hpp(172): error C4430: missing type specifier - int assumed. Note: C++ does not support default-int
     1>C:\Users\T_hics\Documents\GitHub\allwpilib\hal\include\HAL/HAL.hpp(172): error C2086: 'int constexpr' : redefinition
                 C:\Users\T_hics\Documents\GitHub\allwpilib\hal\include\HAL/HAL.hpp(171) : see declaration of 'constexpr'
     1>C:\Users\T_hics\Documents\GitHub\allwpilib\hal\include\HAL/HAL.hpp(176): error C2057: expected constant expression
     1>C:\Users\T_hics\Documents\GitHub\allwpilib\hal\include\HAL/HAL.hpp(176): warning C4200: nonstandard extension used : zero-sized array in struct/union
                 Cannot generate copy-ctor or copy-assignment operator when UDT contains a zero-sized array
     1>C:\Users\T_hics\Documents\GitHub\allwpilib\hal\include\HAL/HAL.hpp(181): error C2057: expected constant expression
     1>C:\Users\T_hics\Documents\GitHub\allwpilib\hal\include\HAL/HAL.hpp(181): warning C4200: nonstandard extension used : zero-sized array in struct/union
                 Cannot generate copy-ctor or copy-assignment operator when UDT contains a zero-sized array
     1>C:\Users\T_hics\Documents\GitHub\allwpilib\hal\include\HAL/HAL.hpp(194): error C2057: expected constant expression
     1>C:\Users\T_hics\Documents\GitHub\allwpilib\hal\include\HAL/HAL.hpp(194): warning C4200: nonstandard extension used : zero-sized array in struct/union
                 Cannot generate copy-ctor or copy-assignment operator when UDT contains a zero-sized array
     1>C:\Users\T_hics\Documents\GitHub\allwpilib\hal\include\HAL/HAL.hpp(195): error C2229: struct 'HALJoystickDescriptor' has an illegal zero-sized array
     1>C:\Users\T_hics\Documents\GitHub\allwpilib\hal\include\HAL/HAL.hpp(206): error C3861: 'round': identifier not found
     1>C:\Users\T_hics\Documents\GitHub\allwpilib\wpilibc\wpilibC++\include\Timer.h(40): error C2864: 'Timer::kRolloverTime' : only static const integral data members can be initialized within a class
     1>C:\Users\T_hics\Documents\GitHub\allwpilib\networktables\cpp\include\OSAL/Synchronized.h(36): error C2146: syntax error : missing ';' before identifier 'm_semaphore'
     1>C:\Users\T_hics\Documents\GitHub\allwpilib\networktables\cpp\include\OSAL/Synchronized.h(36): error C4430: missing type specifier - int assumed. Note: C++ does not support default-int
     1>C:\Users\T_hics\Documents\GitHub\allwpilib\networktables\cpp\include\OSAL/Synchronized.h(24): error C2065: 'm_semaphore' : undeclared identifier
     1>C:\Users\T_hics\Documents\GitHub\allwpilib\networktables\cpp\include\OSAL/Synchronized.h(24): error C2065: 'SEM_Q_PRIORITY' : undeclared identifier
     1>C:\Users\T_hics\Documents\GitHub\allwpilib\networktables\cpp\include\OSAL/Synchronized.h(24): error C2065: 'SEM_INVERSION_SAFE' : undeclared identifier
     1>C:\Users\T_hics\Documents\GitHub\allwpilib\networktables\cpp\include\OSAL/Synchronized.h(24): error C2065: 'SEM_DELETE_SAFE' : undeclared identifier
     1>C:\Users\T_hics\Documents\GitHub\allwpilib\networktables\cpp\include\OSAL/Synchronized.h(24): error C3861: 'semMCreate': identifier not found
     1>C:\Users\T_hics\Documents\GitHub\allwpilib\networktables\cpp\include\OSAL/Synchronized.h(27): error C2065: 'm_semaphore' : undeclared identifier
     1>C:\Users\T_hics\Documents\GitHub\allwpilib\networktables\cpp\include\OSAL/Synchronized.h(27): error C3861: 'semDelete': identifier not found
     1>C:\Users\T_hics\Documents\GitHub\allwpilib\networktables\cpp\include\OSAL/Synchronized.h(30): error C2065: 'm_semaphore' : undeclared identifier
     1>C:\Users\T_hics\Documents\GitHub\allwpilib\networktables\cpp\include\OSAL/Synchronized.h(30): error C2065: 'WAIT_FOREVER' : undeclared identifier
     1>C:\Users\T_hics\Documents\GitHub\allwpilib\networktables\cpp\include\OSAL/Synchronized.h(30): error C3861: 'semTake': identifier not found
     1>C:\Users\T_hics\Documents\GitHub\allwpilib\networktables\cpp\include\OSAL/Synchronized.h(33): error C2065: 'm_semaphore' : undeclared identifier
     1>C:\Users\T_hics\Documents\GitHub\allwpilib\networktables\cpp\include\OSAL/Synchronized.h(33): error C3861: 'semGive': identifier not found
     1>C:\Users\T_hics\Documents\GitHub\allwpilib\networktables\cpp\include\OSAL/Synchronized.h(83): error C2460: 'NTSynchronized::SEM_ID' : uses 'NTSynchronized', which is being defined
                 C:\Users\T_hics\Documents\GitHub\allwpilib\networktables\cpp\include\OSAL/Synchronized.h(78) : see declaration of 'NTSynchronized'
     1>C:\Users\T_hics\Documents\GitHub\allwpilib\networktables\cpp\include\OSAL/Synchronized.h(83): error C2071: 'NTSynchronized::SEM_ID' : illegal storage class
     1>C:\Users\T_hics\Documents\GitHub\allwpilib\networktables\cpp\include\OSAL/Synchronized.h(90): error C2146: syntax error : missing ';' before identifier 'm_semaphore'
     1>C:\Users\T_hics\Documents\GitHub\allwpilib\networktables\cpp\include\OSAL/Synchronized.h(90): error C4430: missing type specifier - int assumed. Note: C++ does not support default-int
     1>C:\Users\T_hics\Documents\GitHub\allwpilib\networktables\cpp\include\NTErrorBase.h(11): fatal error C1083: Cannot open include file: 'semLib.h': No such file or directory
         AnalogOutput.cpp
     1>C:\Users\T_hics\Documents\GitHub\allwpilib\hal\include\HAL/HAL.hpp(171): error C2146: syntax error : missing ';' before identifier 'size_t'
     1>C:\Users\T_hics\Documents\GitHub\allwpilib\hal\include\HAL/HAL.hpp(171): error C4430: missing type specifier - int assumed. Note: C++ does not support default-int
     1>C:\Users\T_hics\Documents\GitHub\allwpilib\hal\include\HAL/HAL.hpp(172): error C2146: syntax error : missing ';' before identifier 'size_t'
     1>C:\Users\T_hics\Documents\GitHub\allwpilib\hal\include\HAL/HAL.hpp(172): error C4430: missing type specifier - int assumed. Note: C++ does not support default-int
     1>C:\Users\T_hics\Documents\GitHub\allwpilib\hal\include\HAL/HAL.hpp(172): error C2086: 'int constexpr' : redefinition
                 C:\Users\T_hics\Documents\GitHub\allwpilib\hal\include\HAL/HAL.hpp(171) : see declaration of 'constexpr'
     1>C:\Users\T_hics\Documents\GitHub\allwpilib\hal\include\HAL/HAL.hpp(176): error C2057: expected constant expression
     1>C:\Users\T_hics\Documents\GitHub\allwpilib\hal\include\HAL/HAL.hpp(176): warning C4200: nonstandard extension used : zero-sized array in struct/union
                 Cannot generate copy-ctor or copy-assignment operator when UDT contains a zero-sized array
     1>C:\Users\T_hics\Documents\GitHub\allwpilib\hal\include\HAL/HAL.hpp(181): error C2057: expected constant expression
     1>C:\Users\T_hics\Documents\GitHub\allwpilib\hal\include\HAL/HAL.hpp(181): warning C4200: nonstandard extension used : zero-sized array in struct/union
                 Cannot generate copy-ctor or copy-assignment operator when UDT contains a zero-sized array
     1>C:\Users\T_hics\Documents\GitHub\allwpilib\hal\include\HAL/HAL.hpp(194): error C2057: expected constant expression
     1>C:\Users\T_hics\Documents\GitHub\allwpilib\hal\include\HAL/HAL.hpp(194): warning C4200: nonstandard extension used : zero-sized array in struct/union
                 Cannot generate copy-ctor or copy-assignment operator when UDT contains a zero-sized array
     1>C:\Users\T_hics\Documents\GitHub\allwpilib\hal\include\HAL/HAL.hpp(195): error C2229: struct 'HALJoystickDescriptor' has an illegal zero-sized array
     1>C:\Users\T_hics\Documents\GitHub\allwpilib\hal\include\HAL/HAL.hpp(206): error C3861: 'round': identifier not found
     1>C:\Users\T_hics\Documents\GitHub\allwpilib\networktables\cpp\include\OSAL/Synchronized.h(36): error C2146: syntax error : missing ';' before identifier 'm_semaphore'
     1>C:\Users\T_hics\Documents\GitHub\allwpilib\networktables\cpp\include\OSAL/Synchronized.h(36): error C4430: missing type specifier - int assumed. Note: C++ does not support default-int
     1>C:\Users\T_hics\Documents\GitHub\allwpilib\networktables\cpp\include\OSAL/Synchronized.h(24): error C2065: 'm_semaphore' : undeclared identifier
     1>C:\Users\T_hics\Documents\GitHub\allwpilib\networktables\cpp\include\OSAL/Synchronized.h(24): error C2065: 'SEM_Q_PRIORITY' : undeclared identifier
     1>C:\Users\T_hics\Documents\GitHub\allwpilib\networktables\cpp\include\OSAL/Synchronized.h(24): error C2065: 'SEM_INVERSION_SAFE' : undeclared identifier
     1>C:\Users\T_hics\Documents\GitHub\allwpilib\networktables\cpp\include\OSAL/Synchronized.h(24): error C2065: 'SEM_DELETE_SAFE' : undeclared identifier
     1>C:\Users\T_hics\Documents\GitHub\allwpilib\networktables\cpp\include\OSAL/Synchronized.h(24): error C3861: 'semMCreate': identifier not found
     1>C:\Users\T_hics\Documents\GitHub\allwpilib\networktables\cpp\include\OSAL/Synchronized.h(27): error C2065: 'm_semaphore' : undeclared identifier
     1>C:\Users\T_hics\Documents\GitHub\allwpilib\networktables\cpp\include\OSAL/Synchronized.h(27): error C3861: 'semDelete': identifier not found
     1>C:\Users\T_hics\Documents\GitHub\allwpilib\networktables\cpp\include\OSAL/Synchronized.h(30): error C2065: 'm_semaphore' : undeclared identifier
     1>C:\Users\T_hics\Documents\GitHub\allwpilib\networktables\cpp\include\OSAL/Synchronized.h(30): error C2065: 'WAIT_FOREVER' : undeclared identifier
     1>C:\Users\T_hics\Documents\GitHub\allwpilib\networktables\cpp\include\OSAL/Synchronized.h(30): error C3861: 'semTake': identifier not found
     1>C:\Users\T_hics\Documents\GitHub\allwpilib\networktables\cpp\include\OSAL/Synchronized.h(33): error C2065: 'm_semaphore' : undeclared identifier
     1>C:\Users\T_hics\Documents\GitHub\allwpilib\networktables\cpp\include\OSAL/Synchronized.h(33): error C3861: 'semGive': identifier not found
     1>C:\Users\T_hics\Documents\GitHub\allwpilib\networktables\cpp\include\OSAL/Synchronized.h(83): error C2460: 'NTSynchronized::SEM_ID' : uses 'NTSynchronized', which is being defined
                 C:\Users\T_hics\Documents\GitHub\allwpilib\networktables\cpp\include\OSAL/Synchronized.h(78) : see declaration of 'NTSynchronized'
     1>C:\Users\T_hics\Documents\GitHub\allwpilib\networktables\cpp\include\OSAL/Synchronized.h(83): error C2071: 'NTSynchronized::SEM_ID' : illegal storage class
     1>C:\Users\T_hics\Documents\GitHub\allwpilib\networktables\cpp\include\OSAL/Synchronized.h(90): error C2146: syntax error : missing ';' before identifier 'm_semaphore'
     1>C:\Users\T_hics\Documents\GitHub\allwpilib\networktables\cpp\include\OSAL/Synchronized.h(90): error C4430: missing type specifier - int assumed. Note: C++ does not support default-int
     1>C:\Users\T_hics\Documents\GitHub\allwpilib\networktables\cpp\include\NTErrorBase.h(11): fatal error C1083: Cannot open include file: 'semLib.h': No such file or directory
         AnalogPotentiometer.cpp
     1>C:\Users\T_hics\Documents\GitHub\allwpilib\hal\include\HAL/HAL.hpp(171): error C2146: syntax error : missing ';' before identifier 'size_t'
     1>C:\Users\T_hics\Documents\GitHub\allwpilib\hal\include\HAL/HAL.hpp(171): error C4430: missing type specifier - int assumed. Note: C++ does not support default-int
     1>C:\Users\T_hics\Documents\GitHub\allwpilib\hal\include\HAL/HAL.hpp(172): error C2146: syntax error : missing ';' before identifier 'size_t'
     1>C:\Users\T_hics\Documents\GitHub\allwpilib\hal\include\HAL/HAL.hpp(172): error C4430: missing type specifier - int assumed. Note: C++ does not support default-int
     1>C:\Users\T_hics\Documents\GitHub\allwpilib\hal\include\HAL/HAL.hpp(172): error C2086: 'int constexpr' : redefinition
                 C:\Users\T_hics\Documents\GitHub\allwpilib\hal\include\HAL/HAL.hpp(171) : see declaration of 'constexpr'
     1>C:\Users\T_hics\Documents\GitHub\allwpilib\hal\include\HAL/HAL.hpp(176): error C2057: expected constant expression
     1>C:\Users\T_hics\Documents\GitHub\allwpilib\hal\include\HAL/HAL.hpp(176): warning C4200: nonstandard extension used : zero-sized array in struct/union
                 Cannot generate copy-ctor or copy-assignment operator when UDT contains a zero-sized array
     1>C:\Users\T_hics\Documents\GitHub\allwpilib\hal\include\HAL/HAL.hpp(181): error C2057: expected constant expression
     1>C:\Users\T_hics\Documents\GitHub\allwpilib\hal\include\HAL/HAL.hpp(181): warning C4200: nonstandard extension used : zero-sized array in struct/union
                 Cannot generate copy-ctor or copy-assignment operator when UDT contains a zero-sized array
     1>C:\Users\T_hics\Documents\GitHub\allwpilib\hal\include\HAL/HAL.hpp(194): error C2057: expected constant expression
     1>C:\Users\T_hics\Documents\GitHub\allwpilib\hal\include\HAL/HAL.hpp(194): warning C4200: nonstandard extension used : zero-sized array in struct/union
                 Cannot generate copy-ctor or copy-assignment operator when UDT contains a zero-sized array
     1>C:\Users\T_hics\Documents\GitHub\allwpilib\hal\include\HAL/HAL.hpp(195): error C2229: struct 'HALJoystickDescriptor' has an illegal zero-sized array
     1>C:\Users\T_hics\Documents\GitHub\allwpilib\hal\include\HAL/HAL.hpp(206): error C3861: 'round': identifier not found
         AnalogTrigger.cpp
     1>C:\Users\T_hics\Documents\GitHub\allwpilib\hal\include\HAL/HAL.hpp(171): error C2146: syntax error : missing ';' before identifier 'size_t'
     1>C:\Users\T_hics\Documents\GitHub\allwpilib\hal\include\HAL/HAL.hpp(171): error C4430: missing type specifier - int assumed. Note: C++ does not support default-int
     1>C:\Users\T_hics\Documents\GitHub\allwpilib\hal\include\HAL/HAL.hpp(172): error C2146: syntax error : missing ';' before identifier 'size_t'
     1>C:\Users\T_hics\Documents\GitHub\allwpilib\hal\include\HAL/HAL.hpp(172): error C4430: missing type specifier - int assumed. Note: C++ does not support default-int
     1>C:\Users\T_hics\Documents\GitHub\allwpilib\hal\include\HAL/HAL.hpp(172): error C2086: 'int constexpr' : redefinition
                 C:\Users\T_hics\Documents\GitHub\allwpilib\hal\include\HAL/HAL.hpp(171) : see declaration of 'constexpr'
     1>C:\Users\T_hics\Documents\GitHub\allwpilib\hal\include\HAL/HAL.hpp(176): error C2057: expected constant expression
     1>C:\Users\T_hics\Documents\GitHub\allwpilib\hal\include\HAL/HAL.hpp(176): warning C4200: nonstandard extension used : zero-sized array in struct/union
                 Cannot generate copy-ctor or copy-assignment operator when UDT contains a zero-sized array
     1>C:\Users\T_hics\Documents\GitHub\allwpilib\hal\include\HAL/HAL.hpp(181): error C2057: expected constant expression
     1>C:\Users\T_hics\Documents\GitHub\allwpilib\hal\include\HAL/HAL.hpp(181): warning C4200: nonstandard extension used : zero-sized array in struct/union
                 Cannot generate copy-ctor or copy-assignment operator when UDT contains a zero-sized array
     1>C:\Users\T_hics\Documents\GitHub\allwpilib\hal\include\HAL/HAL.hpp(194): error C2057: expected constant expression
     1>C:\Users\T_hics\Documents\GitHub\allwpilib\hal\include\HAL/HAL.hpp(194): warning C4200: nonstandard extension used : zero-sized array in struct/union
                 Cannot generate copy-ctor or copy-assignment operator when UDT contains a zero-sized array
     1>C:\Users\T_hics\Documents\GitHub\allwpilib\hal\include\HAL/HAL.hpp(195): error C2229: struct 'HALJoystickDescriptor' has an illegal zero-sized array
     1>C:\Users\T_hics\Documents\GitHub\allwpilib\hal\include\HAL/HAL.hpp(206): error C3861: 'round': identifier not found
         AnalogTriggerOutput.cpp
     1>C:\Users\T_hics\Documents\GitHub\allwpilib\hal\include\HAL/HAL.hpp(171): error C2146: syntax error : missing ';' before identifier 'size_t'
     1>C:\Users\T_hics\Documents\GitHub\allwpilib\hal\include\HAL/HAL.hpp(171): error C4430: missing type specifier - int assumed. Note: C++ does not support default-int
     1>C:\Users\T_hics\Documents\GitHub\allwpilib\hal\include\HAL/HAL.hpp(172): error C2146: syntax error : missing ';' before identifier 'size_t'
     1>C:\Users\T_hics\Documents\GitHub\allwpilib\hal\include\HAL/HAL.hpp(172): error C4430: missing type specifier - int assumed. Note: C++ does not support default-int
     1>C:\Users\T_hics\Documents\GitHub\allwpilib\hal\include\HAL/HAL.hpp(172): error C2086: 'int constexpr' : redefinition
                 C:\Users\T_hics\Documents\GitHub\allwpilib\hal\include\HAL/HAL.hpp(171) : see declaration of 'constexpr'
     1>C:\Users\T_hics\Documents\GitHub\allwpilib\hal\include\HAL/HAL.hpp(176): error C2057: expected constant expression
     1>C:\Users\T_hics\Documents\GitHub\allwpilib\hal\include\HAL/HAL.hpp(176): warning C4200: nonstandard extension used : zero-sized array in struct/union
                 Cannot generate copy-ctor or copy-assignment operator when UDT contains a zero-sized array
     1>C:\Users\T_hics\Documents\GitHub\allwpilib\hal\include\HAL/HAL.hpp(181): error C2057: expected constant expression
     1>C:\Users\T_hics\Documents\GitHub\allwpilib\hal\include\HAL/HAL.hpp(181): warning C4200: nonstandard extension used : zero-sized array in struct/union
                 Cannot generate copy-ctor or copy-assignment operator when UDT contains a zero-sized array
     1>C:\Users\T_hics\Documents\GitHub\allwpilib\hal\include\HAL/HAL.hpp(194): error C2057: expected constant expression
     1>C:\Users\T_hics\Documents\GitHub\allwpilib\hal\include\HAL/HAL.hpp(194): warning C4200: nonstandard extension used : zero-sized array in struct/union
                 Cannot generate copy-ctor or copy-assignment operator when UDT contains a zero-sized array
     1>C:\Users\T_hics\Documents\GitHub\allwpilib\hal\include\HAL/HAL.hpp(195): error C2229: struct 'HALJoystickDescriptor' has an illegal zero-sized array
     1>C:\Users\T_hics\Documents\GitHub\allwpilib\hal\include\HAL/HAL.hpp(206): error C3861: 'round': identifier not found
         BuiltInAccelerometer.cpp
     1>C:\Users\T_hics\Documents\GitHub\allwpilib\hal\include\HAL/HAL.hpp(206): error C3861: 'round': identifier not found
     1>C:\Users\T_hics\Documents\GitHub\allwpilib\networktables\cpp\include\OSAL/Synchronized.h(36): error C2146: syntax error : missing ';' before identifier 'm_semaphore'
     1>C:\Users\T_hics\Documents\GitHub\allwpilib\networktables\cpp\include\OSAL/Synchronized.h(36): error C4430: missing type specifier - int assumed. Note: C++ does not support default-int
     1>C:\Users\T_hics\Documents\GitHub\allwpilib\networktables\cpp\include\OSAL/Synchronized.h(24): error C2065: 'm_semaphore' : undeclared identifier
     1>C:\Users\T_hics\Documents\GitHub\allwpilib\networktables\cpp\include\OSAL/Synchronized.h(24): error C2065: 'SEM_Q_PRIORITY' : undeclared identifier
     1>C:\Users\T_hics\Documents\GitHub\allwpilib\networktables\cpp\include\OSAL/Synchronized.h(24): error C2065: 'SEM_INVERSION_SAFE' : undeclared identifier
     1>C:\Users\T_hics\Documents\GitHub\allwpilib\networktables\cpp\include\OSAL/Synchronized.h(24): error C2065: 'SEM_DELETE_SAFE' : undeclared identifier
     1>C:\Users\T_hics\Documents\GitHub\allwpilib\networktables\cpp\include\OSAL/Synchronized.h(24): error C3861: 'semMCreate': identifier not found
     1>C:\Users\T_hics\Documents\GitHub\allwpilib\networktables\cpp\include\OSAL/Synchronized.h(27): error C2065: 'm_semaphore' : undeclared identifier
     1>C:\Users\T_hics\Documents\GitHub\allwpilib\networktables\cpp\include\OSAL/Synchronized.h(27): error C3861: 'semDelete': identifier not found
     1>C:\Users\T_hics\Documents\GitHub\allwpilib\networktables\cpp\include\OSAL/Synchronized.h(30): error C2065: 'm_semaphore' : undeclared identifier
     1>C:\Users\T_hics\Documents\GitHub\allwpilib\networktables\cpp\include\OSAL/Synchronized.h(30): error C2065: 'WAIT_FOREVER' : undeclared identifier
     1>C:\Users\T_hics\Documents\GitHub\allwpilib\networktables\cpp\include\OSAL/Synchronized.h(30): error C3861: 'semTake': identifier not found
     1>C:\Users\T_hics\Documents\GitHub\allwpilib\networktables\cpp\include\OSAL/Synchronized.h(33): error C2065: 'm_semaphore' : undeclared identifier
     1>C:\Users\T_hics\Documents\GitHub\allwpilib\networktables\cpp\include\OSAL/Synchronized.h(33): error C3861: 'semGive': identifier not found
     1>C:\Users\T_hics\Documents\GitHub\allwpilib\networktables\cpp\include\OSAL/Synchronized.h(83): error C2460: 'NTSynchronized::SEM_ID' : uses 'NTSynchronized', which is being defined
                 C:\Users\T_hics\Documents\GitHub\allwpilib\networktables\cpp\include\OSAL/Synchronized.h(78) : see declaration of 'NTSynchronized'
     1>C:\Users\T_hics\Documents\GitHub\allwpilib\networktables\cpp\include\OSAL/Synchronized.h(83): error C2071: 'NTSynchronized::SEM_ID' : illegal storage class
     1>C:\Users\T_hics\Documents\GitHub\allwpilib\networktables\cpp\include\OSAL/Synchronized.h(90): error C2146: syntax error : missing ';' before identifier 'm_semaphore'
     1>C:\Users\T_hics\Documents\GitHub\allwpilib\networktables\cpp\include\OSAL/Synchronized.h(90): error C4430: missing type specifier - int assumed. Note: C++ does not support default-int
     1>C:\Users\T_hics\Documents\GitHub\allwpilib\networktables\cpp\include\NTErrorBase.h(11): fatal error C1083: Cannot open include file: 'semLib.h': No such file or directory
         CameraServer.cpp
     1>c:\users\t_hics\documents\github\allwpilib\wpilibc\wpilibc++devices\include\USBCamera.h(26): warning C4114: same type qualifier used more than once
     1>c:\users\t_hics\documents\github\allwpilib\wpilibc\wpilibc++devices\include\USBCamera.h(26): error C2864: 'USBCamera::ATTR_WB_MODE' : only static const integral data members can be initialized within a class
     1>c:\users\t_hics\documents\github\allwpilib\wpilibc\wpilibc++devices\include\USBCamera.h(27): warning C4114: same type qualifier used more than once
     1>c:\users\t_hics\documents\github\allwpilib\wpilibc\wpilibc++devices\include\USBCamera.h(27): error C2864: 'USBCamera::ATTR_WB_VALUE' : only static const integral data members can be initialized within a class
     1>c:\users\t_hics\documents\github\allwpilib\wpilibc\wpilibc++devices\include\USBCamera.h(28): warning C4114: same type qualifier used more than once
     1>c:\users\t_hics\documents\github\allwpilib\wpilibc\wpilibc++devices\include\USBCamera.h(28): error C2864: 'USBCamera::ATTR_EX_MODE' : only static const integral data members can be initialized within a class
     1>c:\users\t_hics\documents\github\allwpilib\wpilibc\wpilibc++devices\include\USBCamera.h(29): warning C4114: same type qualifier used more than once
     1>c:\users\t_hics\documents\github\allwpilib\wpilibc\wpilibc++devices\include\USBCamera.h(29): error C2864: 'USBCamera::ATTR_EX_VALUE' : only static const integral data members can be initialized within a class
     1>c:\users\t_hics\documents\github\allwpilib\wpilibc\wpilibc++devices\include\USBCamera.h(30): warning C4114: same type qualifier used more than once
     1>c:\users\t_hics\documents\github\allwpilib\wpilibc\wpilibc++devices\include\USBCamera.h(30): error C2864: 'USBCamera::ATTR_BR_MODE' : only static const integral data members can be initialized within a class
     1>c:\users\t_hics\documents\github\allwpilib\wpilibc\wpilibc++devices\include\USBCamera.h(31): warning C4114: same type qualifier used more than once
     1>c:\users\t_hics\documents\github\allwpilib\wpilibc\wpilibc++devices\include\USBCamera.h(31): error C2864: 'USBCamera::ATTR_BR_VALUE' : only static const integral data members can be initialized within a class
     1>c:\users\t_hics\documents\github\allwpilib\wpilibc\wpilibc++devices\include\USBCamera.h(57): warning C4114: same type qualifier used more than once
     1>c:\users\t_hics\documents\github\allwpilib\wpilibc\wpilibc++devices\include\USBCamera.h(57): error C2864: 'USBCamera::kDefaultCameraName' : only static const integral data members can be initialized within a class
     1>C:\Users\T_hics\Documents\GitHub\allwpilib\wpilibc\wpilibC++Devices\include\CameraServer.h(24): error C2059: syntax error : '{'
     1>C:\Users\T_hics\Documents\GitHub\allwpilib\wpilibc\wpilibC++Devices\include\CameraServer.h(24): error C2334: unexpected token(s) preceding '{'; skipping apparent function body
     1>C:\Users\T_hics\Documents\GitHub\allwpilib\wpilibc\wpilibC++Devices\src\CameraServer.cpp(8): fatal error C1083: Cannot open include file: 'sys/socket.h': No such file or directory
         CANJaguar.cpp
     1>C:\Users\T_hics\Documents\GitHub\allwpilib\hal\include\HAL/HAL.hpp(206): error C3861: 'round': identifier not found
     1>C:\Users\T_hics\Documents\GitHub\allwpilib\wpilibc\wpilibC++Devices\include\CANJaguar.h(34): error C2864: 'CANJaguar::kApproxBusVoltage' : only static const integral data members can be initialized within a class
     1>C:\Users\T_hics\Documents\GitHub\allwpilib\wpilibc\wpilibC++\include\Timer.h(40): error C2864: 'Timer::kRolloverTime' : only static const integral data members can be initialized within a class
     1>C:\Users\T_hics\Documents\GitHub\allwpilib\networktables\cpp\include\OSAL/Synchronized.h(36): error C2146: syntax error : missing ';' before identifier 'm_semaphore'
     1>C:\Users\T_hics\Documents\GitHub\allwpilib\networktables\cpp\include\OSAL/Synchronized.h(36): error C4430: missing type specifier - int assumed. Note: C++ does not support default-int
     1>C:\Users\T_hics\Documents\GitHub\allwpilib\networktables\cpp\include\OSAL/Synchronized.h(24): error C2065: 'm_semaphore' : undeclared identifier
     1>C:\Users\T_hics\Documents\GitHub\allwpilib\networktables\cpp\include\OSAL/Synchronized.h(24): error C2065: 'SEM_Q_PRIORITY' : undeclared identifier
     1>C:\Users\T_hics\Documents\GitHub\allwpilib\networktables\cpp\include\OSAL/Synchronized.h(24): error C2065: 'SEM_INVERSION_SAFE' : undeclared identifier
     1>C:\Users\T_hics\Documents\GitHub\allwpilib\networktables\cpp\include\OSAL/Synchronized.h(24): error C2065: 'SEM_DELETE_SAFE' : undeclared identifier
     1>C:\Users\T_hics\Documents\GitHub\allwpilib\networktables\cpp\include\OSAL/Synchronized.h(24): error C3861: 'semMCreate': identifier not found
     1>C:\Users\T_hics\Documents\GitHub\allwpilib\networktables\cpp\include\OSAL/Synchronized.h(27): error C2065: 'm_semaphore' : undeclared identifier
     1>C:\Users\T_hics\Documents\GitHub\allwpilib\networktables\cpp\include\OSAL/Synchronized.h(27): error C3861: 'semDelete': identifier not found
     1>C:\Users\T_hics\Documents\GitHub\allwpilib\networktables\cpp\include\OSAL/Synchronized.h(30): error C2065: 'm_semaphore' : undeclared identifier
     1>C:\Users\T_hics\Documents\GitHub\allwpilib\networktables\cpp\include\OSAL/Synchronized.h(30): error C2065: 'WAIT_FOREVER' : undeclared identifier
     1>C:\Users\T_hics\Documents\GitHub\allwpilib\networktables\cpp\include\OSAL/Synchronized.h(30): error C3861: 'semTake': identifier not found
     1>C:\Users\T_hics\Documents\GitHub\allwpilib\networktables\cpp\include\OSAL/Synchronized.h(33): error C2065: 'm_semaphore' : undeclared identifier
     1>C:\Users\T_hics\Documents\GitHub\allwpilib\networktables\cpp\include\OSAL/Synchronized.h(33): error C3861: 'semGive': identifier not found
     1>C:\Users\T_hics\Documents\GitHub\allwpilib\networktables\cpp\include\OSAL/Synchronized.h(83): error C2460: 'NTSynchronized::SEM_ID' : uses 'NTSynchronized', which is being defined
                 C:\Users\T_hics\Documents\GitHub\allwpilib\networktables\cpp\include\OSAL/Synchronized.h(78) : see declaration of 'NTSynchronized'
     1>C:\Users\T_hics\Documents\GitHub\allwpilib\networktables\cpp\include\OSAL/Synchronized.h(83): error C2071: 'NTSynchronized::SEM_ID' : illegal storage class
     1>C:\Users\T_hics\Documents\GitHub\allwpilib\networktables\cpp\include\OSAL/Synchronized.h(90): error C2146: syntax error : missing ';' before identifier 'm_semaphore'
     1>C:\Users\T_hics\Documents\GitHub\allwpilib\networktables\cpp\include\OSAL/Synchronized.h(90): error C4430: missing type specifier - int assumed. Note: C++ does not support default-int
     1>C:\Users\T_hics\Documents\GitHub\allwpilib\networktables\cpp\include\NTErrorBase.h(11): fatal error C1083: Cannot open include file: 'semLib.h': No such file or directory
         CANTalon.cpp
     1>c:\users\t_hics\documents\github\allwpilib\wpilibc\wpilibc++devices\include\PWM.h(70): error C2864: 'PWM::kDefaultPwmPeriod' : only static const integral data members can be initialized within a class
     1>c:\users\t_hics\documents\github\allwpilib\wpilibc\wpilibc++devices\include\PWM.h(74): error C2864: 'PWM::kDefaultPwmCenter' : only static const integral data members can be initialized within a class
     1>C:\Users\T_hics\Documents\GitHub\allwpilib\hal\include\HAL/HAL.hpp(206): error C3861: 'round': identifier not found
     1>c:\users\t_hics\documents\github\allwpilib\wpilibc\wpilibc++devices\include\ctre\CtreCanNode.h(8): fatal error C1083: Cannot open include file: 'sys/time.h': No such file or directory
         Compressor.cpp
     1>C:\Users\T_hics\Documents\GitHub\allwpilib\hal\include\HAL/HAL.hpp(171): error C2146: syntax error : missing ';' before identifier 'size_t'
     1>C:\Users\T_hics\Documents\GitHub\allwpilib\hal\include\HAL/HAL.hpp(171): error C4430: missing type specifier - int assumed. Note: C++ does not support default-int
     1>C:\Users\T_hics\Documents\GitHub\allwpilib\hal\include\HAL/HAL.hpp(172): error C2146: syntax error : missing ';' before identifier 'size_t'
     1>C:\Users\T_hics\Documents\GitHub\allwpilib\hal\include\HAL/HAL.hpp(172): error C4430: missing type specifier - int assumed. Note: C++ does not support default-int
     1>C:\Users\T_hics\Documents\GitHub\allwpilib\hal\include\HAL/HAL.hpp(172): error C2086: 'int constexpr' : redefinition
                 C:\Users\T_hics\Documents\GitHub\allwpilib\hal\include\HAL/HAL.hpp(171) : see declaration of 'constexpr'
     1>C:\Users\T_hics\Documents\GitHub\allwpilib\hal\include\HAL/HAL.hpp(176): error C2057: expected constant expression
     1>C:\Users\T_hics\Documents\GitHub\allwpilib\hal\include\HAL/HAL.hpp(176): warning C4200: nonstandard extension used : zero-sized array in struct/union
                 Cannot generate copy-ctor or copy-assignment operator when UDT contains a zero-sized array
     1>C:\Users\T_hics\Documents\GitHub\allwpilib\hal\include\HAL/HAL.hpp(181): error C2057: expected constant expression
     1>C:\Users\T_hics\Documents\GitHub\allwpilib\hal\include\HAL/HAL.hpp(181): warning C4200: nonstandard extension used : zero-sized array in struct/union
                 Cannot generate copy-ctor or copy-assignment operator when UDT contains a zero-sized array
     1>C:\Users\T_hics\Documents\GitHub\allwpilib\hal\include\HAL/HAL.hpp(194): error C2057: expected constant expression
     1>C:\Users\T_hics\Documents\GitHub\allwpilib\hal\include\HAL/HAL.hpp(194): warning C4200: nonstandard extension used : zero-sized array in struct/union
                 Cannot generate copy-ctor or copy-assignment operator when UDT contains a zero-sized array
     1>C:\Users\T_hics\Documents\GitHub\allwpilib\hal\include\HAL/HAL.hpp(195): error C2229: struct 'HALJoystickDescriptor' has an illegal zero-sized array
     1>C:\Users\T_hics\Documents\GitHub\allwpilib\hal\include\HAL/HAL.hpp(206): error C3861: 'round': identifier not found
         ControllerPower.cpp
     1>C:\Users\T_hics\Documents\GitHub\allwpilib\hal\include\HAL/HAL.hpp(171): error C2146: syntax error : missing ';' before identifier 'size_t'
     1>C:\Users\T_hics\Documents\GitHub\allwpilib\hal\include\HAL/HAL.hpp(171): error C4430: missing type specifier - int assumed. Note: C++ does not support default-int
     1>C:\Users\T_hics\Documents\GitHub\allwpilib\hal\include\HAL/HAL.hpp(172): error C2146: syntax error : missing ';' before identifier 'size_t'
     1>C:\Users\T_hics\Documents\GitHub\allwpilib\hal\include\HAL/HAL.hpp(172): error C4430: missing type specifier - int assumed. Note: C++ does not support default-int
     1>C:\Users\T_hics\Documents\GitHub\allwpilib\hal\include\HAL/HAL.hpp(172): error C2086: 'int constexpr' : redefinition
                 C:\Users\T_hics\Documents\GitHub\allwpilib\hal\include\HAL/HAL.hpp(171) : see declaration of 'constexpr'
     1>C:\Users\T_hics\Documents\GitHub\allwpilib\hal\include\HAL/HAL.hpp(176): error C2057: expected constant expression
     1>C:\Users\T_hics\Documents\GitHub\allwpilib\hal\include\HAL/HAL.hpp(176): warning C4200: nonstandard extension used : zero-sized array in struct/union
                 Cannot generate copy-ctor or copy-assignment operator when UDT contains a zero-sized array
     1>C:\Users\T_hics\Documents\GitHub\allwpilib\hal\include\HAL/HAL.hpp(181): error C2057: expected constant expression
     1>C:\Users\T_hics\Documents\GitHub\allwpilib\hal\include\HAL/HAL.hpp(181): warning C4200: nonstandard extension used : zero-sized array in struct/union
                 Cannot generate copy-ctor or copy-assignment operator when UDT contains a zero-sized array
     1>C:\Users\T_hics\Documents\GitHub\allwpilib\hal\include\HAL/HAL.hpp(194): error C2057: expected constant expression
     1>C:\Users\T_hics\Documents\GitHub\allwpilib\hal\include\HAL/HAL.hpp(194): warning C4200: nonstandard extension used : zero-sized array in struct/union
                 Cannot generate copy-ctor or copy-assignment operator when UDT contains a zero-sized array
     1>C:\Users\T_hics\Documents\GitHub\allwpilib\hal\include\HAL/HAL.hpp(195): error C2229: struct 'HALJoystickDescriptor' has an illegal zero-sized array
     1>C:\Users\T_hics\Documents\GitHub\allwpilib\hal\include\HAL/HAL.hpp(206): error C3861: 'round': identifier not found
         Counter.cpp
     1>C:\Users\T_hics\Documents\GitHub\allwpilib\hal\include\HAL/HAL.hpp(171): error C2146: syntax error : missing ';' before identifier 'size_t'
     1>C:\Users\T_hics\Documents\GitHub\allwpilib\hal\include\HAL/HAL.hpp(171): error C4430: missing type specifier - int assumed. Note: C++ does not support default-int
     1>C:\Users\T_hics\Documents\GitHub\allwpilib\hal\include\HAL/HAL.hpp(172): error C2146: syntax error : missing ';' before identifier 'size_t'
     1>C:\Users\T_hics\Documents\GitHub\allwpilib\hal\include\HAL/HAL.hpp(172): error C4430: missing type specifier - int assumed. Note: C++ does not support default-int
     1>C:\Users\T_hics\Documents\GitHub\allwpilib\hal\include\HAL/HAL.hpp(172): error C2086: 'int constexpr' : redefinition
                 C:\Users\T_hics\Documents\GitHub\allwpilib\hal\include\HAL/HAL.hpp(171) : see declaration of 'constexpr'
     1>C:\Users\T_hics\Documents\GitHub\allwpilib\hal\include\HAL/HAL.hpp(176): error C2057: expected constant expression
     1>C:\Users\T_hics\Documents\GitHub\allwpilib\hal\include\HAL/HAL.hpp(176): warning C4200: nonstandard extension used : zero-sized array in struct/union
                 Cannot generate copy-ctor or copy-assignment operator when UDT contains a zero-sized array
     1>C:\Users\T_hics\Documents\GitHub\allwpilib\hal\include\HAL/HAL.hpp(181): error C2057: expected constant expression
     1>C:\Users\T_hics\Documents\GitHub\allwpilib\hal\include\HAL/HAL.hpp(181): warning C4200: nonstandard extension used : zero-sized array in struct/union
                 Cannot generate copy-ctor or copy-assignment operator when UDT contains a zero-sized array
     1>C:\Users\T_hics\Documents\GitHub\allwpilib\hal\include\HAL/HAL.hpp(194): error C2057: expected constant expression
     1>C:\Users\T_hics\Documents\GitHub\allwpilib\hal\include\HAL/HAL.hpp(194): warning C4200: nonstandard extension used : zero-sized array in struct/union
                 Cannot generate copy-ctor or copy-assignment operator when UDT contains a zero-sized array
     1>C:\Users\T_hics\Documents\GitHub\allwpilib\hal\include\HAL/HAL.hpp(195): error C2229: struct 'HALJoystickDescriptor' has an illegal zero-sized array
     1>C:\Users\T_hics\Documents\GitHub\allwpilib\hal\include\HAL/HAL.hpp(206): error C3861: 'round': identifier not found
         DigitalInput.cpp
     1>C:\Users\T_hics\Documents\GitHub\allwpilib\hal\include\HAL/HAL.hpp(171): error C2146: syntax error : missing ';' before identifier 'size_t'
     1>C:\Users\T_hics\Documents\GitHub\allwpilib\hal\include\HAL/HAL.hpp(171): error C4430: missing type specifier - int assumed. Note: C++ does not support default-int
     1>C:\Users\T_hics\Documents\GitHub\allwpilib\hal\include\HAL/HAL.hpp(172): error C2146: syntax error : missing ';' before identifier 'size_t'
     1>C:\Users\T_hics\Documents\GitHub\allwpilib\hal\include\HAL/HAL.hpp(172): error C4430: missing type specifier - int assumed. Note: C++ does not support default-int
     1>C:\Users\T_hics\Documents\GitHub\allwpilib\hal\include\HAL/HAL.hpp(172): error C2086: 'int constexpr' : redefinition
                 C:\Users\T_hics\Documents\GitHub\allwpilib\hal\include\HAL/HAL.hpp(171) : see declaration of 'constexpr'
     1>C:\Users\T_hics\Documents\GitHub\allwpilib\hal\include\HAL/HAL.hpp(176): error C2057: expected constant expression
     1>C:\Users\T_hics\Documents\GitHub\allwpilib\hal\include\HAL/HAL.hpp(176): warning C4200: nonstandard extension used : zero-sized array in struct/union
                 Cannot generate copy-ctor or copy-assignment operator when UDT contains a zero-sized array
     1>C:\Users\T_hics\Documents\GitHub\allwpilib\hal\include\HAL/HAL.hpp(181): error C2057: expected constant expression
     1>C:\Users\T_hics\Documents\GitHub\allwpilib\hal\include\HAL/HAL.hpp(181): warning C4200: nonstandard extension used : zero-sized array in struct/union
                 Cannot generate copy-ctor or copy-assignment operator when UDT contains a zero-sized array
     1>C:\Users\T_hics\Documents\GitHub\allwpilib\hal\include\HAL/HAL.hpp(194): error C2057: expected constant expression
     1>C:\Users\T_hics\Documents\GitHub\allwpilib\hal\include\HAL/HAL.hpp(194): warning C4200: nonstandard extension used : zero-sized array in struct/union
                 Cannot generate copy-ctor or copy-assignment operator when UDT contains a zero-sized array
     1>C:\Users\T_hics\Documents\GitHub\allwpilib\hal\include\HAL/HAL.hpp(195): error C2229: struct 'HALJoystickDescriptor' has an illegal zero-sized array
     1>C:\Users\T_hics\Documents\GitHub\allwpilib\hal\include\HAL/HAL.hpp(206): error C3861: 'round': identifier not found
     1>C:\Users\T_hics\Documents\GitHub\allwpilib\networktables\cpp\include\OSAL/Synchronized.h(36): error C2146: syntax error : missing ';' before identifier 'm_semaphore'
     1>C:\Users\T_hics\Documents\GitHub\allwpilib\networktables\cpp\include\OSAL/Synchronized.h(36): error C4430: missing type specifier - int assumed. Note: C++ does not support default-int
     1>C:\Users\T_hics\Documents\GitHub\allwpilib\networktables\cpp\include\OSAL/Synchronized.h(24): error C2065: 'm_semaphore' : undeclared identifier
     1>C:\Users\T_hics\Documents\GitHub\allwpilib\networktables\cpp\include\OSAL/Synchronized.h(24): error C2065: 'SEM_Q_PRIORITY' : undeclared identifier
     1>C:\Users\T_hics\Documents\GitHub\allwpilib\networktables\cpp\include\OSAL/Synchronized.h(24): error C2065: 'SEM_INVERSION_SAFE' : undeclared identifier
     1>C:\Users\T_hics\Documents\GitHub\allwpilib\networktables\cpp\include\OSAL/Synchronized.h(24): error C2065: 'SEM_DELETE_SAFE' : undeclared identifier
     1>C:\Users\T_hics\Documents\GitHub\allwpilib\networktables\cpp\include\OSAL/Synchronized.h(24): error C3861: 'semMCreate': identifier not found
     1>C:\Users\T_hics\Documents\GitHub\allwpilib\networktables\cpp\include\OSAL/Synchronized.h(27): error C2065: 'm_semaphore' : undeclared identifier
     1>C:\Users\T_hics\Documents\GitHub\allwpilib\networktables\cpp\include\OSAL/Synchronized.h(27): error C3861: 'semDelete': identifier not found
     1>C:\Users\T_hics\Documents\GitHub\allwpilib\networktables\cpp\include\OSAL/Synchronized.h(30): error C2065: 'm_semaphore' : undeclared identifier
     1>C:\Users\T_hics\Documents\GitHub\allwpilib\networktables\cpp\include\OSAL/Synchronized.h(30): error C2065: 'WAIT_FOREVER' : undeclared identifier
     1>C:\Users\T_hics\Documents\GitHub\allwpilib\networktables\cpp\include\OSAL/Synchronized.h(30): error C3861: 'semTake': identifier not found
     1>C:\Users\T_hics\Documents\GitHub\allwpilib\networktables\cpp\include\OSAL/Synchronized.h(33): error C2065: 'm_semaphore' : undeclared identifier
     1>C:\Users\T_hics\Documents\GitHub\allwpilib\networktables\cpp\include\OSAL/Synchronized.h(33): error C3861: 'semGive': identifier not found
     1>C:\Users\T_hics\Documents\GitHub\allwpilib\networktables\cpp\include\OSAL/Synchronized.h(83): error C2460: 'NTSynchronized::SEM_ID' : uses 'NTSynchronized', which is being defined
                 C:\Users\T_hics\Documents\GitHub\allwpilib\networktables\cpp\include\OSAL/Synchronized.h(78) : see declaration of 'NTSynchronized'
     1>C:\Users\T_hics\Documents\GitHub\allwpilib\networktables\cpp\include\OSAL/Synchronized.h(83): error C2071: 'NTSynchronized::SEM_ID' : illegal storage class
     1>C:\Users\T_hics\Documents\GitHub\allwpilib\networktables\cpp\include\OSAL/Synchronized.h(90): error C2146: syntax error : missing ';' before identifier 'm_semaphore'
     1>C:\Users\T_hics\Documents\GitHub\allwpilib\networktables\cpp\include\OSAL/Synchronized.h(90): error C4430: missing type specifier - int assumed. Note: C++ does not support default-int
     1>C:\Users\T_hics\Documents\GitHub\allwpilib\networktables\cpp\include\NTErrorBase.h(11): fatal error C1083: Cannot open include file: 'semLib.h': No such file or directory
         DigitalOutput.cpp
     1>C:\Users\T_hics\Documents\GitHub\allwpilib\hal\include\HAL/HAL.hpp(171): error C2146: syntax error : missing ';' before identifier 'size_t'
     1>C:\Users\T_hics\Documents\GitHub\allwpilib\hal\include\HAL/HAL.hpp(171): error C4430: missing type specifier - int assumed. Note: C++ does not support default-int
     1>C:\Users\T_hics\Documents\GitHub\allwpilib\hal\include\HAL/HAL.hpp(172): error C2146: syntax error : missing ';' before identifier 'size_t'
     1>C:\Users\T_hics\Documents\GitHub\allwpilib\hal\include\HAL/HAL.hpp(172): error C4430: missing type specifier - int assumed. Note: C++ does not support default-int
     1>C:\Users\T_hics\Documents\GitHub\allwpilib\hal\include\HAL/HAL.hpp(172): error C2086: 'int constexpr' : redefinition
                 C:\Users\T_hics\Documents\GitHub\allwpilib\hal\include\HAL/HAL.hpp(171) : see declaration of 'constexpr'
     1>C:\Users\T_hics\Documents\GitHub\allwpilib\hal\include\HAL/HAL.hpp(176): error C2057: expected constant expression
     1>C:\Users\T_hics\Documents\GitHub\allwpilib\hal\include\HAL/HAL.hpp(176): warning C4200: nonstandard extension used : zero-sized array in struct/union
                 Cannot generate copy-ctor or copy-assignment operator when UDT contains a zero-sized array
     1>C:\Users\T_hics\Documents\GitHub\allwpilib\hal\include\HAL/HAL.hpp(181): error C2057: expected constant expression
     1>C:\Users\T_hics\Documents\GitHub\allwpilib\hal\include\HAL/HAL.hpp(181): warning C4200: nonstandard extension used : zero-sized array in struct/union
                 Cannot generate copy-ctor or copy-assignment operator when UDT contains a zero-sized array
     1>C:\Users\T_hics\Documents\GitHub\allwpilib\hal\include\HAL/HAL.hpp(194): error C2057: expected constant expression
     1>C:\Users\T_hics\Documents\GitHub\allwpilib\hal\include\HAL/HAL.hpp(194): warning C4200: nonstandard extension used : zero-sized array in struct/union
                 Cannot generate copy-ctor or copy-assignment operator when UDT contains a zero-sized array
     1>C:\Users\T_hics\Documents\GitHub\allwpilib\hal\include\HAL/HAL.hpp(195): error C2229: struct 'HALJoystickDescriptor' has an illegal zero-sized array
     1>C:\Users\T_hics\Documents\GitHub\allwpilib\hal\include\HAL/HAL.hpp(206): error C3861: 'round': identifier not found
     1>C:\Users\T_hics\Documents\GitHub\allwpilib\wpilibc\wpilibC++Devices\src\DigitalOutput.cpp(24): error C3861: 'snprintf': identifier not found
         DigitalSource.cpp
     1>C:\Users\T_hics\Documents\GitHub\allwpilib\hal\include\HAL/HAL.hpp(171): error C2146: syntax error : missing ';' before identifier 'size_t'
     1>C:\Users\T_hics\Documents\GitHub\allwpilib\hal\include\HAL/HAL.hpp(171): error C4430: missing type specifier - int assumed. Note: C++ does not support default-int
     1>C:\Users\T_hics\Documents\GitHub\allwpilib\hal\include\HAL/HAL.hpp(172): error C2146: syntax error : missing ';' before identifier 'size_t'
     1>C:\Users\T_hics\Documents\GitHub\allwpilib\hal\include\HAL/HAL.hpp(172): error C4430: missing type specifier - int assumed. Note: C++ does not support default-int
     1>C:\Users\T_hics\Documents\GitHub\allwpilib\hal\include\HAL/HAL.hpp(172): error C2086: 'int constexpr' : redefinition
                 C:\Users\T_hics\Documents\GitHub\allwpilib\hal\include\HAL/HAL.hpp(171) : see declaration of 'constexpr'
     1>C:\Users\T_hics\Documents\GitHub\allwpilib\hal\include\HAL/HAL.hpp(176): error C2057: expected constant expression
     1>C:\Users\T_hics\Documents\GitHub\allwpilib\hal\include\HAL/HAL.hpp(176): warning C4200: nonstandard extension used : zero-sized array in struct/union
                 Cannot generate copy-ctor or copy-assignment operator when UDT contains a zero-sized array
     1>C:\Users\T_hics\Documents\GitHub\allwpilib\hal\include\HAL/HAL.hpp(181): error C2057: expected constant expression
     1>C:\Users\T_hics\Documents\GitHub\allwpilib\hal\include\HAL/HAL.hpp(181): warning C4200: nonstandard extension used : zero-sized array in struct/union
                 Cannot generate copy-ctor or copy-assignment operator when UDT contains a zero-sized array
     1>C:\Users\T_hics\Documents\GitHub\allwpilib\hal\include\HAL/HAL.hpp(194): error C2057: expected constant expression
     1>C:\Users\T_hics\Documents\GitHub\allwpilib\hal\include\HAL/HAL.hpp(194): warning C4200: nonstandard extension used : zero-sized array in struct/union
                 Cannot generate copy-ctor or copy-assignment operator when UDT contains a zero-sized array
     1>C:\Users\T_hics\Documents\GitHub\allwpilib\hal\include\HAL/HAL.hpp(195): error C2229: struct 'HALJoystickDescriptor' has an illegal zero-sized array
     1>C:\Users\T_hics\Documents\GitHub\allwpilib\hal\include\HAL/HAL.hpp(206): error C3861: 'round': identifier not found
         DoubleSolenoid.cpp
     1>C:\Users\T_hics\Documents\GitHub\allwpilib\hal\include\HAL/HAL.hpp(206): error C3861: 'round': identifier not found
     1>C:\Users\T_hics\Documents\GitHub\allwpilib\networktables\cpp\include\OSAL/Synchronized.h(36): error C2146: syntax error : missing ';' before identifier 'm_semaphore'
     1>C:\Users\T_hics\Documents\GitHub\allwpilib\networktables\cpp\include\OSAL/Synchronized.h(36): error C4430: missing type specifier - int assumed. Note: C++ does not support default-int
     1>C:\Users\T_hics\Documents\GitHub\allwpilib\networktables\cpp\include\OSAL/Synchronized.h(24): error C2065: 'm_semaphore' : undeclared identifier
     1>C:\Users\T_hics\Documents\GitHub\allwpilib\networktables\cpp\include\OSAL/Synchronized.h(24): error C2065: 'SEM_Q_PRIORITY' : undeclared identifier
     1>C:\Users\T_hics\Documents\GitHub\allwpilib\networktables\cpp\include\OSAL/Synchronized.h(24): error C2065: 'SEM_INVERSION_SAFE' : undeclared identifier
     1>C:\Users\T_hics\Documents\GitHub\allwpilib\networktables\cpp\include\OSAL/Synchronized.h(24): error C2065: 'SEM_DELETE_SAFE' : undeclared identifier
     1>C:\Users\T_hics\Documents\GitHub\allwpilib\networktables\cpp\include\OSAL/Synchronized.h(24): error C3861: 'semMCreate': identifier not found
     1>C:\Users\T_hics\Documents\GitHub\allwpilib\networktables\cpp\include\OSAL/Synchronized.h(27): error C2065: 'm_semaphore' : undeclared identifier
     1>C:\Users\T_hics\Documents\GitHub\allwpilib\networktables\cpp\include\OSAL/Synchronized.h(27): error C3861: 'semDelete': identifier not found
     1>C:\Users\T_hics\Documents\GitHub\allwpilib\networktables\cpp\include\OSAL/Synchronized.h(30): error C2065: 'm_semaphore' : undeclared identifier
     1>C:\Users\T_hics\Documents\GitHub\allwpilib\networktables\cpp\include\OSAL/Synchronized.h(30): error C2065: 'WAIT_FOREVER' : undeclared identifier
     1>C:\Users\T_hics\Documents\GitHub\allwpilib\networktables\cpp\include\OSAL/Synchronized.h(30): error C3861: 'semTake': identifier not found
     1>C:\Users\T_hics\Documents\GitHub\allwpilib\networktables\cpp\include\OSAL/Synchronized.h(33): error C2065: 'm_semaphore' : undeclared identifier
     1>C:\Users\T_hics\Documents\GitHub\allwpilib\networktables\cpp\include\OSAL/Synchronized.h(33): error C3861: 'semGive': identifier not found
     1>C:\Users\T_hics\Documents\GitHub\allwpilib\networktables\cpp\include\OSAL/Synchronized.h(83): error C2460: 'NTSynchronized::SEM_ID' : uses 'NTSynchronized', which is being defined
                 C:\Users\T_hics\Documents\GitHub\allwpilib\networktables\cpp\include\OSAL/Synchronized.h(78) : see declaration of 'NTSynchronized'
     1>C:\Users\T_hics\Documents\GitHub\allwpilib\networktables\cpp\include\OSAL/Synchronized.h(83): error C2071: 'NTSynchronized::SEM_ID' : illegal storage class
     1>C:\Users\T_hics\Documents\GitHub\allwpilib\networktables\cpp\include\OSAL/Synchronized.h(90): error C2146: syntax error : missing ';' before identifier 'm_semaphore'
     1>C:\Users\T_hics\Documents\GitHub\allwpilib\networktables\cpp\include\OSAL/Synchronized.h(90): error C4430: missing type specifier - int assumed. Note: C++ does not support default-int
     1>C:\Users\T_hics\Documents\GitHub\allwpilib\networktables\cpp\include\NTErrorBase.h(11): fatal error C1083: Cannot open include file: 'semLib.h': No such file or directory
         DriverStation.cpp
     1>C:\Users\T_hics\Documents\GitHub\allwpilib\hal\include\HAL/HAL.hpp(206): error C3861: 'round': identifier not found
     1>C:\Users\T_hics\Documents\GitHub\allwpilib\wpilibc\wpilibC++\include\Timer.h(40): error C2864: 'Timer::kRolloverTime' : only static const integral data members can be initialized within a class
     1>C:\Users\T_hics\Documents\GitHub\allwpilib\hal\include\Log.hpp(7): fatal error C1083: Cannot open include file: 'sys/time.h': No such file or directory
         Generating Code...
         Compiling...
         Encoder.cpp
     1>C:\Users\T_hics\Documents\GitHub\allwpilib\hal\include\HAL/HAL.hpp(171): error C2146: syntax error : missing ';' before identifier 'size_t'
     1>C:\Users\T_hics\Documents\GitHub\allwpilib\hal\include\HAL/HAL.hpp(171): error C4430: missing type specifier - int assumed. Note: C++ does not support default-int
     1>C:\Users\T_hics\Documents\GitHub\allwpilib\hal\include\HAL/HAL.hpp(172): error C2146: syntax error : missing ';' before identifier 'size_t'
     1>C:\Users\T_hics\Documents\GitHub\allwpilib\hal\include\HAL/HAL.hpp(172): error C4430: missing type specifier - int assumed. Note: C++ does not support default-int
     1>C:\Users\T_hics\Documents\GitHub\allwpilib\hal\include\HAL/HAL.hpp(172): error C2086: 'int constexpr' : redefinition
                 C:\Users\T_hics\Documents\GitHub\allwpilib\hal\include\HAL/HAL.hpp(171) : see declaration of 'constexpr'
     1>C:\Users\T_hics\Documents\GitHub\allwpilib\hal\include\HAL/HAL.hpp(176): error C2057: expected constant expression
     1>C:\Users\T_hics\Documents\GitHub\allwpilib\hal\include\HAL/HAL.hpp(176): warning C4200: nonstandard extension used : zero-sized array in struct/union
                 Cannot generate copy-ctor or copy-assignment operator when UDT contains a zero-sized array
     1>C:\Users\T_hics\Documents\GitHub\allwpilib\hal\include\HAL/HAL.hpp(181): error C2057: expected constant expression
     1>C:\Users\T_hics\Documents\GitHub\allwpilib\hal\include\HAL/HAL.hpp(181): warning C4200: nonstandard extension used : zero-sized array in struct/union
                 Cannot generate copy-ctor or copy-assignment operator when UDT contains a zero-sized array
     1>C:\Users\T_hics\Documents\GitHub\allwpilib\hal\include\HAL/HAL.hpp(194): error C2057: expected constant expression
     1>C:\Users\T_hics\Documents\GitHub\allwpilib\hal\include\HAL/HAL.hpp(194): warning C4200: nonstandard extension used : zero-sized array in struct/union
                 Cannot generate copy-ctor or copy-assignment operator when UDT contains a zero-sized array
     1>C:\Users\T_hics\Documents\GitHub\allwpilib\hal\include\HAL/HAL.hpp(195): error C2229: struct 'HALJoystickDescriptor' has an illegal zero-sized array
     1>C:\Users\T_hics\Documents\GitHub\allwpilib\hal\include\HAL/HAL.hpp(206): error C3861: 'round': identifier not found
     1>C:\Users\T_hics\Documents\GitHub\allwpilib\networktables\cpp\include\OSAL/Synchronized.h(36): error C2146: syntax error : missing ';' before identifier 'm_semaphore'
     1>C:\Users\T_hics\Documents\GitHub\allwpilib\networktables\cpp\include\OSAL/Synchronized.h(36): error C4430: missing type specifier - int assumed. Note: C++ does not support default-int
     1>C:\Users\T_hics\Documents\GitHub\allwpilib\networktables\cpp\include\OSAL/Synchronized.h(24): error C2065: 'm_semaphore' : undeclared identifier
     1>C:\Users\T_hics\Documents\GitHub\allwpilib\networktables\cpp\include\OSAL/Synchronized.h(24): error C2065: 'SEM_Q_PRIORITY' : undeclared identifier
     1>C:\Users\T_hics\Documents\GitHub\allwpilib\networktables\cpp\include\OSAL/Synchronized.h(24): error C2065: 'SEM_INVERSION_SAFE' : undeclared identifier
     1>C:\Users\T_hics\Documents\GitHub\allwpilib\networktables\cpp\include\OSAL/Synchronized.h(24): error C2065: 'SEM_DELETE_SAFE' : undeclared identifier
     1>C:\Users\T_hics\Documents\GitHub\allwpilib\networktables\cpp\include\OSAL/Synchronized.h(24): error C3861: 'semMCreate': identifier not found
     1>C:\Users\T_hics\Documents\GitHub\allwpilib\networktables\cpp\include\OSAL/Synchronized.h(27): error C2065: 'm_semaphore' : undeclared identifier
     1>C:\Users\T_hics\Documents\GitHub\allwpilib\networktables\cpp\include\OSAL/Synchronized.h(27): error C3861: 'semDelete': identifier not found
     1>C:\Users\T_hics\Documents\GitHub\allwpilib\networktables\cpp\include\OSAL/Synchronized.h(30): error C2065: 'm_semaphore' : undeclared identifier
     1>C:\Users\T_hics\Documents\GitHub\allwpilib\networktables\cpp\include\OSAL/Synchronized.h(30): error C2065: 'WAIT_FOREVER' : undeclared identifier
     1>C:\Users\T_hics\Documents\GitHub\allwpilib\networktables\cpp\include\OSAL/Synchronized.h(30): error C3861: 'semTake': identifier not found
     1>C:\Users\T_hics\Documents\GitHub\allwpilib\networktables\cpp\include\OSAL/Synchronized.h(33): error C2065: 'm_semaphore' : undeclared identifier
     1>C:\Users\T_hics\Documents\GitHub\allwpilib\networktables\cpp\include\OSAL/Synchronized.h(33): error C3861: 'semGive': identifier not found
     1>C:\Users\T_hics\Documents\GitHub\allwpilib\networktables\cpp\include\OSAL/Synchronized.h(83): error C2460: 'NTSynchronized::SEM_ID' : uses 'NTSynchronized', which is being defined
                 C:\Users\T_hics\Documents\GitHub\allwpilib\networktables\cpp\include\OSAL/Synchronized.h(78) : see declaration of 'NTSynchronized'
     1>C:\Users\T_hics\Documents\GitHub\allwpilib\networktables\cpp\include\OSAL/Synchronized.h(83): error C2071: 'NTSynchronized::SEM_ID' : illegal storage class
     1>C:\Users\T_hics\Documents\GitHub\allwpilib\networktables\cpp\include\OSAL/Synchronized.h(90): error C2146: syntax error : missing ';' before identifier 'm_semaphore'
     1>C:\Users\T_hics\Documents\GitHub\allwpilib\networktables\cpp\include\OSAL/Synchronized.h(90): error C4430: missing type specifier - int assumed. Note: C++ does not support default-int
     1>C:\Users\T_hics\Documents\GitHub\allwpilib\networktables\cpp\include\NTErrorBase.h(11): fatal error C1083: Cannot open include file: 'semLib.h': No such file or directory
         GearTooth.cpp
     1>C:\Users\T_hics\Documents\GitHub\allwpilib\hal\include\HAL/HAL.hpp(171): error C2146: syntax error : missing ';' before identifier 'size_t'
     1>C:\Users\T_hics\Documents\GitHub\allwpilib\hal\include\HAL/HAL.hpp(171): error C4430: missing type specifier - int assumed. Note: C++ does not support default-int
     1>C:\Users\T_hics\Documents\GitHub\allwpilib\hal\include\HAL/HAL.hpp(172): error C2146: syntax error : missing ';' before identifier 'size_t'
     1>C:\Users\T_hics\Documents\GitHub\allwpilib\hal\include\HAL/HAL.hpp(172): error C4430: missing type specifier - int assumed. Note: C++ does not support default-int
     1>C:\Users\T_hics\Documents\GitHub\allwpilib\hal\include\HAL/HAL.hpp(172): error C2086: 'int constexpr' : redefinition
                 C:\Users\T_hics\Documents\GitHub\allwpilib\hal\include\HAL/HAL.hpp(171) : see declaration of 'constexpr'
     1>C:\Users\T_hics\Documents\GitHub\allwpilib\hal\include\HAL/HAL.hpp(176): error C2057: expected constant expression
     1>C:\Users\T_hics\Documents\GitHub\allwpilib\hal\include\HAL/HAL.hpp(176): warning C4200: nonstandard extension used : zero-sized array in struct/union
                 Cannot generate copy-ctor or copy-assignment operator when UDT contains a zero-sized array
     1>C:\Users\T_hics\Documents\GitHub\allwpilib\hal\include\HAL/HAL.hpp(181): error C2057: expected constant expression
     1>C:\Users\T_hics\Documents\GitHub\allwpilib\hal\include\HAL/HAL.hpp(181): warning C4200: nonstandard extension used : zero-sized array in struct/union
                 Cannot generate copy-ctor or copy-assignment operator when UDT contains a zero-sized array
     1>C:\Users\T_hics\Documents\GitHub\allwpilib\hal\include\HAL/HAL.hpp(194): error C2057: expected constant expression
     1>C:\Users\T_hics\Documents\GitHub\allwpilib\hal\include\HAL/HAL.hpp(194): warning C4200: nonstandard extension used : zero-sized array in struct/union
                 Cannot generate copy-ctor or copy-assignment operator when UDT contains a zero-sized array
     1>C:\Users\T_hics\Documents\GitHub\allwpilib\hal\include\HAL/HAL.hpp(195): error C2229: struct 'HALJoystickDescriptor' has an illegal zero-sized array
     1>C:\Users\T_hics\Documents\GitHub\allwpilib\hal\include\HAL/HAL.hpp(206): error C3861: 'round': identifier not found
     1>C:\Users\T_hics\Documents\GitHub\allwpilib\wpilibc\wpilibC++Devices\include\GearTooth.h(20): error C2864: 'GearTooth::kGearToothThreshold' : only static const integral data members can be initialized within a class
     1>C:\Users\T_hics\Documents\GitHub\allwpilib\networktables\cpp\include\OSAL/Synchronized.h(36): error C2146: syntax error : missing ';' before identifier 'm_semaphore'
     1>C:\Users\T_hics\Documents\GitHub\allwpilib\networktables\cpp\include\OSAL/Synchronized.h(36): error C4430: missing type specifier - int assumed. Note: C++ does not support default-int
     1>C:\Users\T_hics\Documents\GitHub\allwpilib\networktables\cpp\include\OSAL/Synchronized.h(24): error C2065: 'm_semaphore' : undeclared identifier
     1>C:\Users\T_hics\Documents\GitHub\allwpilib\networktables\cpp\include\OSAL/Synchronized.h(24): error C2065: 'SEM_Q_PRIORITY' : undeclared identifier
     1>C:\Users\T_hics\Documents\GitHub\allwpilib\networktables\cpp\include\OSAL/Synchronized.h(24): error C2065: 'SEM_INVERSION_SAFE' : undeclared identifier
     1>C:\Users\T_hics\Documents\GitHub\allwpilib\networktables\cpp\include\OSAL/Synchronized.h(24): error C2065: 'SEM_DELETE_SAFE' : undeclared identifier
     1>C:\Users\T_hics\Documents\GitHub\allwpilib\networktables\cpp\include\OSAL/Synchronized.h(24): error C3861: 'semMCreate': identifier not found
     1>C:\Users\T_hics\Documents\GitHub\allwpilib\networktables\cpp\include\OSAL/Synchronized.h(27): error C2065: 'm_semaphore' : undeclared identifier
     1>C:\Users\T_hics\Documents\GitHub\allwpilib\networktables\cpp\include\OSAL/Synchronized.h(27): error C3861: 'semDelete': identifier not found
     1>C:\Users\T_hics\Documents\GitHub\allwpilib\networktables\cpp\include\OSAL/Synchronized.h(30): error C2065: 'm_semaphore' : undeclared identifier
     1>C:\Users\T_hics\Documents\GitHub\allwpilib\networktables\cpp\include\OSAL/Synchronized.h(30): error C2065: 'WAIT_FOREVER' : undeclared identifier
     1>C:\Users\T_hics\Documents\GitHub\allwpilib\networktables\cpp\include\OSAL/Synchronized.h(30): error C3861: 'semTake': identifier not found
     1>C:\Users\T_hics\Documents\GitHub\allwpilib\networktables\cpp\include\OSAL/Synchronized.h(33): error C2065: 'm_semaphore' : undeclared identifier
     1>C:\Users\T_hics\Documents\GitHub\allwpilib\networktables\cpp\include\OSAL/Synchronized.h(33): error C3861: 'semGive': identifier not found
     1>C:\Users\T_hics\Documents\GitHub\allwpilib\networktables\cpp\include\OSAL/Synchronized.h(83): error C2460: 'NTSynchronized::SEM_ID' : uses 'NTSynchronized', which is being defined
                 C:\Users\T_hics\Documents\GitHub\allwpilib\networktables\cpp\include\OSAL/Synchronized.h(78) : see declaration of 'NTSynchronized'
     1>C:\Users\T_hics\Documents\GitHub\allwpilib\networktables\cpp\include\OSAL/Synchronized.h(83): error C2071: 'NTSynchronized::SEM_ID' : illegal storage class
     1>C:\Users\T_hics\Documents\GitHub\allwpilib\networktables\cpp\include\OSAL/Synchronized.h(90): error C2146: syntax error : missing ';' before identifier 'm_semaphore'
     1>C:\Users\T_hics\Documents\GitHub\allwpilib\networktables\cpp\include\OSAL/Synchronized.h(90): error C4430: missing type specifier - int assumed. Note: C++ does not support default-int
     1>C:\Users\T_hics\Documents\GitHub\allwpilib\networktables\cpp\include\NTErrorBase.h(11): fatal error C1083: Cannot open include file: 'semLib.h': No such file or directory
         Gyro.cpp
     1>C:\Users\T_hics\Documents\GitHub\allwpilib\wpilibc\wpilibC++Devices\include\Gyro.h(29): error C2864: 'Gyro::kSamplesPerSecond' : only static const integral data members can be initialized within a class
     1>C:\Users\T_hics\Documents\GitHub\allwpilib\wpilibc\wpilibC++Devices\include\Gyro.h(30): error C2864: 'Gyro::kCalibrationSampleTime' : only static const integral data members can be initialized within a class
     1>C:\Users\T_hics\Documents\GitHub\allwpilib\wpilibc\wpilibC++Devices\include\Gyro.h(31): error C2864: 'Gyro::kDefaultVoltsPerDegreePerSecond' : only static const integral data members can be initialized within a class
     1>C:\Users\T_hics\Documents\GitHub\allwpilib\hal\include\HAL/HAL.hpp(206): error C3861: 'round': identifier not found
     1>C:\Users\T_hics\Documents\GitHub\allwpilib\wpilibc\wpilibC++\include\Timer.h(40): error C2864: 'Timer::kRolloverTime' : only static const integral data members can be initialized within a class
     1>C:\Users\T_hics\Documents\GitHub\allwpilib\networktables\cpp\include\OSAL/Synchronized.h(36): error C2146: syntax error : missing ';' before identifier 'm_semaphore'
     1>C:\Users\T_hics\Documents\GitHub\allwpilib\networktables\cpp\include\OSAL/Synchronized.h(36): error C4430: missing type specifier - int assumed. Note: C++ does not support default-int
     1>C:\Users\T_hics\Documents\GitHub\allwpilib\networktables\cpp\include\OSAL/Synchronized.h(24): error C2065: 'm_semaphore' : undeclared identifier
     1>C:\Users\T_hics\Documents\GitHub\allwpilib\networktables\cpp\include\OSAL/Synchronized.h(24): error C2065: 'SEM_Q_PRIORITY' : undeclared identifier
     1>C:\Users\T_hics\Documents\GitHub\allwpilib\networktables\cpp\include\OSAL/Synchronized.h(24): error C2065: 'SEM_INVERSION_SAFE' : undeclared identifier
     1>C:\Users\T_hics\Documents\GitHub\allwpilib\networktables\cpp\include\OSAL/Synchronized.h(24): error C2065: 'SEM_DELETE_SAFE' : undeclared identifier
     1>C:\Users\T_hics\Documents\GitHub\allwpilib\networktables\cpp\include\OSAL/Synchronized.h(24): error C3861: 'semMCreate': identifier not found
     1>C:\Users\T_hics\Documents\GitHub\allwpilib\networktables\cpp\include\OSAL/Synchronized.h(27): error C2065: 'm_semaphore' : undeclared identifier
     1>C:\Users\T_hics\Documents\GitHub\allwpilib\networktables\cpp\include\OSAL/Synchronized.h(27): error C3861: 'semDelete': identifier not found
     1>C:\Users\T_hics\Documents\GitHub\allwpilib\networktables\cpp\include\OSAL/Synchronized.h(30): error C2065: 'm_semaphore' : undeclared identifier
     1>C:\Users\T_hics\Documents\GitHub\allwpilib\networktables\cpp\include\OSAL/Synchronized.h(30): error C2065: 'WAIT_FOREVER' : undeclared identifier
     1>C:\Users\T_hics\Documents\GitHub\allwpilib\networktables\cpp\include\OSAL/Synchronized.h(30): error C3861: 'semTake': identifier not found
     1>C:\Users\T_hics\Documents\GitHub\allwpilib\networktables\cpp\include\OSAL/Synchronized.h(33): error C2065: 'm_semaphore' : undeclared identifier
     1>C:\Users\T_hics\Documents\GitHub\allwpilib\networktables\cpp\include\OSAL/Synchronized.h(33): error C3861: 'semGive': identifier not found
     1>C:\Users\T_hics\Documents\GitHub\allwpilib\networktables\cpp\include\OSAL/Synchronized.h(83): error C2460: 'NTSynchronized::SEM_ID' : uses 'NTSynchronized', which is being defined
                 C:\Users\T_hics\Documents\GitHub\allwpilib\networktables\cpp\include\OSAL/Synchronized.h(78) : see declaration of 'NTSynchronized'
     1>C:\Users\T_hics\Documents\GitHub\allwpilib\networktables\cpp\include\OSAL/Synchronized.h(83): error C2071: 'NTSynchronized::SEM_ID' : illegal storage class
     1>C:\Users\T_hics\Documents\GitHub\allwpilib\networktables\cpp\include\OSAL/Synchronized.h(90): error C2146: syntax error : missing ';' before identifier 'm_semaphore'
     1>C:\Users\T_hics\Documents\GitHub\allwpilib\networktables\cpp\include\OSAL/Synchronized.h(90): error C4430: missing type specifier - int assumed. Note: C++ does not support default-int
     1>C:\Users\T_hics\Documents\GitHub\allwpilib\networktables\cpp\include\NTErrorBase.h(11): fatal error C1083: Cannot open include file: 'semLib.h': No such file or directory
         I2C.cpp
     1>C:\Users\T_hics\Documents\GitHub\allwpilib\hal\include\HAL/HAL.hpp(206): error C3861: 'round': identifier not found
         HardwareHLReporting.cpp
     1>C:\Users\T_hics\Documents\GitHub\allwpilib\hal\include\HAL/HAL.hpp(171): error C2146: syntax error : missing ';' before identifier 'size_t'
     1>C:\Users\T_hics\Documents\GitHub\allwpilib\hal\include\HAL/HAL.hpp(171): error C4430: missing type specifier - int assumed. Note: C++ does not support default-int
     1>C:\Users\T_hics\Documents\GitHub\allwpilib\hal\include\HAL/HAL.hpp(172): error C2146: syntax error : missing ';' before identifier 'size_t'
     1>C:\Users\T_hics\Documents\GitHub\allwpilib\hal\include\HAL/HAL.hpp(172): error C4430: missing type specifier - int assumed. Note: C++ does not support default-int
     1>C:\Users\T_hics\Documents\GitHub\allwpilib\hal\include\HAL/HAL.hpp(172): error C2086: 'int constexpr' : redefinition
                 C:\Users\T_hics\Documents\GitHub\allwpilib\hal\include\HAL/HAL.hpp(171) : see declaration of 'constexpr'
     1>C:\Users\T_hics\Documents\GitHub\allwpilib\hal\include\HAL/HAL.hpp(176): error C2057: expected constant expression
     1>C:\Users\T_hics\Documents\GitHub\allwpilib\hal\include\HAL/HAL.hpp(176): warning C4200: nonstandard extension used : zero-sized array in struct/union
                 Cannot generate copy-ctor or copy-assignment operator when UDT contains a zero-sized array
     1>C:\Users\T_hics\Documents\GitHub\allwpilib\hal\include\HAL/HAL.hpp(181): error C2057: expected constant expression
     1>C:\Users\T_hics\Documents\GitHub\allwpilib\hal\include\HAL/HAL.hpp(181): warning C4200: nonstandard extension used : zero-sized array in struct/union
                 Cannot generate copy-ctor or copy-assignment operator when UDT contains a zero-sized array
     1>C:\Users\T_hics\Documents\GitHub\allwpilib\hal\include\HAL/HAL.hpp(194): error C2057: expected constant expression
     1>C:\Users\T_hics\Documents\GitHub\allwpilib\hal\include\HAL/HAL.hpp(194): warning C4200: nonstandard extension used : zero-sized array in struct/union
                 Cannot generate copy-ctor or copy-assignment operator when UDT contains a zero-sized array
     1>C:\Users\T_hics\Documents\GitHub\allwpilib\hal\include\HAL/HAL.hpp(195): error C2229: struct 'HALJoystickDescriptor' has an illegal zero-sized array
     1>C:\Users\T_hics\Documents\GitHub\allwpilib\hal\include\HAL/HAL.hpp(206): error C3861: 'round': identifier not found
         InterruptableSensorBase.cpp
     1>C:\Users\T_hics\Documents\GitHub\allwpilib\hal\include\HAL/HAL.hpp(171): error C2146: syntax error : missing ';' before identifier 'size_t'
     1>C:\Users\T_hics\Documents\GitHub\allwpilib\hal\include\HAL/HAL.hpp(171): error C4430: missing type specifier - int assumed. Note: C++ does not support default-int
     1>C:\Users\T_hics\Documents\GitHub\allwpilib\hal\include\HAL/HAL.hpp(172): error C2146: syntax error : missing ';' before identifier 'size_t'
     1>C:\Users\T_hics\Documents\GitHub\allwpilib\hal\include\HAL/HAL.hpp(172): error C4430: missing type specifier - int assumed. Note: C++ does not support default-int
     1>C:\Users\T_hics\Documents\GitHub\allwpilib\hal\include\HAL/HAL.hpp(172): error C2086: 'int constexpr' : redefinition
                 C:\Users\T_hics\Documents\GitHub\allwpilib\hal\include\HAL/HAL.hpp(171) : see declaration of 'constexpr'
     1>C:\Users\T_hics\Documents\GitHub\allwpilib\hal\include\HAL/HAL.hpp(176): error C2057: expected constant expression
     1>C:\Users\T_hics\Documents\GitHub\allwpilib\hal\include\HAL/HAL.hpp(176): warning C4200: nonstandard extension used : zero-sized array in struct/union
                 Cannot generate copy-ctor or copy-assignment operator when UDT contains a zero-sized array
     1>C:\Users\T_hics\Documents\GitHub\allwpilib\hal\include\HAL/HAL.hpp(181): error C2057: expected constant expression
     1>C:\Users\T_hics\Documents\GitHub\allwpilib\hal\include\HAL/HAL.hpp(181): warning C4200: nonstandard extension used : zero-sized array in struct/union
                 Cannot generate copy-ctor or copy-assignment operator when UDT contains a zero-sized array
     1>C:\Users\T_hics\Documents\GitHub\allwpilib\hal\include\HAL/HAL.hpp(194): error C2057: expected constant expression
     1>C:\Users\T_hics\Documents\GitHub\allwpilib\hal\include\HAL/HAL.hpp(194): warning C4200: nonstandard extension used : zero-sized array in struct/union
                 Cannot generate copy-ctor or copy-assignment operator when UDT contains a zero-sized array
     1>C:\Users\T_hics\Documents\GitHub\allwpilib\hal\include\HAL/HAL.hpp(195): error C2229: struct 'HALJoystickDescriptor' has an illegal zero-sized array
     1>C:\Users\T_hics\Documents\GitHub\allwpilib\hal\include\HAL/HAL.hpp(206): error C3861: 'round': identifier not found
         IterativeRobot.cpp
     1>C:\Users\T_hics\Documents\GitHub\allwpilib\wpilibc\wpilibC++\include\Timer.h(40): error C2864: 'Timer::kRolloverTime' : only static const integral data members can be initialized within a class
     1>C:\Users\T_hics\Documents\GitHub\allwpilib\wpilibc\wpilibC++Devices\include\IterativeRobot.h(47): error C2864: 'IterativeRobot::kDefaultPeriod' : only static const integral data members can be initialized within a class
     1>C:\Users\T_hics\Documents\GitHub\allwpilib\hal\include\HAL/HAL.hpp(206): error C3861: 'round': identifier not found
     1>C:\Users\T_hics\Documents\GitHub\allwpilib\networktables\cpp\include\OSAL/Synchronized.h(36): error C2146: syntax error : missing ';' before identifier 'm_semaphore'
     1>C:\Users\T_hics\Documents\GitHub\allwpilib\networktables\cpp\include\OSAL/Synchronized.h(36): error C4430: missing type specifier - int assumed. Note: C++ does not support default-int
     1>C:\Users\T_hics\Documents\GitHub\allwpilib\networktables\cpp\include\OSAL/Synchronized.h(24): error C2065: 'm_semaphore' : undeclared identifier
     1>C:\Users\T_hics\Documents\GitHub\allwpilib\networktables\cpp\include\OSAL/Synchronized.h(24): error C2065: 'SEM_Q_PRIORITY' : undeclared identifier
     1>C:\Users\T_hics\Documents\GitHub\allwpilib\networktables\cpp\include\OSAL/Synchronized.h(24): error C2065: 'SEM_INVERSION_SAFE' : undeclared identifier
     1>C:\Users\T_hics\Documents\GitHub\allwpilib\networktables\cpp\include\OSAL/Synchronized.h(24): error C2065: 'SEM_DELETE_SAFE' : undeclared identifier
     1>C:\Users\T_hics\Documents\GitHub\allwpilib\networktables\cpp\include\OSAL/Synchronized.h(24): error C3861: 'semMCreate': identifier not found
     1>C:\Users\T_hics\Documents\GitHub\allwpilib\networktables\cpp\include\OSAL/Synchronized.h(27): error C2065: 'm_semaphore' : undeclared identifier
     1>C:\Users\T_hics\Documents\GitHub\allwpilib\networktables\cpp\include\OSAL/Synchronized.h(27): error C3861: 'semDelete': identifier not found
     1>C:\Users\T_hics\Documents\GitHub\allwpilib\networktables\cpp\include\OSAL/Synchronized.h(30): error C2065: 'm_semaphore' : undeclared identifier
     1>C:\Users\T_hics\Documents\GitHub\allwpilib\networktables\cpp\include\OSAL/Synchronized.h(30): error C2065: 'WAIT_FOREVER' : undeclared identifier
     1>C:\Users\T_hics\Documents\GitHub\allwpilib\networktables\cpp\include\OSAL/Synchronized.h(30): error C3861: 'semTake': identifier not found
     1>C:\Users\T_hics\Documents\GitHub\allwpilib\networktables\cpp\include\OSAL/Synchronized.h(33): error C2065: 'm_semaphore' : undeclared identifier
     1>C:\Users\T_hics\Documents\GitHub\allwpilib\networktables\cpp\include\OSAL/Synchronized.h(33): error C3861: 'semGive': identifier not found
     1>C:\Users\T_hics\Documents\GitHub\allwpilib\networktables\cpp\include\OSAL/Synchronized.h(83): error C2460: 'NTSynchronized::SEM_ID' : uses 'NTSynchronized', which is being defined
                 C:\Users\T_hics\Documents\GitHub\allwpilib\networktables\cpp\include\OSAL/Synchronized.h(78) : see declaration of 'NTSynchronized'
     1>C:\Users\T_hics\Documents\GitHub\allwpilib\networktables\cpp\include\OSAL/Synchronized.h(83): error C2071: 'NTSynchronized::SEM_ID' : illegal storage class
     1>C:\Users\T_hics\Documents\GitHub\allwpilib\networktables\cpp\include\OSAL/Synchronized.h(90): error C2146: syntax error : missing ';' before identifier 'm_semaphore'
     1>C:\Users\T_hics\Documents\GitHub\allwpilib\networktables\cpp\include\OSAL/Synchronized.h(90): error C4430: missing type specifier - int assumed. Note: C++ does not support default-int
     1>C:\Users\T_hics\Documents\GitHub\allwpilib\networktables\cpp\include\NTErrorBase.h(11): fatal error C1083: Cannot open include file: 'semLib.h': No such file or directory
         Jaguar.cpp
     1>c:\users\t_hics\documents\github\allwpilib\wpilibc\wpilibc++devices\include\PWM.h(70): error C2864: 'PWM::kDefaultPwmPeriod' : only static const integral data members can be initialized within a class
     1>c:\users\t_hics\documents\github\allwpilib\wpilibc\wpilibc++devices\include\PWM.h(74): error C2864: 'PWM::kDefaultPwmCenter' : only static const integral data members can be initialized within a class
     1>C:\Users\T_hics\Documents\GitHub\allwpilib\hal\include\HAL/HAL.hpp(206): error C3861: 'round': identifier not found
     1>C:\Users\T_hics\Documents\GitHub\allwpilib\networktables\cpp\include\OSAL/Synchronized.h(36): error C2146: syntax error : missing ';' before identifier 'm_semaphore'
     1>C:\Users\T_hics\Documents\GitHub\allwpilib\networktables\cpp\include\OSAL/Synchronized.h(36): error C4430: missing type specifier - int assumed. Note: C++ does not support default-int
     1>C:\Users\T_hics\Documents\GitHub\allwpilib\networktables\cpp\include\OSAL/Synchronized.h(24): error C2065: 'm_semaphore' : undeclared identifier
     1>C:\Users\T_hics\Documents\GitHub\allwpilib\networktables\cpp\include\OSAL/Synchronized.h(24): error C2065: 'SEM_Q_PRIORITY' : undeclared identifier
     1>C:\Users\T_hics\Documents\GitHub\allwpilib\networktables\cpp\include\OSAL/Synchronized.h(24): error C2065: 'SEM_INVERSION_SAFE' : undeclared identifier
     1>C:\Users\T_hics\Documents\GitHub\allwpilib\networktables\cpp\include\OSAL/Synchronized.h(24): error C2065: 'SEM_DELETE_SAFE' : undeclared identifier
     1>C:\Users\T_hics\Documents\GitHub\allwpilib\networktables\cpp\include\OSAL/Synchronized.h(24): error C3861: 'semMCreate': identifier not found
     1>C:\Users\T_hics\Documents\GitHub\allwpilib\networktables\cpp\include\OSAL/Synchronized.h(27): error C2065: 'm_semaphore' : undeclared identifier
     1>C:\Users\T_hics\Documents\GitHub\allwpilib\networktables\cpp\include\OSAL/Synchronized.h(27): error C3861: 'semDelete': identifier not found
     1>C:\Users\T_hics\Documents\GitHub\allwpilib\networktables\cpp\include\OSAL/Synchronized.h(30): error C2065: 'm_semaphore' : undeclared identifier
     1>C:\Users\T_hics\Documents\GitHub\allwpilib\networktables\cpp\include\OSAL/Synchronized.h(30): error C2065: 'WAIT_FOREVER' : undeclared identifier
     1>C:\Users\T_hics\Documents\GitHub\allwpilib\networktables\cpp\include\OSAL/Synchronized.h(30): error C3861: 'semTake': identifier not found
     1>C:\Users\T_hics\Documents\GitHub\allwpilib\networktables\cpp\include\OSAL/Synchronized.h(33): error C2065: 'm_semaphore' : undeclared identifier
     1>C:\Users\T_hics\Documents\GitHub\allwpilib\networktables\cpp\include\OSAL/Synchronized.h(33): error C3861: 'semGive': identifier not found
     1>C:\Users\T_hics\Documents\GitHub\allwpilib\networktables\cpp\include\OSAL/Synchronized.h(83): error C2460: 'NTSynchronized::SEM_ID' : uses 'NTSynchronized', which is being defined
                 C:\Users\T_hics\Documents\GitHub\allwpilib\networktables\cpp\include\OSAL/Synchronized.h(78) : see declaration of 'NTSynchronized'
     1>C:\Users\T_hics\Documents\GitHub\allwpilib\networktables\cpp\include\OSAL/Synchronized.h(83): error C2071: 'NTSynchronized::SEM_ID' : illegal storage class
     1>C:\Users\T_hics\Documents\GitHub\allwpilib\networktables\cpp\include\OSAL/Synchronized.h(90): error C2146: syntax error : missing ';' before identifier 'm_semaphore'
     1>C:\Users\T_hics\Documents\GitHub\allwpilib\networktables\cpp\include\OSAL/Synchronized.h(90): error C4430: missing type specifier - int assumed. Note: C++ does not support default-int
     1>C:\Users\T_hics\Documents\GitHub\allwpilib\networktables\cpp\include\NTErrorBase.h(11): fatal error C1083: Cannot open include file: 'semLib.h': No such file or directory
         Joystick.cpp
     1>C:\Users\T_hics\Documents\GitHub\allwpilib\hal\include\HAL/HAL.hpp(206): error C3861: 'round': identifier not found
     1>C:\Users\T_hics\Documents\GitHub\allwpilib\wpilibc\wpilibC++Devices\src\Joystick.cpp(388): warning C4244: 'return' : conversion from 'double' to 'float', possible loss of data
     1>C:\Users\T_hics\Documents\GitHub\allwpilib\wpilibc\wpilibC++Devices\src\Joystick.cpp(403): warning C4244: '=' : conversion from 'float' to 'uint16_t', possible loss of data
     1>C:\Users\T_hics\Documents\GitHub\allwpilib\wpilibc\wpilibC++Devices\src\Joystick.cpp(405): warning C4244: '=' : conversion from 'float' to 'uint16_t', possible loss of data
         MotorSafetyHelper.cpp
     1>C:\Users\T_hics\Documents\GitHub\allwpilib\hal\include\HAL/HAL.hpp(206): error C3861: 'round': identifier not found
     1>C:\Users\T_hics\Documents\GitHub\allwpilib\wpilibc\wpilibC++\include\Timer.h(40): error C2864: 'Timer::kRolloverTime' : only static const integral data members can be initialized within a class
     1>C:\Users\T_hics\Documents\GitHub\allwpilib\wpilibc\wpilibC++Devices\src\MotorSafetyHelper.cpp(86): warning C4244: 'return' : conversion from 'double' to 'float', possible loss of data
     1>C:\Users\T_hics\Documents\GitHub\allwpilib\wpilibc\wpilibC++Devices\src\MotorSafetyHelper.cpp(116): error C3861: 'snprintf': identifier not found
         Notifier.cpp
     1>C:\Users\T_hics\Documents\GitHub\allwpilib\wpilibc\wpilibC++\include\Timer.h(40): error C2864: 'Timer::kRolloverTime' : only static const integral data members can be initialized within a class
     1>C:\Users\T_hics\Documents\GitHub\allwpilib\hal\include\HAL/HAL.hpp(206): error C3861: 'round': identifier not found
         PIDController.cpp
     1>C:\Users\T_hics\Documents\GitHub\allwpilib\networktables\cpp\include\OSAL/Synchronized.h(36): error C2146: syntax error : missing ';' before identifier 'm_semaphore'
     1>C:\Users\T_hics\Documents\GitHub\allwpilib\networktables\cpp\include\OSAL/Synchronized.h(36): error C4430: missing type specifier - int assumed. Note: C++ does not support default-int
     1>C:\Users\T_hics\Documents\GitHub\allwpilib\networktables\cpp\include\OSAL/Synchronized.h(24): error C2065: 'm_semaphore' : undeclared identifier
     1>C:\Users\T_hics\Documents\GitHub\allwpilib\networktables\cpp\include\OSAL/Synchronized.h(24): error C2065: 'SEM_Q_PRIORITY' : undeclared identifier
     1>C:\Users\T_hics\Documents\GitHub\allwpilib\networktables\cpp\include\OSAL/Synchronized.h(24): error C2065: 'SEM_INVERSION_SAFE' : undeclared identifier
     1>C:\Users\T_hics\Documents\GitHub\allwpilib\networktables\cpp\include\OSAL/Synchronized.h(24): error C2065: 'SEM_DELETE_SAFE' : undeclared identifier
     1>C:\Users\T_hics\Documents\GitHub\allwpilib\networktables\cpp\include\OSAL/Synchronized.h(24): error C3861: 'semMCreate': identifier not found
     1>C:\Users\T_hics\Documents\GitHub\allwpilib\networktables\cpp\include\OSAL/Synchronized.h(27): error C2065: 'm_semaphore' : undeclared identifier
     1>C:\Users\T_hics\Documents\GitHub\allwpilib\networktables\cpp\include\OSAL/Synchronized.h(27): error C3861: 'semDelete': identifier not found
     1>C:\Users\T_hics\Documents\GitHub\allwpilib\networktables\cpp\include\OSAL/Synchronized.h(30): error C2065: 'm_semaphore' : undeclared identifier
     1>C:\Users\T_hics\Documents\GitHub\allwpilib\networktables\cpp\include\OSAL/Synchronized.h(30): error C2065: 'WAIT_FOREVER' : undeclared identifier
     1>C:\Users\T_hics\Documents\GitHub\allwpilib\networktables\cpp\include\OSAL/Synchronized.h(30): error C3861: 'semTake': identifier not found
     1>C:\Users\T_hics\Documents\GitHub\allwpilib\networktables\cpp\include\OSAL/Synchronized.h(33): error C2065: 'm_semaphore' : undeclared identifier
     1>C:\Users\T_hics\Documents\GitHub\allwpilib\networktables\cpp\include\OSAL/Synchronized.h(33): error C3861: 'semGive': identifier not found
     1>C:\Users\T_hics\Documents\GitHub\allwpilib\networktables\cpp\include\OSAL/Synchronized.h(83): error C2460: 'NTSynchronized::SEM_ID' : uses 'NTSynchronized', which is being defined
                 C:\Users\T_hics\Documents\GitHub\allwpilib\networktables\cpp\include\OSAL/Synchronized.h(78) : see declaration of 'NTSynchronized'
     1>C:\Users\T_hics\Documents\GitHub\allwpilib\networktables\cpp\include\OSAL/Synchronized.h(83): error C2071: 'NTSynchronized::SEM_ID' : illegal storage class
     1>C:\Users\T_hics\Documents\GitHub\allwpilib\networktables\cpp\include\OSAL/Synchronized.h(90): error C2146: syntax error : missing ';' before identifier 'm_semaphore'
     1>C:\Users\T_hics\Documents\GitHub\allwpilib\networktables\cpp\include\OSAL/Synchronized.h(90): error C4430: missing type specifier - int assumed. Note: C++ does not support default-int
     1>C:\Users\T_hics\Documents\GitHub\allwpilib\networktables\cpp\include\NTErrorBase.h(11): fatal error C1083: Cannot open include file: 'semLib.h': No such file or directory
         PowerDistributionPanel.cpp
     1>C:\Users\T_hics\Documents\GitHub\allwpilib\networktables\cpp\include\OSAL/Synchronized.h(36): error C2146: syntax error : missing ';' before identifier 'm_semaphore'
     1>C:\Users\T_hics\Documents\GitHub\allwpilib\networktables\cpp\include\OSAL/Synchronized.h(36): error C4430: missing type specifier - int assumed. Note: C++ does not support default-int
     1>C:\Users\T_hics\Documents\GitHub\allwpilib\networktables\cpp\include\OSAL/Synchronized.h(24): error C2065: 'm_semaphore' : undeclared identifier
     1>C:\Users\T_hics\Documents\GitHub\allwpilib\networktables\cpp\include\OSAL/Synchronized.h(24): error C2065: 'SEM_Q_PRIORITY' : undeclared identifier
     1>C:\Users\T_hics\Documents\GitHub\allwpilib\networktables\cpp\include\OSAL/Synchronized.h(24): error C2065: 'SEM_INVERSION_SAFE' : undeclared identifier
     1>C:\Users\T_hics\Documents\GitHub\allwpilib\networktables\cpp\include\OSAL/Synchronized.h(24): error C2065: 'SEM_DELETE_SAFE' : undeclared identifier
     1>C:\Users\T_hics\Documents\GitHub\allwpilib\networktables\cpp\include\OSAL/Synchronized.h(24): error C3861: 'semMCreate': identifier not found
     1>C:\Users\T_hics\Documents\GitHub\allwpilib\networktables\cpp\include\OSAL/Synchronized.h(27): error C2065: 'm_semaphore' : undeclared identifier
     1>C:\Users\T_hics\Documents\GitHub\allwpilib\networktables\cpp\include\OSAL/Synchronized.h(27): error C3861: 'semDelete': identifier not found
     1>C:\Users\T_hics\Documents\GitHub\allwpilib\networktables\cpp\include\OSAL/Synchronized.h(30): error C2065: 'm_semaphore' : undeclared identifier
     1>C:\Users\T_hics\Documents\GitHub\allwpilib\networktables\cpp\include\OSAL/Synchronized.h(30): error C2065: 'WAIT_FOREVER' : undeclared identifier
     1>C:\Users\T_hics\Documents\GitHub\allwpilib\networktables\cpp\include\OSAL/Synchronized.h(30): error C3861: 'semTake': identifier not found
     1>C:\Users\T_hics\Documents\GitHub\allwpilib\networktables\cpp\include\OSAL/Synchronized.h(33): error C2065: 'm_semaphore' : undeclared identifier
     1>C:\Users\T_hics\Documents\GitHub\allwpilib\networktables\cpp\include\OSAL/Synchronized.h(33): error C3861: 'semGive': identifier not found
     1>C:\Users\T_hics\Documents\GitHub\allwpilib\networktables\cpp\include\OSAL/Synchronized.h(83): error C2460: 'NTSynchronized::SEM_ID' : uses 'NTSynchronized', which is being defined
                 C:\Users\T_hics\Documents\GitHub\allwpilib\networktables\cpp\include\OSAL/Synchronized.h(78) : see declaration of 'NTSynchronized'
     1>C:\Users\T_hics\Documents\GitHub\allwpilib\networktables\cpp\include\OSAL/Synchronized.h(83): error C2071: 'NTSynchronized::SEM_ID' : illegal storage class
     1>C:\Users\T_hics\Documents\GitHub\allwpilib\networktables\cpp\include\OSAL/Synchronized.h(90): error C2146: syntax error : missing ';' before identifier 'm_semaphore'
     1>C:\Users\T_hics\Documents\GitHub\allwpilib\networktables\cpp\include\OSAL/Synchronized.h(90): error C4430: missing type specifier - int assumed. Note: C++ does not support default-int
     1>C:\Users\T_hics\Documents\GitHub\allwpilib\networktables\cpp\include\NTErrorBase.h(11): fatal error C1083: Cannot open include file: 'semLib.h': No such file or directory
         Preferences.cpp
     1>C:\Users\T_hics\Documents\GitHub\allwpilib\networktables\cpp\include\OSAL/Synchronized.h(36): error C2146: syntax error : missing ';' before identifier 'm_semaphore'
     1>C:\Users\T_hics\Documents\GitHub\allwpilib\networktables\cpp\include\OSAL/Synchronized.h(36): error C4430: missing type specifier - int assumed. Note: C++ does not support default-int
     1>C:\Users\T_hics\Documents\GitHub\allwpilib\networktables\cpp\include\OSAL/Synchronized.h(24): error C2065: 'm_semaphore' : undeclared identifier
     1>C:\Users\T_hics\Documents\GitHub\allwpilib\networktables\cpp\include\OSAL/Synchronized.h(24): error C2065: 'SEM_Q_PRIORITY' : undeclared identifier
     1>C:\Users\T_hics\Documents\GitHub\allwpilib\networktables\cpp\include\OSAL/Synchronized.h(24): error C2065: 'SEM_INVERSION_SAFE' : undeclared identifier
     1>C:\Users\T_hics\Documents\GitHub\allwpilib\networktables\cpp\include\OSAL/Synchronized.h(24): error C2065: 'SEM_DELETE_SAFE' : undeclared identifier
     1>C:\Users\T_hics\Documents\GitHub\allwpilib\networktables\cpp\include\OSAL/Synchronized.h(24): error C3861: 'semMCreate': identifier not found
     1>C:\Users\T_hics\Documents\GitHub\allwpilib\networktables\cpp\include\OSAL/Synchronized.h(27): error C2065: 'm_semaphore' : undeclared identifier
     1>C:\Users\T_hics\Documents\GitHub\allwpilib\networktables\cpp\include\OSAL/Synchronized.h(27): error C3861: 'semDelete': identifier not found
     1>C:\Users\T_hics\Documents\GitHub\allwpilib\networktables\cpp\include\OSAL/Synchronized.h(30): error C2065: 'm_semaphore' : undeclared identifier
     1>C:\Users\T_hics\Documents\GitHub\allwpilib\networktables\cpp\include\OSAL/Synchronized.h(30): error C2065: 'WAIT_FOREVER' : undeclared identifier
     1>C:\Users\T_hics\Documents\GitHub\allwpilib\networktables\cpp\include\OSAL/Synchronized.h(30): error C3861: 'semTake': identifier not found
     1>C:\Users\T_hics\Documents\GitHub\allwpilib\networktables\cpp\include\OSAL/Synchronized.h(33): error C2065: 'm_semaphore' : undeclared identifier
     1>C:\Users\T_hics\Documents\GitHub\allwpilib\networktables\cpp\include\OSAL/Synchronized.h(33): error C3861: 'semGive': identifier not found
     1>C:\Users\T_hics\Documents\GitHub\allwpilib\networktables\cpp\include\OSAL/Synchronized.h(83): error C2460: 'NTSynchronized::SEM_ID' : uses 'NTSynchronized', which is being defined
                 C:\Users\T_hics\Documents\GitHub\allwpilib\networktables\cpp\include\OSAL/Synchronized.h(78) : see declaration of 'NTSynchronized'
     1>C:\Users\T_hics\Documents\GitHub\allwpilib\networktables\cpp\include\OSAL/Synchronized.h(83): error C2071: 'NTSynchronized::SEM_ID' : illegal storage class
     1>C:\Users\T_hics\Documents\GitHub\allwpilib\networktables\cpp\include\OSAL/Synchronized.h(90): error C2146: syntax error : missing ';' before identifier 'm_semaphore'
     1>C:\Users\T_hics\Documents\GitHub\allwpilib\networktables\cpp\include\OSAL/Synchronized.h(90): error C4430: missing type specifier - int assumed. Note: C++ does not support default-int
     1>C:\Users\T_hics\Documents\GitHub\allwpilib\networktables\cpp\include\NTErrorBase.h(11): fatal error C1083: Cannot open include file: 'semLib.h': No such file or directory
         PWM.cpp
     1>C:\Users\T_hics\Documents\GitHub\allwpilib\wpilibc\wpilibC++Devices\include\PWM.h(70): error C2864: 'PWM::kDefaultPwmPeriod' : only static const integral data members can be initialized within a class
     1>C:\Users\T_hics\Documents\GitHub\allwpilib\wpilibc\wpilibC++Devices\include\PWM.h(74): error C2864: 'PWM::kDefaultPwmCenter' : only static const integral data members can be initialized within a class
     1>C:\Users\T_hics\Documents\GitHub\allwpilib\hal\include\HAL/HAL.hpp(206): error C3861: 'round': identifier not found
     1>C:\Users\T_hics\Documents\GitHub\allwpilib\wpilibc\wpilibC++Devices\src\PWM.cpp(15): error C2734: 'PWM::kDefaultPwmPeriod' : const object must be initialized if not extern
     1>C:\Users\T_hics\Documents\GitHub\allwpilib\wpilibc\wpilibC++Devices\src\PWM.cpp(16): error C2734: 'PWM::kDefaultPwmCenter' : const object must be initialized if not extern
     1>C:\Users\T_hics\Documents\GitHub\allwpilib\wpilibc\wpilibC++Devices\src\PWM.cpp(35): error C3861: 'snprintf': identifier not found
     1>C:\Users\T_hics\Documents\GitHub\allwpilib\wpilibc\wpilibC++Devices\src\PWM.cpp(368): warning C4244: 'argument' : conversion from 'double' to 'float', possible loss of data
         Relay.cpp
     1>C:\Users\T_hics\Documents\GitHub\allwpilib\networktables\cpp\include\OSAL/Synchronized.h(36): error C2146: syntax error : missing ';' before identifier 'm_semaphore'
     1>C:\Users\T_hics\Documents\GitHub\allwpilib\networktables\cpp\include\OSAL/Synchronized.h(36): error C4430: missing type specifier - int assumed. Note: C++ does not support default-int
     1>C:\Users\T_hics\Documents\GitHub\allwpilib\networktables\cpp\include\OSAL/Synchronized.h(24): error C2065: 'm_semaphore' : undeclared identifier
     1>C:\Users\T_hics\Documents\GitHub\allwpilib\networktables\cpp\include\OSAL/Synchronized.h(24): error C2065: 'SEM_Q_PRIORITY' : undeclared identifier
     1>C:\Users\T_hics\Documents\GitHub\allwpilib\networktables\cpp\include\OSAL/Synchronized.h(24): error C2065: 'SEM_INVERSION_SAFE' : undeclared identifier
     1>C:\Users\T_hics\Documents\GitHub\allwpilib\networktables\cpp\include\OSAL/Synchronized.h(24): error C2065: 'SEM_DELETE_SAFE' : undeclared identifier
     1>C:\Users\T_hics\Documents\GitHub\allwpilib\networktables\cpp\include\OSAL/Synchronized.h(24): error C3861: 'semMCreate': identifier not found
     1>C:\Users\T_hics\Documents\GitHub\allwpilib\networktables\cpp\include\OSAL/Synchronized.h(27): error C2065: 'm_semaphore' : undeclared identifier
     1>C:\Users\T_hics\Documents\GitHub\allwpilib\networktables\cpp\include\OSAL/Synchronized.h(27): error C3861: 'semDelete': identifier not found
     1>C:\Users\T_hics\Documents\GitHub\allwpilib\networktables\cpp\include\OSAL/Synchronized.h(30): error C2065: 'm_semaphore' : undeclared identifier
     1>C:\Users\T_hics\Documents\GitHub\allwpilib\networktables\cpp\include\OSAL/Synchronized.h(30): error C2065: 'WAIT_FOREVER' : undeclared identifier
     1>C:\Users\T_hics\Documents\GitHub\allwpilib\networktables\cpp\include\OSAL/Synchronized.h(30): error C3861: 'semTake': identifier not found
     1>C:\Users\T_hics\Documents\GitHub\allwpilib\networktables\cpp\include\OSAL/Synchronized.h(33): error C2065: 'm_semaphore' : undeclared identifier
     1>C:\Users\T_hics\Documents\GitHub\allwpilib\networktables\cpp\include\OSAL/Synchronized.h(33): error C3861: 'semGive': identifier not found
     1>C:\Users\T_hics\Documents\GitHub\allwpilib\networktables\cpp\include\OSAL/Synchronized.h(83): error C2460: 'NTSynchronized::SEM_ID' : uses 'NTSynchronized', which is being defined
                 C:\Users\T_hics\Documents\GitHub\allwpilib\networktables\cpp\include\OSAL/Synchronized.h(78) : see declaration of 'NTSynchronized'
     1>C:\Users\T_hics\Documents\GitHub\allwpilib\networktables\cpp\include\OSAL/Synchronized.h(83): error C2071: 'NTSynchronized::SEM_ID' : illegal storage class
     1>C:\Users\T_hics\Documents\GitHub\allwpilib\networktables\cpp\include\OSAL/Synchronized.h(90): error C2146: syntax error : missing ';' before identifier 'm_semaphore'
     1>C:\Users\T_hics\Documents\GitHub\allwpilib\networktables\cpp\include\OSAL/Synchronized.h(90): error C4430: missing type specifier - int assumed. Note: C++ does not support default-int
     1>C:\Users\T_hics\Documents\GitHub\allwpilib\networktables\cpp\include\NTErrorBase.h(11): fatal error C1083: Cannot open include file: 'semLib.h': No such file or directory
         RobotBase.cpp
     1>C:\Users\T_hics\Documents\GitHub\allwpilib\hal\include\HAL/HAL.hpp(206): error C3861: 'round': identifier not found
         RobotDrive.cpp
     1>C:\Users\T_hics\Documents\GitHub\allwpilib\hal\include\HAL/HAL.hpp(206): error C3861: 'round': identifier not found
     1>C:\Users\T_hics\Documents\GitHub\allwpilib\wpilibc\wpilibC++Devices\include\CANJaguar.h(34): error C2864: 'CANJaguar::kApproxBusVoltage' : only static const integral data members can be initialized within a class
     1>c:\users\t_hics\documents\github\allwpilib\wpilibc\wpilibc++devices\include\PWM.h(70): error C2864: 'PWM::kDefaultPwmPeriod' : only static const integral data members can be initialized within a class
     1>c:\users\t_hics\documents\github\allwpilib\wpilibc\wpilibc++devices\include\PWM.h(74): error C2864: 'PWM::kDefaultPwmCenter' : only static const integral data members can be initialized within a class
     1>C:\Users\T_hics\Documents\GitHub\allwpilib\wpilibc\wpilibC++Devices\src\RobotDrive.cpp(217): warning C4305: '=' : truncation from 'double' to 'float'
     1>C:\Users\T_hics\Documents\GitHub\allwpilib\wpilibc\wpilibC++Devices\src\RobotDrive.cpp(225): warning C4305: '=' : truncation from 'double' to 'float'
     1>C:\Users\T_hics\Documents\GitHub\allwpilib\wpilibc\wpilibC++Devices\src\RobotDrive.cpp(511): warning C4244: 'argument' : conversion from 'double' to 'float', possible loss of data
     1>C:\Users\T_hics\Documents\GitHub\allwpilib\wpilibc\wpilibC++Devices\src\RobotDrive.cpp(512): warning C4244: 'argument' : conversion from 'double' to 'float', possible loss of data
     1>C:\Users\T_hics\Documents\GitHub\allwpilib\wpilibc\wpilibC++Devices\src\RobotDrive.cpp(513): warning C4244: 'argument' : conversion from 'double' to 'float', possible loss of data
     1>C:\Users\T_hics\Documents\GitHub\allwpilib\wpilibc\wpilibC++Devices\src\RobotDrive.cpp(514): warning C4244: 'argument' : conversion from 'double' to 'float', possible loss of data
     1>C:\Users\T_hics\Documents\GitHub\allwpilib\wpilibc\wpilibC++Devices\src\RobotDrive.cpp(547): warning C4244: '=' : conversion from 'double' to 'float', possible loss of data
     1>C:\Users\T_hics\Documents\GitHub\allwpilib\wpilibc\wpilibC++Devices\src\RobotDrive.cpp(561): warning C4244: 'argument' : conversion from 'double' to 'float', possible loss of data
     1>C:\Users\T_hics\Documents\GitHub\allwpilib\wpilibc\wpilibC++Devices\src\RobotDrive.cpp(562): warning C4244: 'argument' : conversion from 'double' to 'float', possible loss of data
     1>C:\Users\T_hics\Documents\GitHub\allwpilib\wpilibc\wpilibC++Devices\src\RobotDrive.cpp(563): warning C4244: 'argument' : conversion from 'double' to 'float', possible loss of data
     1>C:\Users\T_hics\Documents\GitHub\allwpilib\wpilibc\wpilibC++Devices\src\RobotDrive.cpp(564): warning C4244: 'argument' : conversion from 'double' to 'float', possible loss of data
     1>C:\Users\T_hics\Documents\GitHub\allwpilib\wpilibc\wpilibC++Devices\src\RobotDrive.cpp(602): warning C4244: 'argument' : conversion from 'double' to 'float', possible loss of data
     1>C:\Users\T_hics\Documents\GitHub\allwpilib\wpilibc\wpilibC++Devices\src\RobotDrive.cpp(603): warning C4244: 'argument' : conversion from 'double' to 'float', possible loss of data
     1>C:\Users\T_hics\Documents\GitHub\allwpilib\wpilibc\wpilibC++Devices\src\RobotDrive.cpp(606): warning C4244: 'argument' : conversion from 'double' to 'float', possible loss of data
     1>C:\Users\T_hics\Documents\GitHub\allwpilib\wpilibc\wpilibC++Devices\src\RobotDrive.cpp(607): warning C4244: 'argument' : conversion from 'double' to 'float', possible loss of data
         SafePWM.cpp
     1>c:\users\t_hics\documents\github\allwpilib\wpilibc\wpilibc++devices\include\PWM.h(70): error C2864: 'PWM::kDefaultPwmPeriod' : only static const integral data members can be initialized within a class
     1>c:\users\t_hics\documents\github\allwpilib\wpilibc\wpilibc++devices\include\PWM.h(74): error C2864: 'PWM::kDefaultPwmCenter' : only static const integral data members can be initialized within a class
         SampleRobot.cpp
     1>C:\Users\T_hics\Documents\GitHub\allwpilib\hal\include\HAL/HAL.hpp(206): error C3861: 'round': identifier not found
     1>C:\Users\T_hics\Documents\GitHub\allwpilib\wpilibc\wpilibC++\include\Timer.h(40): error C2864: 'Timer::kRolloverTime' : only static const integral data members can be initialized within a class
     1>C:\Users\T_hics\Documents\GitHub\allwpilib\networktables\cpp\include\OSAL/Synchronized.h(36): error C2146: syntax error : missing ';' before identifier 'm_semaphore'
     1>C:\Users\T_hics\Documents\GitHub\allwpilib\networktables\cpp\include\OSAL/Synchronized.h(36): error C4430: missing type specifier - int assumed. Note: C++ does not support default-int
     1>C:\Users\T_hics\Documents\GitHub\allwpilib\networktables\cpp\include\OSAL/Synchronized.h(24): error C2065: 'm_semaphore' : undeclared identifier
     1>C:\Users\T_hics\Documents\GitHub\allwpilib\networktables\cpp\include\OSAL/Synchronized.h(24): error C2065: 'SEM_Q_PRIORITY' : undeclared identifier
     1>C:\Users\T_hics\Documents\GitHub\allwpilib\networktables\cpp\include\OSAL/Synchronized.h(24): error C2065: 'SEM_INVERSION_SAFE' : undeclared identifier
     1>C:\Users\T_hics\Documents\GitHub\allwpilib\networktables\cpp\include\OSAL/Synchronized.h(24): error C2065: 'SEM_DELETE_SAFE' : undeclared identifier
     1>C:\Users\T_hics\Documents\GitHub\allwpilib\networktables\cpp\include\OSAL/Synchronized.h(24): error C3861: 'semMCreate': identifier not found
     1>C:\Users\T_hics\Documents\GitHub\allwpilib\networktables\cpp\include\OSAL/Synchronized.h(27): error C2065: 'm_semaphore' : undeclared identifier
     1>C:\Users\T_hics\Documents\GitHub\allwpilib\networktables\cpp\include\OSAL/Synchronized.h(27): error C3861: 'semDelete': identifier not found
     1>C:\Users\T_hics\Documents\GitHub\allwpilib\networktables\cpp\include\OSAL/Synchronized.h(30): error C2065: 'm_semaphore' : undeclared identifier
     1>C:\Users\T_hics\Documents\GitHub\allwpilib\networktables\cpp\include\OSAL/Synchronized.h(30): error C2065: 'WAIT_FOREVER' : undeclared identifier
     1>C:\Users\T_hics\Documents\GitHub\allwpilib\networktables\cpp\include\OSAL/Synchronized.h(30): error C3861: 'semTake': identifier not found
     1>C:\Users\T_hics\Documents\GitHub\allwpilib\networktables\cpp\include\OSAL/Synchronized.h(33): error C2065: 'm_semaphore' : undeclared identifier
     1>C:\Users\T_hics\Documents\GitHub\allwpilib\networktables\cpp\include\OSAL/Synchronized.h(33): error C3861: 'semGive': identifier not found
     1>C:\Users\T_hics\Documents\GitHub\allwpilib\networktables\cpp\include\OSAL/Synchronized.h(83): error C2460: 'NTSynchronized::SEM_ID' : uses 'NTSynchronized', which is being defined
                 C:\Users\T_hics\Documents\GitHub\allwpilib\networktables\cpp\include\OSAL/Synchronized.h(78) : see declaration of 'NTSynchronized'
     1>C:\Users\T_hics\Documents\GitHub\allwpilib\networktables\cpp\include\OSAL/Synchronized.h(83): error C2071: 'NTSynchronized::SEM_ID' : illegal storage class
     1>C:\Users\T_hics\Documents\GitHub\allwpilib\networktables\cpp\include\OSAL/Synchronized.h(90): error C2146: syntax error : missing ';' before identifier 'm_semaphore'
     1>C:\Users\T_hics\Documents\GitHub\allwpilib\networktables\cpp\include\OSAL/Synchronized.h(90): error C4430: missing type specifier - int assumed. Note: C++ does not support default-int
     1>C:\Users\T_hics\Documents\GitHub\allwpilib\networktables\cpp\include\NTErrorBase.h(11): fatal error C1083: Cannot open include file: 'semLib.h': No such file or directory
         Generating Code...
         Compiling...
         SensorBase.cpp
     1>C:\Users\T_hics\Documents\GitHub\allwpilib\hal\include\HAL/HAL.hpp(206): error C3861: 'round': identifier not found
         SerialPort.cpp
     1>C:\Users\T_hics\Documents\GitHub\allwpilib\hal\include\HAL/HAL.hpp(206): error C3861: 'round': identifier not found
         Servo.cpp
     1>c:\users\t_hics\documents\github\allwpilib\wpilibc\wpilibc++devices\include\PWM.h(70): error C2864: 'PWM::kDefaultPwmPeriod' : only static const integral data members can be initialized within a class
     1>c:\users\t_hics\documents\github\allwpilib\wpilibc\wpilibc++devices\include\PWM.h(74): error C2864: 'PWM::kDefaultPwmCenter' : only static const integral data members can be initialized within a class
     1>C:\Users\T_hics\Documents\GitHub\allwpilib\hal\include\HAL/HAL.hpp(206): error C3861: 'round': identifier not found
     1>C:\Users\T_hics\Documents\GitHub\allwpilib\wpilibc\wpilibC++Devices\include\Servo.h(53): error C2864: 'Servo::kMaxServoAngle' : only static const integral data members can be initialized within a class
     1>C:\Users\T_hics\Documents\GitHub\allwpilib\wpilibc\wpilibC++Devices\include\Servo.h(54): error C2864: 'Servo::kMinServoAngle' : only static const integral data members can be initialized within a class
     1>C:\Users\T_hics\Documents\GitHub\allwpilib\wpilibc\wpilibC++Devices\include\Servo.h(56): error C2864: 'Servo::kDefaultMaxServoPWM' : only static const integral data members can be initialized within a class
     1>C:\Users\T_hics\Documents\GitHub\allwpilib\wpilibc\wpilibC++Devices\include\Servo.h(57): error C2864: 'Servo::kDefaultMinServoPWM' : only static const integral data members can be initialized within a class
     1>C:\Users\T_hics\Documents\GitHub\allwpilib\networktables\cpp\include\OSAL/Synchronized.h(36): error C2146: syntax error : missing ';' before identifier 'm_semaphore'
     1>C:\Users\T_hics\Documents\GitHub\allwpilib\networktables\cpp\include\OSAL/Synchronized.h(36): error C4430: missing type specifier - int assumed. Note: C++ does not support default-int
     1>C:\Users\T_hics\Documents\GitHub\allwpilib\networktables\cpp\include\OSAL/Synchronized.h(24): error C2065: 'm_semaphore' : undeclared identifier
     1>C:\Users\T_hics\Documents\GitHub\allwpilib\networktables\cpp\include\OSAL/Synchronized.h(24): error C2065: 'SEM_Q_PRIORITY' : undeclared identifier
     1>C:\Users\T_hics\Documents\GitHub\allwpilib\networktables\cpp\include\OSAL/Synchronized.h(24): error C2065: 'SEM_INVERSION_SAFE' : undeclared identifier
     1>C:\Users\T_hics\Documents\GitHub\allwpilib\networktables\cpp\include\OSAL/Synchronized.h(24): error C2065: 'SEM_DELETE_SAFE' : undeclared identifier
     1>C:\Users\T_hics\Documents\GitHub\allwpilib\networktables\cpp\include\OSAL/Synchronized.h(24): error C3861: 'semMCreate': identifier not found
     1>C:\Users\T_hics\Documents\GitHub\allwpilib\networktables\cpp\include\OSAL/Synchronized.h(27): error C2065: 'm_semaphore' : undeclared identifier
     1>C:\Users\T_hics\Documents\GitHub\allwpilib\networktables\cpp\include\OSAL/Synchronized.h(27): error C3861: 'semDelete': identifier not found
     1>C:\Users\T_hics\Documents\GitHub\allwpilib\networktables\cpp\include\OSAL/Synchronized.h(30): error C2065: 'm_semaphore' : undeclared identifier
     1>C:\Users\T_hics\Documents\GitHub\allwpilib\networktables\cpp\include\OSAL/Synchronized.h(30): error C2065: 'WAIT_FOREVER' : undeclared identifier
     1>C:\Users\T_hics\Documents\GitHub\allwpilib\networktables\cpp\include\OSAL/Synchronized.h(30): error C3861: 'semTake': identifier not found
     1>C:\Users\T_hics\Documents\GitHub\allwpilib\networktables\cpp\include\OSAL/Synchronized.h(33): error C2065: 'm_semaphore' : undeclared identifier
     1>C:\Users\T_hics\Documents\GitHub\allwpilib\networktables\cpp\include\OSAL/Synchronized.h(33): error C3861: 'semGive': identifier not found
     1>C:\Users\T_hics\Documents\GitHub\allwpilib\networktables\cpp\include\OSAL/Synchronized.h(83): error C2460: 'NTSynchronized::SEM_ID' : uses 'NTSynchronized', which is being defined
                 C:\Users\T_hics\Documents\GitHub\allwpilib\networktables\cpp\include\OSAL/Synchronized.h(78) : see declaration of 'NTSynchronized'
     1>C:\Users\T_hics\Documents\GitHub\allwpilib\networktables\cpp\include\OSAL/Synchronized.h(83): error C2071: 'NTSynchronized::SEM_ID' : illegal storage class
     1>C:\Users\T_hics\Documents\GitHub\allwpilib\networktables\cpp\include\OSAL/Synchronized.h(90): error C2146: syntax error : missing ';' before identifier 'm_semaphore'
     1>C:\Users\T_hics\Documents\GitHub\allwpilib\networktables\cpp\include\OSAL/Synchronized.h(90): error C4430: missing type specifier - int assumed. Note: C++ does not support default-int
     1>C:\Users\T_hics\Documents\GitHub\allwpilib\networktables\cpp\include\NTErrorBase.h(11): fatal error C1083: Cannot open include file: 'semLib.h': No such file or directory
         Solenoid.cpp
     1>C:\Users\T_hics\Documents\GitHub\allwpilib\hal\include\HAL/HAL.hpp(206): error C3861: 'round': identifier not found
     1>C:\Users\T_hics\Documents\GitHub\allwpilib\networktables\cpp\include\OSAL/Synchronized.h(36): error C2146: syntax error : missing ';' before identifier 'm_semaphore'
     1>C:\Users\T_hics\Documents\GitHub\allwpilib\networktables\cpp\include\OSAL/Synchronized.h(36): error C4430: missing type specifier - int assumed. Note: C++ does not support default-int
     1>C:\Users\T_hics\Documents\GitHub\allwpilib\networktables\cpp\include\OSAL/Synchronized.h(24): error C2065: 'm_semaphore' : undeclared identifier
     1>C:\Users\T_hics\Documents\GitHub\allwpilib\networktables\cpp\include\OSAL/Synchronized.h(24): error C2065: 'SEM_Q_PRIORITY' : undeclared identifier
     1>C:\Users\T_hics\Documents\GitHub\allwpilib\networktables\cpp\include\OSAL/Synchronized.h(24): error C2065: 'SEM_INVERSION_SAFE' : undeclared identifier
     1>C:\Users\T_hics\Documents\GitHub\allwpilib\networktables\cpp\include\OSAL/Synchronized.h(24): error C2065: 'SEM_DELETE_SAFE' : undeclared identifier
     1>C:\Users\T_hics\Documents\GitHub\allwpilib\networktables\cpp\include\OSAL/Synchronized.h(24): error C3861: 'semMCreate': identifier not found
     1>C:\Users\T_hics\Documents\GitHub\allwpilib\networktables\cpp\include\OSAL/Synchronized.h(27): error C2065: 'm_semaphore' : undeclared identifier
     1>C:\Users\T_hics\Documents\GitHub\allwpilib\networktables\cpp\include\OSAL/Synchronized.h(27): error C3861: 'semDelete': identifier not found
     1>C:\Users\T_hics\Documents\GitHub\allwpilib\networktables\cpp\include\OSAL/Synchronized.h(30): error C2065: 'm_semaphore' : undeclared identifier
     1>C:\Users\T_hics\Documents\GitHub\allwpilib\networktables\cpp\include\OSAL/Synchronized.h(30): error C2065: 'WAIT_FOREVER' : undeclared identifier
     1>C:\Users\T_hics\Documents\GitHub\allwpilib\networktables\cpp\include\OSAL/Synchronized.h(30): error C3861: 'semTake': identifier not found
     1>C:\Users\T_hics\Documents\GitHub\allwpilib\networktables\cpp\include\OSAL/Synchronized.h(33): error C2065: 'm_semaphore' : undeclared identifier
     1>C:\Users\T_hics\Documents\GitHub\allwpilib\networktables\cpp\include\OSAL/Synchronized.h(33): error C3861: 'semGive': identifier not found
     1>C:\Users\T_hics\Documents\GitHub\allwpilib\networktables\cpp\include\OSAL/Synchronized.h(83): error C2460: 'NTSynchronized::SEM_ID' : uses 'NTSynchronized', which is being defined
                 C:\Users\T_hics\Documents\GitHub\allwpilib\networktables\cpp\include\OSAL/Synchronized.h(78) : see declaration of 'NTSynchronized'
     1>C:\Users\T_hics\Documents\GitHub\allwpilib\networktables\cpp\include\OSAL/Synchronized.h(83): error C2071: 'NTSynchronized::SEM_ID' : illegal storage class
     1>C:\Users\T_hics\Documents\GitHub\allwpilib\networktables\cpp\include\OSAL/Synchronized.h(90): error C2146: syntax error : missing ';' before identifier 'm_semaphore'
     1>C:\Users\T_hics\Documents\GitHub\allwpilib\networktables\cpp\include\OSAL/Synchronized.h(90): error C4430: missing type specifier - int assumed. Note: C++ does not support default-int
     1>C:\Users\T_hics\Documents\GitHub\allwpilib\networktables\cpp\include\NTErrorBase.h(11): fatal error C1083: Cannot open include file: 'semLib.h': No such file or directory
         SolenoidBase.cpp
     1>C:\Users\T_hics\Documents\GitHub\allwpilib\hal\include\HAL/HAL.hpp(206): error C3861: 'round': identifier not found
     1>C:\Users\T_hics\Documents\GitHub\allwpilib\wpilibc\wpilibC++Devices\src\SolenoidBase.cpp(48): warning C4800: 'int' : forcing value to bool 'true' or 'false' (performance warning)
         SPI.cpp
     1>C:\Users\T_hics\Documents\GitHub\allwpilib\hal\include\HAL/HAL.hpp(171): error C2146: syntax error : missing ';' before identifier 'size_t'
     1>C:\Users\T_hics\Documents\GitHub\allwpilib\hal\include\HAL/HAL.hpp(171): error C4430: missing type specifier - int assumed. Note: C++ does not support default-int
     1>C:\Users\T_hics\Documents\GitHub\allwpilib\hal\include\HAL/HAL.hpp(172): error C2146: syntax error : missing ';' before identifier 'size_t'
     1>C:\Users\T_hics\Documents\GitHub\allwpilib\hal\include\HAL/HAL.hpp(172): error C4430: missing type specifier - int assumed. Note: C++ does not support default-int
     1>C:\Users\T_hics\Documents\GitHub\allwpilib\hal\include\HAL/HAL.hpp(172): error C2086: 'int constexpr' : redefinition
                 C:\Users\T_hics\Documents\GitHub\allwpilib\hal\include\HAL/HAL.hpp(171) : see declaration of 'constexpr'
     1>C:\Users\T_hics\Documents\GitHub\allwpilib\hal\include\HAL/HAL.hpp(176): error C2057: expected constant expression
     1>C:\Users\T_hics\Documents\GitHub\allwpilib\hal\include\HAL/HAL.hpp(176): warning C4200: nonstandard extension used : zero-sized array in struct/union
                 Cannot generate copy-ctor or copy-assignment operator when UDT contains a zero-sized array
     1>C:\Users\T_hics\Documents\GitHub\allwpilib\hal\include\HAL/HAL.hpp(181): error C2057: expected constant expression
     1>C:\Users\T_hics\Documents\GitHub\allwpilib\hal\include\HAL/HAL.hpp(181): warning C4200: nonstandard extension used : zero-sized array in struct/union
                 Cannot generate copy-ctor or copy-assignment operator when UDT contains a zero-sized array
     1>C:\Users\T_hics\Documents\GitHub\allwpilib\hal\include\HAL/HAL.hpp(194): error C2057: expected constant expression
     1>C:\Users\T_hics\Documents\GitHub\allwpilib\hal\include\HAL/HAL.hpp(194): warning C4200: nonstandard extension used : zero-sized array in struct/union
                 Cannot generate copy-ctor or copy-assignment operator when UDT contains a zero-sized array
     1>C:\Users\T_hics\Documents\GitHub\allwpilib\hal\include\HAL/HAL.hpp(195): error C2229: struct 'HALJoystickDescriptor' has an illegal zero-sized array
     1>C:\Users\T_hics\Documents\GitHub\allwpilib\hal\include\HAL/HAL.hpp(206): error C3861: 'round': identifier not found
     1>C:\Users\T_hics\Documents\GitHub\allwpilib\wpilibc\wpilibC++Devices\src\SPI.cpp(50): warning C4244: 'argument' : conversion from 'double' to 'uint32_t', possible loss of data
         Talon.cpp
     1>c:\users\t_hics\documents\github\allwpilib\wpilibc\wpilibc++devices\include\PWM.h(70): error C2864: 'PWM::kDefaultPwmPeriod' : only static const integral data members can be initialized within a class
     1>c:\users\t_hics\documents\github\allwpilib\wpilibc\wpilibc++devices\include\PWM.h(74): error C2864: 'PWM::kDefaultPwmCenter' : only static const integral data members can be initialized within a class
     1>C:\Users\T_hics\Documents\GitHub\allwpilib\hal\include\HAL/HAL.hpp(206): error C3861: 'round': identifier not found
     1>C:\Users\T_hics\Documents\GitHub\allwpilib\networktables\cpp\include\OSAL/Synchronized.h(36): error C2146: syntax error : missing ';' before identifier 'm_semaphore'
     1>C:\Users\T_hics\Documents\GitHub\allwpilib\networktables\cpp\include\OSAL/Synchronized.h(36): error C4430: missing type specifier - int assumed. Note: C++ does not support default-int
     1>C:\Users\T_hics\Documents\GitHub\allwpilib\networktables\cpp\include\OSAL/Synchronized.h(24): error C2065: 'm_semaphore' : undeclared identifier
     1>C:\Users\T_hics\Documents\GitHub\allwpilib\networktables\cpp\include\OSAL/Synchronized.h(24): error C2065: 'SEM_Q_PRIORITY' : undeclared identifier
     1>C:\Users\T_hics\Documents\GitHub\allwpilib\networktables\cpp\include\OSAL/Synchronized.h(24): error C2065: 'SEM_INVERSION_SAFE' : undeclared identifier
     1>C:\Users\T_hics\Documents\GitHub\allwpilib\networktables\cpp\include\OSAL/Synchronized.h(24): error C2065: 'SEM_DELETE_SAFE' : undeclared identifier
     1>C:\Users\T_hics\Documents\GitHub\allwpilib\networktables\cpp\include\OSAL/Synchronized.h(24): error C3861: 'semMCreate': identifier not found
     1>C:\Users\T_hics\Documents\GitHub\allwpilib\networktables\cpp\include\OSAL/Synchronized.h(27): error C2065: 'm_semaphore' : undeclared identifier
     1>C:\Users\T_hics\Documents\GitHub\allwpilib\networktables\cpp\include\OSAL/Synchronized.h(27): error C3861: 'semDelete': identifier not found
     1>C:\Users\T_hics\Documents\GitHub\allwpilib\networktables\cpp\include\OSAL/Synchronized.h(30): error C2065: 'm_semaphore' : undeclared identifier
     1>C:\Users\T_hics\Documents\GitHub\allwpilib\networktables\cpp\include\OSAL/Synchronized.h(30): error C2065: 'WAIT_FOREVER' : undeclared identifier
     1>C:\Users\T_hics\Documents\GitHub\allwpilib\networktables\cpp\include\OSAL/Synchronized.h(30): error C3861: 'semTake': identifier not found
     1>C:\Users\T_hics\Documents\GitHub\allwpilib\networktables\cpp\include\OSAL/Synchronized.h(33): error C2065: 'm_semaphore' : undeclared identifier
     1>C:\Users\T_hics\Documents\GitHub\allwpilib\networktables\cpp\include\OSAL/Synchronized.h(33): error C3861: 'semGive': identifier not found
     1>C:\Users\T_hics\Documents\GitHub\allwpilib\networktables\cpp\include\OSAL/Synchronized.h(83): error C2460: 'NTSynchronized::SEM_ID' : uses 'NTSynchronized', which is being defined
                 C:\Users\T_hics\Documents\GitHub\allwpilib\networktables\cpp\include\OSAL/Synchronized.h(78) : see declaration of 'NTSynchronized'
     1>C:\Users\T_hics\Documents\GitHub\allwpilib\networktables\cpp\include\OSAL/Synchronized.h(83): error C2071: 'NTSynchronized::SEM_ID' : illegal storage class
     1>C:\Users\T_hics\Documents\GitHub\allwpilib\networktables\cpp\include\OSAL/Synchronized.h(90): error C2146: syntax error : missing ';' before identifier 'm_semaphore'
     1>C:\Users\T_hics\Documents\GitHub\allwpilib\networktables\cpp\include\OSAL/Synchronized.h(90): error C4430: missing type specifier - int assumed. Note: C++ does not support default-int
     1>C:\Users\T_hics\Documents\GitHub\allwpilib\networktables\cpp\include\NTErrorBase.h(11): fatal error C1083: Cannot open include file: 'semLib.h': No such file or directory
         TalonSRX.cpp
     1>c:\users\t_hics\documents\github\allwpilib\wpilibc\wpilibc++devices\include\PWM.h(70): error C2864: 'PWM::kDefaultPwmPeriod' : only static const integral data members can be initialized within a class
     1>c:\users\t_hics\documents\github\allwpilib\wpilibc\wpilibc++devices\include\PWM.h(74): error C2864: 'PWM::kDefaultPwmCenter' : only static const integral data members can be initialized within a class
     1>C:\Users\T_hics\Documents\GitHub\allwpilib\hal\include\HAL/HAL.hpp(206): error C3861: 'round': identifier not found
     1>C:\Users\T_hics\Documents\GitHub\allwpilib\networktables\cpp\include\OSAL/Synchronized.h(36): error C2146: syntax error : missing ';' before identifier 'm_semaphore'
     1>C:\Users\T_hics\Documents\GitHub\allwpilib\networktables\cpp\include\OSAL/Synchronized.h(36): error C4430: missing type specifier - int assumed. Note: C++ does not support default-int
     1>C:\Users\T_hics\Documents\GitHub\allwpilib\networktables\cpp\include\OSAL/Synchronized.h(24): error C2065: 'm_semaphore' : undeclared identifier
     1>C:\Users\T_hics\Documents\GitHub\allwpilib\networktables\cpp\include\OSAL/Synchronized.h(24): error C2065: 'SEM_Q_PRIORITY' : undeclared identifier
     1>C:\Users\T_hics\Documents\GitHub\allwpilib\networktables\cpp\include\OSAL/Synchronized.h(24): error C2065: 'SEM_INVERSION_SAFE' : undeclared identifier
     1>C:\Users\T_hics\Documents\GitHub\allwpilib\networktables\cpp\include\OSAL/Synchronized.h(24): error C2065: 'SEM_DELETE_SAFE' : undeclared identifier
     1>C:\Users\T_hics\Documents\GitHub\allwpilib\networktables\cpp\include\OSAL/Synchronized.h(24): error C3861: 'semMCreate': identifier not found
     1>C:\Users\T_hics\Documents\GitHub\allwpilib\networktables\cpp\include\OSAL/Synchronized.h(27): error C2065: 'm_semaphore' : undeclared identifier
     1>C:\Users\T_hics\Documents\GitHub\allwpilib\networktables\cpp\include\OSAL/Synchronized.h(27): error C3861: 'semDelete': identifier not found
     1>C:\Users\T_hics\Documents\GitHub\allwpilib\networktables\cpp\include\OSAL/Synchronized.h(30): error C2065: 'm_semaphore' : undeclared identifier
     1>C:\Users\T_hics\Documents\GitHub\allwpilib\networktables\cpp\include\OSAL/Synchronized.h(30): error C2065: 'WAIT_FOREVER' : undeclared identifier
     1>C:\Users\T_hics\Documents\GitHub\allwpilib\networktables\cpp\include\OSAL/Synchronized.h(30): error C3861: 'semTake': identifier not found
     1>C:\Users\T_hics\Documents\GitHub\allwpilib\networktables\cpp\include\OSAL/Synchronized.h(33): error C2065: 'm_semaphore' : undeclared identifier
     1>C:\Users\T_hics\Documents\GitHub\allwpilib\networktables\cpp\include\OSAL/Synchronized.h(33): error C3861: 'semGive': identifier not found
     1>C:\Users\T_hics\Documents\GitHub\allwpilib\networktables\cpp\include\OSAL/Synchronized.h(83): error C2460: 'NTSynchronized::SEM_ID' : uses 'NTSynchronized', which is being defined
                 C:\Users\T_hics\Documents\GitHub\allwpilib\networktables\cpp\include\OSAL/Synchronized.h(78) : see declaration of 'NTSynchronized'
     1>C:\Users\T_hics\Documents\GitHub\allwpilib\networktables\cpp\include\OSAL/Synchronized.h(83): error C2071: 'NTSynchronized::SEM_ID' : illegal storage class
     1>C:\Users\T_hics\Documents\GitHub\allwpilib\networktables\cpp\include\OSAL/Synchronized.h(90): error C2146: syntax error : missing ';' before identifier 'm_semaphore'
     1>C:\Users\T_hics\Documents\GitHub\allwpilib\networktables\cpp\include\OSAL/Synchronized.h(90): error C4430: missing type specifier - int assumed. Note: C++ does not support default-int
     1>C:\Users\T_hics\Documents\GitHub\allwpilib\networktables\cpp\include\NTErrorBase.h(11): fatal error C1083: Cannot open include file: 'semLib.h': No such file or directory
         Task.cpp
     1>C:\Users\T_hics\Documents\GitHub\allwpilib\hal\include\HAL/HAL.hpp(206): error C3861: 'round': identifier not found
     1>C:\Users\T_hics\Documents\GitHub\allwpilib\wpilibc\wpilibC++Devices\src\Task.cpp(99): warning C4800: 'STATUS' : forcing value to bool 'true' or 'false' (performance warning)
     1>C:\Users\T_hics\Documents\GitHub\allwpilib\wpilibc\wpilibC++Devices\src\Task.cpp(108): warning C4800: 'STATUS' : forcing value to bool 'true' or 'false' (performance warning)
         Timer.cpp
     1>C:\Users\T_hics\Documents\GitHub\allwpilib\wpilibc\wpilibC++\include\Timer.h(40): error C2864: 'Timer::kRolloverTime' : only static const integral data members can be initialized within a class
     1>C:\Users\T_hics\Documents\GitHub\allwpilib\hal\include\HAL/HAL.hpp(206): error C3861: 'round': identifier not found
     1>C:\Users\T_hics\Documents\GitHub\allwpilib\wpilibc\wpilibC++Devices\src\Timer.cpp(49): error C2065: 'CLOCK_REALTIME' : undeclared identifier
     1>C:\Users\T_hics\Documents\GitHub\allwpilib\wpilibc\wpilibC++Devices\src\Timer.cpp(49): error C3861: 'clock_gettime': identifier not found
         Ultrasonic.cpp
     1>C:\Users\T_hics\Documents\GitHub\allwpilib\wpilibc\wpilibC++Devices\include\Ultrasonic.h(71): error C2864: 'Ultrasonic::kPingTime' : only static const integral data members can be initialized within a class
     1>C:\Users\T_hics\Documents\GitHub\allwpilib\wpilibc\wpilibC++Devices\include\Ultrasonic.h(73): error C2864: 'Ultrasonic::kMaxUltrasonicTime' : only static const integral data members can be initialized within a class
     1>C:\Users\T_hics\Documents\GitHub\allwpilib\wpilibc\wpilibC++Devices\include\Ultrasonic.h(74): error C2864: 'Ultrasonic::kSpeedOfSoundInchesPerSec' : only static const integral data members can be initialized within a class
     1>C:\Users\T_hics\Documents\GitHub\allwpilib\hal\include\HAL/HAL.hpp(206): error C3861: 'round': identifier not found
     1>C:\Users\T_hics\Documents\GitHub\allwpilib\wpilibc\wpilibC++\include\Timer.h(40): error C2864: 'Timer::kRolloverTime' : only static const integral data members can be initialized within a class
     1>C:\Users\T_hics\Documents\GitHub\allwpilib\networktables\cpp\include\OSAL/Synchronized.h(36): error C2146: syntax error : missing ';' before identifier 'm_semaphore'
     1>C:\Users\T_hics\Documents\GitHub\allwpilib\networktables\cpp\include\OSAL/Synchronized.h(36): error C4430: missing type specifier - int assumed. Note: C++ does not support default-int
     1>C:\Users\T_hics\Documents\GitHub\allwpilib\networktables\cpp\include\OSAL/Synchronized.h(24): error C2065: 'm_semaphore' : undeclared identifier
     1>C:\Users\T_hics\Documents\GitHub\allwpilib\networktables\cpp\include\OSAL/Synchronized.h(24): error C2065: 'SEM_Q_PRIORITY' : undeclared identifier
     1>C:\Users\T_hics\Documents\GitHub\allwpilib\networktables\cpp\include\OSAL/Synchronized.h(24): error C2065: 'SEM_INVERSION_SAFE' : undeclared identifier
     1>C:\Users\T_hics\Documents\GitHub\allwpilib\networktables\cpp\include\OSAL/Synchronized.h(24): error C2065: 'SEM_DELETE_SAFE' : undeclared identifier
     1>C:\Users\T_hics\Documents\GitHub\allwpilib\networktables\cpp\include\OSAL/Synchronized.h(24): error C3861: 'semMCreate': identifier not found
     1>C:\Users\T_hics\Documents\GitHub\allwpilib\networktables\cpp\include\OSAL/Synchronized.h(27): error C2065: 'm_semaphore' : undeclared identifier
     1>C:\Users\T_hics\Documents\GitHub\allwpilib\networktables\cpp\include\OSAL/Synchronized.h(27): error C3861: 'semDelete': identifier not found
     1>C:\Users\T_hics\Documents\GitHub\allwpilib\networktables\cpp\include\OSAL/Synchronized.h(30): error C2065: 'm_semaphore' : undeclared identifier
     1>C:\Users\T_hics\Documents\GitHub\allwpilib\networktables\cpp\include\OSAL/Synchronized.h(30): error C2065: 'WAIT_FOREVER' : undeclared identifier
     1>C:\Users\T_hics\Documents\GitHub\allwpilib\networktables\cpp\include\OSAL/Synchronized.h(30): error C3861: 'semTake': identifier not found
     1>C:\Users\T_hics\Documents\GitHub\allwpilib\networktables\cpp\include\OSAL/Synchronized.h(33): error C2065: 'm_semaphore' : undeclared identifier
     1>C:\Users\T_hics\Documents\GitHub\allwpilib\networktables\cpp\include\OSAL/Synchronized.h(33): error C3861: 'semGive': identifier not found
     1>C:\Users\T_hics\Documents\GitHub\allwpilib\networktables\cpp\include\OSAL/Synchronized.h(83): error C2460: 'NTSynchronized::SEM_ID' : uses 'NTSynchronized', which is being defined
                 C:\Users\T_hics\Documents\GitHub\allwpilib\networktables\cpp\include\OSAL/Synchronized.h(78) : see declaration of 'NTSynchronized'
     1>C:\Users\T_hics\Documents\GitHub\allwpilib\networktables\cpp\include\OSAL/Synchronized.h(83): error C2071: 'NTSynchronized::SEM_ID' : illegal storage class
     1>C:\Users\T_hics\Documents\GitHub\allwpilib\networktables\cpp\include\OSAL/Synchronized.h(90): error C2146: syntax error : missing ';' before identifier 'm_semaphore'
     1>C:\Users\T_hics\Documents\GitHub\allwpilib\networktables\cpp\include\OSAL/Synchronized.h(90): error C4430: missing type specifier - int assumed. Note: C++ does not support default-int
     1>C:\Users\T_hics\Documents\GitHub\allwpilib\networktables\cpp\include\NTErrorBase.h(11): fatal error C1083: Cannot open include file: 'semLib.h': No such file or directory
         USBCamera.cpp
     1>C:\Users\T_hics\Documents\GitHub\allwpilib\wpilibc\wpilibC++Devices\include\USBCamera.h(26): warning C4114: same type qualifier used more than once
     1>C:\Users\T_hics\Documents\GitHub\allwpilib\wpilibc\wpilibC++Devices\include\USBCamera.h(26): error C2864: 'USBCamera::ATTR_WB_MODE' : only static const integral data members can be initialized within a class
     1>C:\Users\T_hics\Documents\GitHub\allwpilib\wpilibc\wpilibC++Devices\include\USBCamera.h(27): warning C4114: same type qualifier used more than once
     1>C:\Users\T_hics\Documents\GitHub\allwpilib\wpilibc\wpilibC++Devices\include\USBCamera.h(27): error C2864: 'USBCamera::ATTR_WB_VALUE' : only static const integral data members can be initialized within a class
     1>C:\Users\T_hics\Documents\GitHub\allwpilib\wpilibc\wpilibC++Devices\include\USBCamera.h(28): warning C4114: same type qualifier used more than once
     1>C:\Users\T_hics\Documents\GitHub\allwpilib\wpilibc\wpilibC++Devices\include\USBCamera.h(28): error C2864: 'USBCamera::ATTR_EX_MODE' : only static const integral data members can be initialized within a class
     1>C:\Users\T_hics\Documents\GitHub\allwpilib\wpilibc\wpilibC++Devices\include\USBCamera.h(29): warning C4114: same type qualifier used more than once
     1>C:\Users\T_hics\Documents\GitHub\allwpilib\wpilibc\wpilibC++Devices\include\USBCamera.h(29): error C2864: 'USBCamera::ATTR_EX_VALUE' : only static const integral data members can be initialized within a class
     1>C:\Users\T_hics\Documents\GitHub\allwpilib\wpilibc\wpilibC++Devices\include\USBCamera.h(30): warning C4114: same type qualifier used more than once
     1>C:\Users\T_hics\Documents\GitHub\allwpilib\wpilibc\wpilibC++Devices\include\USBCamera.h(30): error C2864: 'USBCamera::ATTR_BR_MODE' : only static const integral data members can be initialized within a class
     1>C:\Users\T_hics\Documents\GitHub\allwpilib\wpilibc\wpilibC++Devices\include\USBCamera.h(31): warning C4114: same type qualifier used more than once
     1>C:\Users\T_hics\Documents\GitHub\allwpilib\wpilibc\wpilibC++Devices\include\USBCamera.h(31): error C2864: 'USBCamera::ATTR_BR_VALUE' : only static const integral data members can be initialized within a class
     1>C:\Users\T_hics\Documents\GitHub\allwpilib\wpilibc\wpilibC++Devices\include\USBCamera.h(57): warning C4114: same type qualifier used more than once
     1>C:\Users\T_hics\Documents\GitHub\allwpilib\wpilibc\wpilibC++Devices\include\USBCamera.h(57): error C2864: 'USBCamera::kDefaultCameraName' : only static const integral data members can be initialized within a class
     1>C:\Users\T_hics\Documents\GitHub\allwpilib\wpilibc\wpilibC++Devices\src\USBCamera.cpp(150): error C2057: expected constant expression
     1>C:\Users\T_hics\Documents\GitHub\allwpilib\wpilibc\wpilibC++Devices\src\USBCamera.cpp(150): error C2466: cannot allocate an array of constant size 0
     1>C:\Users\T_hics\Documents\GitHub\allwpilib\wpilibc\wpilibC++Devices\src\USBCamera.cpp(150): error C2133: 'modes' : unknown size
         Utility.cpp
     1>C:\Users\T_hics\Documents\GitHub\allwpilib\hal\include\HAL/HAL.hpp(171): error C2146: syntax error : missing ';' before identifier 'size_t'
     1>C:\Users\T_hics\Documents\GitHub\allwpilib\hal\include\HAL/HAL.hpp(171): error C4430: missing type specifier - int assumed. Note: C++ does not support default-int
     1>C:\Users\T_hics\Documents\GitHub\allwpilib\hal\include\HAL/HAL.hpp(172): error C2146: syntax error : missing ';' before identifier 'size_t'
     1>C:\Users\T_hics\Documents\GitHub\allwpilib\hal\include\HAL/HAL.hpp(172): error C4430: missing type specifier - int assumed. Note: C++ does not support default-int
     1>C:\Users\T_hics\Documents\GitHub\allwpilib\hal\include\HAL/HAL.hpp(172): error C2086: 'int constexpr' : redefinition
                 C:\Users\T_hics\Documents\GitHub\allwpilib\hal\include\HAL/HAL.hpp(171) : see declaration of 'constexpr'
     1>C:\Users\T_hics\Documents\GitHub\allwpilib\hal\include\HAL/HAL.hpp(176): error C2057: expected constant expression
     1>C:\Users\T_hics\Documents\GitHub\allwpilib\hal\include\HAL/HAL.hpp(176): warning C4200: nonstandard extension used : zero-sized array in struct/union
                 Cannot generate copy-ctor or copy-assignment operator when UDT contains a zero-sized array
     1>C:\Users\T_hics\Documents\GitHub\allwpilib\hal\include\HAL/HAL.hpp(181): error C2057: expected constant expression
     1>C:\Users\T_hics\Documents\GitHub\allwpilib\hal\include\HAL/HAL.hpp(181): warning C4200: nonstandard extension used : zero-sized array in struct/union
                 Cannot generate copy-ctor or copy-assignment operator when UDT contains a zero-sized array
     1>C:\Users\T_hics\Documents\GitHub\allwpilib\hal\include\HAL/HAL.hpp(194): error C2057: expected constant expression
     1>C:\Users\T_hics\Documents\GitHub\allwpilib\hal\include\HAL/HAL.hpp(194): warning C4200: nonstandard extension used : zero-sized array in struct/union
                 Cannot generate copy-ctor or copy-assignment operator when UDT contains a zero-sized array
     1>C:\Users\T_hics\Documents\GitHub\allwpilib\hal\include\HAL/HAL.hpp(195): error C2229: struct 'HALJoystickDescriptor' has an illegal zero-sized array
     1>C:\Users\T_hics\Documents\GitHub\allwpilib\hal\include\HAL/HAL.hpp(206): error C3861: 'round': identifier not found
     1>C:\Users\T_hics\Documents\GitHub\allwpilib\wpilibc\wpilibC++Devices\src\Utility.cpp(17): fatal error C1083: Cannot open include file: 'execinfo.h': No such file or directory
         Victor.cpp
     1>c:\users\t_hics\documents\github\allwpilib\wpilibc\wpilibc++devices\include\PWM.h(70): error C2864: 'PWM::kDefaultPwmPeriod' : only static const integral data members can be initialized within a class
     1>c:\users\t_hics\documents\github\allwpilib\wpilibc\wpilibc++devices\include\PWM.h(74): error C2864: 'PWM::kDefaultPwmCenter' : only static const integral data members can be initialized within a class
     1>C:\Users\T_hics\Documents\GitHub\allwpilib\hal\include\HAL/HAL.hpp(206): error C3861: 'round': identifier not found
     1>C:\Users\T_hics\Documents\GitHub\allwpilib\networktables\cpp\include\OSAL/Synchronized.h(36): error C2146: syntax error : missing ';' before identifier 'm_semaphore'
     1>C:\Users\T_hics\Documents\GitHub\allwpilib\networktables\cpp\include\OSAL/Synchronized.h(36): error C4430: missing type specifier - int assumed. Note: C++ does not support default-int
     1>C:\Users\T_hics\Documents\GitHub\allwpilib\networktables\cpp\include\OSAL/Synchronized.h(24): error C2065: 'm_semaphore' : undeclared identifier
     1>C:\Users\T_hics\Documents\GitHub\allwpilib\networktables\cpp\include\OSAL/Synchronized.h(24): error C2065: 'SEM_Q_PRIORITY' : undeclared identifier
     1>C:\Users\T_hics\Documents\GitHub\allwpilib\networktables\cpp\include\OSAL/Synchronized.h(24): error C2065: 'SEM_INVERSION_SAFE' : undeclared identifier
     1>C:\Users\T_hics\Documents\GitHub\allwpilib\networktables\cpp\include\OSAL/Synchronized.h(24): error C2065: 'SEM_DELETE_SAFE' : undeclared identifier
     1>C:\Users\T_hics\Documents\GitHub\allwpilib\networktables\cpp\include\OSAL/Synchronized.h(24): error C3861: 'semMCreate': identifier not found
     1>C:\Users\T_hics\Documents\GitHub\allwpilib\networktables\cpp\include\OSAL/Synchronized.h(27): error C2065: 'm_semaphore' : undeclared identifier
     1>C:\Users\T_hics\Documents\GitHub\allwpilib\networktables\cpp\include\OSAL/Synchronized.h(27): error C3861: 'semDelete': identifier not found
     1>C:\Users\T_hics\Documents\GitHub\allwpilib\networktables\cpp\include\OSAL/Synchronized.h(30): error C2065: 'm_semaphore' : undeclared identifier
     1>C:\Users\T_hics\Documents\GitHub\allwpilib\networktables\cpp\include\OSAL/Synchronized.h(30): error C2065: 'WAIT_FOREVER' : undeclared identifier
     1>C:\Users\T_hics\Documents\GitHub\allwpilib\networktables\cpp\include\OSAL/Synchronized.h(30): error C3861: 'semTake': identifier not found
     1>C:\Users\T_hics\Documents\GitHub\allwpilib\networktables\cpp\include\OSAL/Synchronized.h(33): error C2065: 'm_semaphore' : undeclared identifier
     1>C:\Users\T_hics\Documents\GitHub\allwpilib\networktables\cpp\include\OSAL/Synchronized.h(33): error C3861: 'semGive': identifier not found
     1>C:\Users\T_hics\Documents\GitHub\allwpilib\networktables\cpp\include\OSAL/Synchronized.h(83): error C2460: 'NTSynchronized::SEM_ID' : uses 'NTSynchronized', which is being defined
                 C:\Users\T_hics\Documents\GitHub\allwpilib\networktables\cpp\include\OSAL/Synchronized.h(78) : see declaration of 'NTSynchronized'
     1>C:\Users\T_hics\Documents\GitHub\allwpilib\networktables\cpp\include\OSAL/Synchronized.h(83): error C2071: 'NTSynchronized::SEM_ID' : illegal storage class
     1>C:\Users\T_hics\Documents\GitHub\allwpilib\networktables\cpp\include\OSAL/Synchronized.h(90): error C2146: syntax error : missing ';' before identifier 'm_semaphore'
     1>C:\Users\T_hics\Documents\GitHub\allwpilib\networktables\cpp\include\OSAL/Synchronized.h(90): error C4430: missing type specifier - int assumed. Note: C++ does not support default-int
     1>C:\Users\T_hics\Documents\GitHub\allwpilib\networktables\cpp\include\NTErrorBase.h(11): fatal error C1083: Cannot open include file: 'semLib.h': No such file or directory
         VictorSP.cpp
     1>c:\users\t_hics\documents\github\allwpilib\wpilibc\wpilibc++devices\include\PWM.h(70): error C2864: 'PWM::kDefaultPwmPeriod' : only static const integral data members can be initialized within a class
     1>c:\users\t_hics\documents\github\allwpilib\wpilibc\wpilibc++devices\include\PWM.h(74): error C2864: 'PWM::kDefaultPwmCenter' : only static const integral data members can be initialized within a class
     1>C:\Users\T_hics\Documents\GitHub\allwpilib\hal\include\HAL/HAL.hpp(206): error C3861: 'round': identifier not found
     1>C:\Users\T_hics\Documents\GitHub\allwpilib\networktables\cpp\include\OSAL/Synchronized.h(36): error C2146: syntax error : missing ';' before identifier 'm_semaphore'
     1>C:\Users\T_hics\Documents\GitHub\allwpilib\networktables\cpp\include\OSAL/Synchronized.h(36): error C4430: missing type specifier - int assumed. Note: C++ does not support default-int
     1>C:\Users\T_hics\Documents\GitHub\allwpilib\networktables\cpp\include\OSAL/Synchronized.h(24): error C2065: 'm_semaphore' : undeclared identifier
     1>C:\Users\T_hics\Documents\GitHub\allwpilib\networktables\cpp\include\OSAL/Synchronized.h(24): error C2065: 'SEM_Q_PRIORITY' : undeclared identifier
     1>C:\Users\T_hics\Documents\GitHub\allwpilib\networktables\cpp\include\OSAL/Synchronized.h(24): error C2065: 'SEM_INVERSION_SAFE' : undeclared identifier
     1>C:\Users\T_hics\Documents\GitHub\allwpilib\networktables\cpp\include\OSAL/Synchronized.h(24): error C2065: 'SEM_DELETE_SAFE' : undeclared identifier
     1>C:\Users\T_hics\Documents\GitHub\allwpilib\networktables\cpp\include\OSAL/Synchronized.h(24): error C3861: 'semMCreate': identifier not found
     1>C:\Users\T_hics\Documents\GitHub\allwpilib\networktables\cpp\include\OSAL/Synchronized.h(27): error C2065: 'm_semaphore' : undeclared identifier
     1>C:\Users\T_hics\Documents\GitHub\allwpilib\networktables\cpp\include\OSAL/Synchronized.h(27): error C3861: 'semDelete': identifier not found
     1>C:\Users\T_hics\Documents\GitHub\allwpilib\networktables\cpp\include\OSAL/Synchronized.h(30): error C2065: 'm_semaphore' : undeclared identifier
     1>C:\Users\T_hics\Documents\GitHub\allwpilib\networktables\cpp\include\OSAL/Synchronized.h(30): error C2065: 'WAIT_FOREVER' : undeclared identifier
     1>C:\Users\T_hics\Documents\GitHub\allwpilib\networktables\cpp\include\OSAL/Synchronized.h(30): error C3861: 'semTake': identifier not found
     1>C:\Users\T_hics\Documents\GitHub\allwpilib\networktables\cpp\include\OSAL/Synchronized.h(33): error C2065: 'm_semaphore' : undeclared identifier
     1>C:\Users\T_hics\Documents\GitHub\allwpilib\networktables\cpp\include\OSAL/Synchronized.h(33): error C3861: 'semGive': identifier not found
     1>C:\Users\T_hics\Documents\GitHub\allwpilib\networktables\cpp\include\OSAL/Synchronized.h(83): error C2460: 'NTSynchronized::SEM_ID' : uses 'NTSynchronized', which is being defined
                 C:\Users\T_hics\Documents\GitHub\allwpilib\networktables\cpp\include\OSAL/Synchronized.h(78) : see declaration of 'NTSynchronized'
     1>C:\Users\T_hics\Documents\GitHub\allwpilib\networktables\cpp\include\OSAL/Synchronized.h(83): error C2071: 'NTSynchronized::SEM_ID' : illegal storage class
     1>C:\Users\T_hics\Documents\GitHub\allwpilib\networktables\cpp\include\OSAL/Synchronized.h(90): error C2146: syntax error : missing ';' before identifier 'm_semaphore'
     1>C:\Users\T_hics\Documents\GitHub\allwpilib\networktables\cpp\include\OSAL/Synchronized.h(90): error C4430: missing type specifier - int assumed. Note: C++ does not support default-int
     1>C:\Users\T_hics\Documents\GitHub\allwpilib\networktables\cpp\include\NTErrorBase.h(11): fatal error C1083: Cannot open include file: 'semLib.h': No such file or directory
         AxisCamera.cpp
     1>C:\Users\T_hics\Documents\GitHub\allwpilib\wpilibc\wpilibC++Devices\src\Vision\AxisCamera.cpp(13): fatal error C1083: Cannot open include file: 'sys/socket.h': No such file or directory
         BaeUtilities.cpp
     1>C:\Users\T_hics\Documents\GitHub\allwpilib\wpilibc\wpilibC++Devices\src\Vision\BaeUtilities.cpp(9): fatal error C1083: Cannot open include file: 'unistd.h': No such file or directory
         ButtonScheduler.cpp
     1>C:\Users\T_hics\Documents\GitHub\allwpilib\networktables\cpp\include\OSAL/Synchronized.h(36): error C2146: syntax error : missing ';' before identifier 'm_semaphore'
     1>C:\Users\T_hics\Documents\GitHub\allwpilib\networktables\cpp\include\OSAL/Synchronized.h(36): error C4430: missing type specifier - int assumed. Note: C++ does not support default-int
     1>C:\Users\T_hics\Documents\GitHub\allwpilib\networktables\cpp\include\OSAL/Synchronized.h(24): error C2065: 'm_semaphore' : undeclared identifier
     1>C:\Users\T_hics\Documents\GitHub\allwpilib\networktables\cpp\include\OSAL/Synchronized.h(24): error C2065: 'SEM_Q_PRIORITY' : undeclared identifier
     1>C:\Users\T_hics\Documents\GitHub\allwpilib\networktables\cpp\include\OSAL/Synchronized.h(24): error C2065: 'SEM_INVERSION_SAFE' : undeclared identifier
     1>C:\Users\T_hics\Documents\GitHub\allwpilib\networktables\cpp\include\OSAL/Synchronized.h(24): error C2065: 'SEM_DELETE_SAFE' : undeclared identifier
     1>C:\Users\T_hics\Documents\GitHub\allwpilib\networktables\cpp\include\OSAL/Synchronized.h(24): error C3861: 'semMCreate': identifier not found
     1>C:\Users\T_hics\Documents\GitHub\allwpilib\networktables\cpp\include\OSAL/Synchronized.h(27): error C2065: 'm_semaphore' : undeclared identifier
     1>C:\Users\T_hics\Documents\GitHub\allwpilib\networktables\cpp\include\OSAL/Synchronized.h(27): error C3861: 'semDelete': identifier not found
     1>C:\Users\T_hics\Documents\GitHub\allwpilib\networktables\cpp\include\OSAL/Synchronized.h(30): error C2065: 'm_semaphore' : undeclared identifier
     1>C:\Users\T_hics\Documents\GitHub\allwpilib\networktables\cpp\include\OSAL/Synchronized.h(30): error C2065: 'WAIT_FOREVER' : undeclared identifier
     1>C:\Users\T_hics\Documents\GitHub\allwpilib\networktables\cpp\include\OSAL/Synchronized.h(30): error C3861: 'semTake': identifier not found
     1>C:\Users\T_hics\Documents\GitHub\allwpilib\networktables\cpp\include\OSAL/Synchronized.h(33): error C2065: 'm_semaphore' : undeclared identifier
     1>C:\Users\T_hics\Documents\GitHub\allwpilib\networktables\cpp\include\OSAL/Synchronized.h(33): error C3861: 'semGive': identifier not found
     1>C:\Users\T_hics\Documents\GitHub\allwpilib\networktables\cpp\include\OSAL/Synchronized.h(83): error C2460: 'NTSynchronized::SEM_ID' : uses 'NTSynchronized', which is being defined
                 C:\Users\T_hics\Documents\GitHub\allwpilib\networktables\cpp\include\OSAL/Synchronized.h(78) : see declaration of 'NTSynchronized'
     1>C:\Users\T_hics\Documents\GitHub\allwpilib\networktables\cpp\include\OSAL/Synchronized.h(83): error C2071: 'NTSynchronized::SEM_ID' : illegal storage class
     1>C:\Users\T_hics\Documents\GitHub\allwpilib\networktables\cpp\include\OSAL/Synchronized.h(90): error C2146: syntax error : missing ';' before identifier 'm_semaphore'
     1>C:\Users\T_hics\Documents\GitHub\allwpilib\networktables\cpp\include\OSAL/Synchronized.h(90): error C4430: missing type specifier - int assumed. Note: C++ does not support default-int
     1>C:\Users\T_hics\Documents\GitHub\allwpilib\networktables\cpp\include\NTErrorBase.h(11): fatal error C1083: Cannot open include file: 'semLib.h': No such file or directory
         NetworkButton.cpp
     1>C:\Users\T_hics\Documents\GitHub\allwpilib\networktables\cpp\include\OSAL/Synchronized.h(36): error C2146: syntax error : missing ';' before identifier 'm_semaphore'
     1>C:\Users\T_hics\Documents\GitHub\allwpilib\networktables\cpp\include\OSAL/Synchronized.h(36): error C4430: missing type specifier - int assumed. Note: C++ does not support default-int
     1>C:\Users\T_hics\Documents\GitHub\allwpilib\networktables\cpp\include\OSAL/Synchronized.h(24): error C2065: 'm_semaphore' : undeclared identifier
     1>C:\Users\T_hics\Documents\GitHub\allwpilib\networktables\cpp\include\OSAL/Synchronized.h(24): error C2065: 'SEM_Q_PRIORITY' : undeclared identifier
     1>C:\Users\T_hics\Documents\GitHub\allwpilib\networktables\cpp\include\OSAL/Synchronized.h(24): error C2065: 'SEM_INVERSION_SAFE' : undeclared identifier
     1>C:\Users\T_hics\Documents\GitHub\allwpilib\networktables\cpp\include\OSAL/Synchronized.h(24): error C2065: 'SEM_DELETE_SAFE' : undeclared identifier
     1>C:\Users\T_hics\Documents\GitHub\allwpilib\networktables\cpp\include\OSAL/Synchronized.h(24): error C3861: 'semMCreate': identifier not found
     1>C:\Users\T_hics\Documents\GitHub\allwpilib\networktables\cpp\include\OSAL/Synchronized.h(27): error C2065: 'm_semaphore' : undeclared identifier
     1>C:\Users\T_hics\Documents\GitHub\allwpilib\networktables\cpp\include\OSAL/Synchronized.h(27): error C3861: 'semDelete': identifier not found
     1>C:\Users\T_hics\Documents\GitHub\allwpilib\networktables\cpp\include\OSAL/Synchronized.h(30): error C2065: 'm_semaphore' : undeclared identifier
     1>C:\Users\T_hics\Documents\GitHub\allwpilib\networktables\cpp\include\OSAL/Synchronized.h(30): error C2065: 'WAIT_FOREVER' : undeclared identifier
     1>C:\Users\T_hics\Documents\GitHub\allwpilib\networktables\cpp\include\OSAL/Synchronized.h(30): error C3861: 'semTake': identifier not found
     1>C:\Users\T_hics\Documents\GitHub\allwpilib\networktables\cpp\include\OSAL/Synchronized.h(33): error C2065: 'm_semaphore' : undeclared identifier
     1>C:\Users\T_hics\Documents\GitHub\allwpilib\networktables\cpp\include\OSAL/Synchronized.h(33): error C3861: 'semGive': identifier not found
     1>C:\Users\T_hics\Documents\GitHub\allwpilib\networktables\cpp\include\OSAL/Synchronized.h(83): error C2460: 'NTSynchronized::SEM_ID' : uses 'NTSynchronized', which is being defined
                 C:\Users\T_hics\Documents\GitHub\allwpilib\networktables\cpp\include\OSAL/Synchronized.h(78) : see declaration of 'NTSynchronized'
     1>C:\Users\T_hics\Documents\GitHub\allwpilib\networktables\cpp\include\OSAL/Synchronized.h(83): error C2071: 'NTSynchronized::SEM_ID' : illegal storage class
     1>C:\Users\T_hics\Documents\GitHub\allwpilib\networktables\cpp\include\OSAL/Synchronized.h(90): error C2146: syntax error : missing ';' before identifier 'm_semaphore'
     1>C:\Users\T_hics\Documents\GitHub\allwpilib\networktables\cpp\include\OSAL/Synchronized.h(90): error C4430: missing type specifier - int assumed. Note: C++ does not support default-int
     1>C:\Users\T_hics\Documents\GitHub\allwpilib\networktables\cpp\include\NTErrorBase.h(11): fatal error C1083: Cannot open include file: 'semLib.h': No such file or directory
         Command.cpp
     1>C:\Users\T_hics\Documents\GitHub\allwpilib\networktables\cpp\include\OSAL/Synchronized.h(36): error C2146: syntax error : missing ';' before identifier 'm_semaphore'
     1>C:\Users\T_hics\Documents\GitHub\allwpilib\networktables\cpp\include\OSAL/Synchronized.h(36): error C4430: missing type specifier - int assumed. Note: C++ does not support default-int
     1>C:\Users\T_hics\Documents\GitHub\allwpilib\networktables\cpp\include\OSAL/Synchronized.h(24): error C2065: 'm_semaphore' : undeclared identifier
     1>C:\Users\T_hics\Documents\GitHub\allwpilib\networktables\cpp\include\OSAL/Synchronized.h(24): error C2065: 'SEM_Q_PRIORITY' : undeclared identifier
     1>C:\Users\T_hics\Documents\GitHub\allwpilib\networktables\cpp\include\OSAL/Synchronized.h(24): error C2065: 'SEM_INVERSION_SAFE' : undeclared identifier
     1>C:\Users\T_hics\Documents\GitHub\allwpilib\networktables\cpp\include\OSAL/Synchronized.h(24): error C2065: 'SEM_DELETE_SAFE' : undeclared identifier
     1>C:\Users\T_hics\Documents\GitHub\allwpilib\networktables\cpp\include\OSAL/Synchronized.h(24): error C3861: 'semMCreate': identifier not found
     1>C:\Users\T_hics\Documents\GitHub\allwpilib\networktables\cpp\include\OSAL/Synchronized.h(27): error C2065: 'm_semaphore' : undeclared identifier
     1>C:\Users\T_hics\Documents\GitHub\allwpilib\networktables\cpp\include\OSAL/Synchronized.h(27): error C3861: 'semDelete': identifier not found
     1>C:\Users\T_hics\Documents\GitHub\allwpilib\networktables\cpp\include\OSAL/Synchronized.h(30): error C2065: 'm_semaphore' : undeclared identifier
     1>C:\Users\T_hics\Documents\GitHub\allwpilib\networktables\cpp\include\OSAL/Synchronized.h(30): error C2065: 'WAIT_FOREVER' : undeclared identifier
     1>C:\Users\T_hics\Documents\GitHub\allwpilib\networktables\cpp\include\OSAL/Synchronized.h(30): error C3861: 'semTake': identifier not found
     1>C:\Users\T_hics\Documents\GitHub\allwpilib\networktables\cpp\include\OSAL/Synchronized.h(33): error C2065: 'm_semaphore' : undeclared identifier
     1>C:\Users\T_hics\Documents\GitHub\allwpilib\networktables\cpp\include\OSAL/Synchronized.h(33): error C3861: 'semGive': identifier not found
     1>C:\Users\T_hics\Documents\GitHub\allwpilib\networktables\cpp\include\OSAL/Synchronized.h(83): error C2460: 'NTSynchronized::SEM_ID' : uses 'NTSynchronized', which is being defined
                 C:\Users\T_hics\Documents\GitHub\allwpilib\networktables\cpp\include\OSAL/Synchronized.h(78) : see declaration of 'NTSynchronized'
     1>C:\Users\T_hics\Documents\GitHub\allwpilib\networktables\cpp\include\OSAL/Synchronized.h(83): error C2071: 'NTSynchronized::SEM_ID' : illegal storage class
     1>C:\Users\T_hics\Documents\GitHub\allwpilib\networktables\cpp\include\OSAL/Synchronized.h(90): error C2146: syntax error : missing ';' before identifier 'm_semaphore'
     1>C:\Users\T_hics\Documents\GitHub\allwpilib\networktables\cpp\include\OSAL/Synchronized.h(90): error C4430: missing type specifier - int assumed. Note: C++ does not support default-int
     1>C:\Users\T_hics\Documents\GitHub\allwpilib\networktables\cpp\include\NTErrorBase.h(11): fatal error C1083: Cannot open include file: 'semLib.h': No such file or directory
         Generating Code...
         Compiling...
         PIDCommand.cpp
     1>C:\Users\T_hics\Documents\GitHub\allwpilib\networktables\cpp\include\OSAL/Synchronized.h(36): error C2146: syntax error : missing ';' before identifier 'm_semaphore'
     1>C:\Users\T_hics\Documents\GitHub\allwpilib\networktables\cpp\include\OSAL/Synchronized.h(36): error C4430: missing type specifier - int assumed. Note: C++ does not support default-int
     1>C:\Users\T_hics\Documents\GitHub\allwpilib\networktables\cpp\include\OSAL/Synchronized.h(24): error C2065: 'm_semaphore' : undeclared identifier
     1>C:\Users\T_hics\Documents\GitHub\allwpilib\networktables\cpp\include\OSAL/Synchronized.h(24): error C2065: 'SEM_Q_PRIORITY' : undeclared identifier
     1>C:\Users\T_hics\Documents\GitHub\allwpilib\networktables\cpp\include\OSAL/Synchronized.h(24): error C2065: 'SEM_INVERSION_SAFE' : undeclared identifier
     1>C:\Users\T_hics\Documents\GitHub\allwpilib\networktables\cpp\include\OSAL/Synchronized.h(24): error C2065: 'SEM_DELETE_SAFE' : undeclared identifier
     1>C:\Users\T_hics\Documents\GitHub\allwpilib\networktables\cpp\include\OSAL/Synchronized.h(24): error C3861: 'semMCreate': identifier not found
     1>C:\Users\T_hics\Documents\GitHub\allwpilib\networktables\cpp\include\OSAL/Synchronized.h(27): error C2065: 'm_semaphore' : undeclared identifier
     1>C:\Users\T_hics\Documents\GitHub\allwpilib\networktables\cpp\include\OSAL/Synchronized.h(27): error C3861: 'semDelete': identifier not found
     1>C:\Users\T_hics\Documents\GitHub\allwpilib\networktables\cpp\include\OSAL/Synchronized.h(30): error C2065: 'm_semaphore' : undeclared identifier
     1>C:\Users\T_hics\Documents\GitHub\allwpilib\networktables\cpp\include\OSAL/Synchronized.h(30): error C2065: 'WAIT_FOREVER' : undeclared identifier
     1>C:\Users\T_hics\Documents\GitHub\allwpilib\networktables\cpp\include\OSAL/Synchronized.h(30): error C3861: 'semTake': identifier not found
     1>C:\Users\T_hics\Documents\GitHub\allwpilib\networktables\cpp\include\OSAL/Synchronized.h(33): error C2065: 'm_semaphore' : undeclared identifier
     1>C:\Users\T_hics\Documents\GitHub\allwpilib\networktables\cpp\include\OSAL/Synchronized.h(33): error C3861: 'semGive': identifier not found
     1>C:\Users\T_hics\Documents\GitHub\allwpilib\networktables\cpp\include\OSAL/Synchronized.h(83): error C2460: 'NTSynchronized::SEM_ID' : uses 'NTSynchronized', which is being defined
                 C:\Users\T_hics\Documents\GitHub\allwpilib\networktables\cpp\include\OSAL/Synchronized.h(78) : see declaration of 'NTSynchronized'
     1>C:\Users\T_hics\Documents\GitHub\allwpilib\networktables\cpp\include\OSAL/Synchronized.h(83): error C2071: 'NTSynchronized::SEM_ID' : illegal storage class
     1>C:\Users\T_hics\Documents\GitHub\allwpilib\networktables\cpp\include\OSAL/Synchronized.h(90): error C2146: syntax error : missing ';' before identifier 'm_semaphore'
     1>C:\Users\T_hics\Documents\GitHub\allwpilib\networktables\cpp\include\OSAL/Synchronized.h(90): error C4430: missing type specifier - int assumed. Note: C++ does not support default-int
     1>C:\Users\T_hics\Documents\GitHub\allwpilib\networktables\cpp\include\NTErrorBase.h(11): fatal error C1083: Cannot open include file: 'semLib.h': No such file or directory
         PIDSubsystem.cpp
     1>C:\Users\T_hics\Documents\GitHub\allwpilib\networktables\cpp\include\OSAL/Synchronized.h(36): error C2146: syntax error : missing ';' before identifier 'm_semaphore'
     1>C:\Users\T_hics\Documents\GitHub\allwpilib\networktables\cpp\include\OSAL/Synchronized.h(36): error C4430: missing type specifier - int assumed. Note: C++ does not support default-int
     1>C:\Users\T_hics\Documents\GitHub\allwpilib\networktables\cpp\include\OSAL/Synchronized.h(24): error C2065: 'm_semaphore' : undeclared identifier
     1>C:\Users\T_hics\Documents\GitHub\allwpilib\networktables\cpp\include\OSAL/Synchronized.h(24): error C2065: 'SEM_Q_PRIORITY' : undeclared identifier
     1>C:\Users\T_hics\Documents\GitHub\allwpilib\networktables\cpp\include\OSAL/Synchronized.h(24): error C2065: 'SEM_INVERSION_SAFE' : undeclared identifier
     1>C:\Users\T_hics\Documents\GitHub\allwpilib\networktables\cpp\include\OSAL/Synchronized.h(24): error C2065: 'SEM_DELETE_SAFE' : undeclared identifier
     1>C:\Users\T_hics\Documents\GitHub\allwpilib\networktables\cpp\include\OSAL/Synchronized.h(24): error C3861: 'semMCreate': identifier not found
     1>C:\Users\T_hics\Documents\GitHub\allwpilib\networktables\cpp\include\OSAL/Synchronized.h(27): error C2065: 'm_semaphore' : undeclared identifier
     1>C:\Users\T_hics\Documents\GitHub\allwpilib\networktables\cpp\include\OSAL/Synchronized.h(27): error C3861: 'semDelete': identifier not found
     1>C:\Users\T_hics\Documents\GitHub\allwpilib\networktables\cpp\include\OSAL/Synchronized.h(30): error C2065: 'm_semaphore' : undeclared identifier
     1>C:\Users\T_hics\Documents\GitHub\allwpilib\networktables\cpp\include\OSAL/Synchronized.h(30): error C2065: 'WAIT_FOREVER' : undeclared identifier
     1>C:\Users\T_hics\Documents\GitHub\allwpilib\networktables\cpp\include\OSAL/Synchronized.h(30): error C3861: 'semTake': identifier not found
     1>C:\Users\T_hics\Documents\GitHub\allwpilib\networktables\cpp\include\OSAL/Synchronized.h(33): error C2065: 'm_semaphore' : undeclared identifier
     1>C:\Users\T_hics\Documents\GitHub\allwpilib\networktables\cpp\include\OSAL/Synchronized.h(33): error C3861: 'semGive': identifier not found
     1>C:\Users\T_hics\Documents\GitHub\allwpilib\networktables\cpp\include\OSAL/Synchronized.h(83): error C2460: 'NTSynchronized::SEM_ID' : uses 'NTSynchronized', which is being defined
                 C:\Users\T_hics\Documents\GitHub\allwpilib\networktables\cpp\include\OSAL/Synchronized.h(78) : see declaration of 'NTSynchronized'
     1>C:\Users\T_hics\Documents\GitHub\allwpilib\networktables\cpp\include\OSAL/Synchronized.h(83): error C2071: 'NTSynchronized::SEM_ID' : illegal storage class
     1>C:\Users\T_hics\Documents\GitHub\allwpilib\networktables\cpp\include\OSAL/Synchronized.h(90): error C2146: syntax error : missing ';' before identifier 'm_semaphore'
     1>C:\Users\T_hics\Documents\GitHub\allwpilib\networktables\cpp\include\OSAL/Synchronized.h(90): error C4430: missing type specifier - int assumed. Note: C++ does not support default-int
     1>C:\Users\T_hics\Documents\GitHub\allwpilib\networktables\cpp\include\NTErrorBase.h(11): fatal error C1083: Cannot open include file: 'semLib.h': No such file or directory
         Scheduler.cpp
     1>C:\Users\T_hics\Documents\GitHub\allwpilib\networktables\cpp\include\OSAL/Synchronized.h(36): error C2146: syntax error : missing ';' before identifier 'm_semaphore'
     1>C:\Users\T_hics\Documents\GitHub\allwpilib\networktables\cpp\include\OSAL/Synchronized.h(36): error C4430: missing type specifier - int assumed. Note: C++ does not support default-int
     1>C:\Users\T_hics\Documents\GitHub\allwpilib\networktables\cpp\include\OSAL/Synchronized.h(24): error C2065: 'm_semaphore' : undeclared identifier
     1>C:\Users\T_hics\Documents\GitHub\allwpilib\networktables\cpp\include\OSAL/Synchronized.h(24): error C2065: 'SEM_Q_PRIORITY' : undeclared identifier
     1>C:\Users\T_hics\Documents\GitHub\allwpilib\networktables\cpp\include\OSAL/Synchronized.h(24): error C2065: 'SEM_INVERSION_SAFE' : undeclared identifier
     1>C:\Users\T_hics\Documents\GitHub\allwpilib\networktables\cpp\include\OSAL/Synchronized.h(24): error C2065: 'SEM_DELETE_SAFE' : undeclared identifier
     1>C:\Users\T_hics\Documents\GitHub\allwpilib\networktables\cpp\include\OSAL/Synchronized.h(24): error C3861: 'semMCreate': identifier not found
     1>C:\Users\T_hics\Documents\GitHub\allwpilib\networktables\cpp\include\OSAL/Synchronized.h(27): error C2065: 'm_semaphore' : undeclared identifier
     1>C:\Users\T_hics\Documents\GitHub\allwpilib\networktables\cpp\include\OSAL/Synchronized.h(27): error C3861: 'semDelete': identifier not found
     1>C:\Users\T_hics\Documents\GitHub\allwpilib\networktables\cpp\include\OSAL/Synchronized.h(30): error C2065: 'm_semaphore' : undeclared identifier
     1>C:\Users\T_hics\Documents\GitHub\allwpilib\networktables\cpp\include\OSAL/Synchronized.h(30): error C2065: 'WAIT_FOREVER' : undeclared identifier
     1>C:\Users\T_hics\Documents\GitHub\allwpilib\networktables\cpp\include\OSAL/Synchronized.h(30): error C3861: 'semTake': identifier not found
     1>C:\Users\T_hics\Documents\GitHub\allwpilib\networktables\cpp\include\OSAL/Synchronized.h(33): error C2065: 'm_semaphore' : undeclared identifier
     1>C:\Users\T_hics\Documents\GitHub\allwpilib\networktables\cpp\include\OSAL/Synchronized.h(33): error C3861: 'semGive': identifier not found
     1>C:\Users\T_hics\Documents\GitHub\allwpilib\networktables\cpp\include\OSAL/Synchronized.h(83): error C2460: 'NTSynchronized::SEM_ID' : uses 'NTSynchronized', which is being defined
                 C:\Users\T_hics\Documents\GitHub\allwpilib\networktables\cpp\include\OSAL/Synchronized.h(78) : see declaration of 'NTSynchronized'
     1>C:\Users\T_hics\Documents\GitHub\allwpilib\networktables\cpp\include\OSAL/Synchronized.h(83): error C2071: 'NTSynchronized::SEM_ID' : illegal storage class
     1>C:\Users\T_hics\Documents\GitHub\allwpilib\networktables\cpp\include\OSAL/Synchronized.h(90): error C2146: syntax error : missing ';' before identifier 'm_semaphore'
     1>C:\Users\T_hics\Documents\GitHub\allwpilib\networktables\cpp\include\OSAL/Synchronized.h(90): error C4430: missing type specifier - int assumed. Note: C++ does not support default-int
     1>C:\Users\T_hics\Documents\GitHub\allwpilib\networktables\cpp\include\NTErrorBase.h(11): fatal error C1083: Cannot open include file: 'semLib.h': No such file or directory
         Subsystem.cpp
     1>C:\Users\T_hics\Documents\GitHub\allwpilib\networktables\cpp\include\OSAL/Synchronized.h(36): error C2146: syntax error : missing ';' before identifier 'm_semaphore'
     1>C:\Users\T_hics\Documents\GitHub\allwpilib\networktables\cpp\include\OSAL/Synchronized.h(36): error C4430: missing type specifier - int assumed. Note: C++ does not support default-int
     1>C:\Users\T_hics\Documents\GitHub\allwpilib\networktables\cpp\include\OSAL/Synchronized.h(24): error C2065: 'm_semaphore' : undeclared identifier
     1>C:\Users\T_hics\Documents\GitHub\allwpilib\networktables\cpp\include\OSAL/Synchronized.h(24): error C2065: 'SEM_Q_PRIORITY' : undeclared identifier
     1>C:\Users\T_hics\Documents\GitHub\allwpilib\networktables\cpp\include\OSAL/Synchronized.h(24): error C2065: 'SEM_INVERSION_SAFE' : undeclared identifier
     1>C:\Users\T_hics\Documents\GitHub\allwpilib\networktables\cpp\include\OSAL/Synchronized.h(24): error C2065: 'SEM_DELETE_SAFE' : undeclared identifier
     1>C:\Users\T_hics\Documents\GitHub\allwpilib\networktables\cpp\include\OSAL/Synchronized.h(24): error C3861: 'semMCreate': identifier not found
     1>C:\Users\T_hics\Documents\GitHub\allwpilib\networktables\cpp\include\OSAL/Synchronized.h(27): error C2065: 'm_semaphore' : undeclared identifier
     1>C:\Users\T_hics\Documents\GitHub\allwpilib\networktables\cpp\include\OSAL/Synchronized.h(27): error C3861: 'semDelete': identifier not found
     1>C:\Users\T_hics\Documents\GitHub\allwpilib\networktables\cpp\include\OSAL/Synchronized.h(30): error C2065: 'm_semaphore' : undeclared identifier
     1>C:\Users\T_hics\Documents\GitHub\allwpilib\networktables\cpp\include\OSAL/Synchronized.h(30): error C2065: 'WAIT_FOREVER' : undeclared identifier
     1>C:\Users\T_hics\Documents\GitHub\allwpilib\networktables\cpp\include\OSAL/Synchronized.h(30): error C3861: 'semTake': identifier not found
     1>C:\Users\T_hics\Documents\GitHub\allwpilib\networktables\cpp\include\OSAL/Synchronized.h(33): error C2065: 'm_semaphore' : undeclared identifier
     1>C:\Users\T_hics\Documents\GitHub\allwpilib\networktables\cpp\include\OSAL/Synchronized.h(33): error C3861: 'semGive': identifier not found
     1>C:\Users\T_hics\Documents\GitHub\allwpilib\networktables\cpp\include\OSAL/Synchronized.h(83): error C2460: 'NTSynchronized::SEM_ID' : uses 'NTSynchronized', which is being defined
                 C:\Users\T_hics\Documents\GitHub\allwpilib\networktables\cpp\include\OSAL/Synchronized.h(78) : see declaration of 'NTSynchronized'
     1>C:\Users\T_hics\Documents\GitHub\allwpilib\networktables\cpp\include\OSAL/Synchronized.h(83): error C2071: 'NTSynchronized::SEM_ID' : illegal storage class
     1>C:\Users\T_hics\Documents\GitHub\allwpilib\networktables\cpp\include\OSAL/Synchronized.h(90): error C2146: syntax error : missing ';' before identifier 'm_semaphore'
     1>C:\Users\T_hics\Documents\GitHub\allwpilib\networktables\cpp\include\OSAL/Synchronized.h(90): error C4430: missing type specifier - int assumed. Note: C++ does not support default-int
     1>C:\Users\T_hics\Documents\GitHub\allwpilib\networktables\cpp\include\NTErrorBase.h(11): fatal error C1083: Cannot open include file: 'semLib.h': No such file or directory
         WaitUntilCommand.cpp
     1>C:\Users\T_hics\Documents\GitHub\allwpilib\wpilibc\wpilibC++\include\Timer.h(40): error C2864: 'Timer::kRolloverTime' : only static const integral data members can be initialized within a class
         Error.cpp
     1>C:\Users\T_hics\Documents\GitHub\allwpilib\hal\include\HAL/HAL.hpp(206): error C3861: 'round': identifier not found
     1>C:\Users\T_hics\Documents\GitHub\allwpilib\wpilibc\wpilibC++\include\Timer.h(40): error C2864: 'Timer::kRolloverTime' : only static const integral data members can be initialized within a class
     1>C:\Users\T_hics\Documents\GitHub\allwpilib\wpilibc\wpilibC++\src\Error.cpp(93): error C3861: 'basename': identifier not found
         ErrorBase.cpp
     1>C:\Users\T_hics\Documents\GitHub\allwpilib\wpilibc\wpilibC++\src\ErrorBase.cpp(64): warning C4996: 'sprintf': This function or variable may be unsafe. Consider using sprintf_s instead. To disable deprecation, use _CRT_SECURE_NO_WARNINGS. See online help for details.
                 C:\Program Files (x86)\Microsoft Visual Studio 11.0\VC\include\stdio.h(357) : see declaration of 'sprintf'
     1>C:\Users\T_hics\Documents\GitHub\allwpilib\wpilibc\wpilibC++\src\ErrorBase.cpp(68): error C3861: 'snprintf': identifier not found
         LiveWindow.cpp
     1>C:\Users\T_hics\Documents\GitHub\allwpilib\networktables\cpp\include\OSAL/Synchronized.h(36): error C2146: syntax error : missing ';' before identifier 'm_semaphore'
     1>C:\Users\T_hics\Documents\GitHub\allwpilib\networktables\cpp\include\OSAL/Synchronized.h(36): error C4430: missing type specifier - int assumed. Note: C++ does not support default-int
     1>C:\Users\T_hics\Documents\GitHub\allwpilib\networktables\cpp\include\OSAL/Synchronized.h(24): error C2065: 'm_semaphore' : undeclared identifier
     1>C:\Users\T_hics\Documents\GitHub\allwpilib\networktables\cpp\include\OSAL/Synchronized.h(24): error C2065: 'SEM_Q_PRIORITY' : undeclared identifier
     1>C:\Users\T_hics\Documents\GitHub\allwpilib\networktables\cpp\include\OSAL/Synchronized.h(24): error C2065: 'SEM_INVERSION_SAFE' : undeclared identifier
     1>C:\Users\T_hics\Documents\GitHub\allwpilib\networktables\cpp\include\OSAL/Synchronized.h(24): error C2065: 'SEM_DELETE_SAFE' : undeclared identifier
     1>C:\Users\T_hics\Documents\GitHub\allwpilib\networktables\cpp\include\OSAL/Synchronized.h(24): error C3861: 'semMCreate': identifier not found
     1>C:\Users\T_hics\Documents\GitHub\allwpilib\networktables\cpp\include\OSAL/Synchronized.h(27): error C2065: 'm_semaphore' : undeclared identifier
     1>C:\Users\T_hics\Documents\GitHub\allwpilib\networktables\cpp\include\OSAL/Synchronized.h(27): error C3861: 'semDelete': identifier not found
     1>C:\Users\T_hics\Documents\GitHub\allwpilib\networktables\cpp\include\OSAL/Synchronized.h(30): error C2065: 'm_semaphore' : undeclared identifier
     1>C:\Users\T_hics\Documents\GitHub\allwpilib\networktables\cpp\include\OSAL/Synchronized.h(30): error C2065: 'WAIT_FOREVER' : undeclared identifier
     1>C:\Users\T_hics\Documents\GitHub\allwpilib\networktables\cpp\include\OSAL/Synchronized.h(30): error C3861: 'semTake': identifier not found
     1>C:\Users\T_hics\Documents\GitHub\allwpilib\networktables\cpp\include\OSAL/Synchronized.h(33): error C2065: 'm_semaphore' : undeclared identifier
     1>C:\Users\T_hics\Documents\GitHub\allwpilib\networktables\cpp\include\OSAL/Synchronized.h(33): error C3861: 'semGive': identifier not found
     1>C:\Users\T_hics\Documents\GitHub\allwpilib\networktables\cpp\include\OSAL/Synchronized.h(83): error C2460: 'NTSynchronized::SEM_ID' : uses 'NTSynchronized', which is being defined
                 C:\Users\T_hics\Documents\GitHub\allwpilib\networktables\cpp\include\OSAL/Synchronized.h(78) : see declaration of 'NTSynchronized'
     1>C:\Users\T_hics\Documents\GitHub\allwpilib\networktables\cpp\include\OSAL/Synchronized.h(83): error C2071: 'NTSynchronized::SEM_ID' : illegal storage class
     1>C:\Users\T_hics\Documents\GitHub\allwpilib\networktables\cpp\include\OSAL/Synchronized.h(90): error C2146: syntax error : missing ';' before identifier 'm_semaphore'
     1>C:\Users\T_hics\Documents\GitHub\allwpilib\networktables\cpp\include\OSAL/Synchronized.h(90): error C4430: missing type specifier - int assumed. Note: C++ does not support default-int
     1>C:\Users\T_hics\Documents\GitHub\allwpilib\networktables\cpp\include\NTErrorBase.h(11): fatal error C1083: Cannot open include file: 'semLib.h': No such file or directory
         LiveWindowStatusListener.cpp
     1>C:\Users\T_hics\Documents\GitHub\allwpilib\networktables\cpp\include\OSAL/Synchronized.h(36): error C2146: syntax error : missing ';' before identifier 'm_semaphore'
     1>C:\Users\T_hics\Documents\GitHub\allwpilib\networktables\cpp\include\OSAL/Synchronized.h(36): error C4430: missing type specifier - int assumed. Note: C++ does not support default-int
     1>C:\Users\T_hics\Documents\GitHub\allwpilib\networktables\cpp\include\OSAL/Synchronized.h(24): error C2065: 'm_semaphore' : undeclared identifier
     1>C:\Users\T_hics\Documents\GitHub\allwpilib\networktables\cpp\include\OSAL/Synchronized.h(24): error C2065: 'SEM_Q_PRIORITY' : undeclared identifier
     1>C:\Users\T_hics\Documents\GitHub\allwpilib\networktables\cpp\include\OSAL/Synchronized.h(24): error C2065: 'SEM_INVERSION_SAFE' : undeclared identifier
     1>C:\Users\T_hics\Documents\GitHub\allwpilib\networktables\cpp\include\OSAL/Synchronized.h(24): error C2065: 'SEM_DELETE_SAFE' : undeclared identifier
     1>C:\Users\T_hics\Documents\GitHub\allwpilib\networktables\cpp\include\OSAL/Synchronized.h(24): error C3861: 'semMCreate': identifier not found
     1>C:\Users\T_hics\Documents\GitHub\allwpilib\networktables\cpp\include\OSAL/Synchronized.h(27): error C2065: 'm_semaphore' : undeclared identifier
     1>C:\Users\T_hics\Documents\GitHub\allwpilib\networktables\cpp\include\OSAL/Synchronized.h(27): error C3861: 'semDelete': identifier not found
     1>C:\Users\T_hics\Documents\GitHub\allwpilib\networktables\cpp\include\OSAL/Synchronized.h(30): error C2065: 'm_semaphore' : undeclared identifier
     1>C:\Users\T_hics\Documents\GitHub\allwpilib\networktables\cpp\include\OSAL/Synchronized.h(30): error C2065: 'WAIT_FOREVER' : undeclared identifier
     1>C:\Users\T_hics\Documents\GitHub\allwpilib\networktables\cpp\include\OSAL/Synchronized.h(30): error C3861: 'semTake': identifier not found
     1>C:\Users\T_hics\Documents\GitHub\allwpilib\networktables\cpp\include\OSAL/Synchronized.h(33): error C2065: 'm_semaphore' : undeclared identifier
     1>C:\Users\T_hics\Documents\GitHub\allwpilib\networktables\cpp\include\OSAL/Synchronized.h(33): error C3861: 'semGive': identifier not found
     1>C:\Users\T_hics\Documents\GitHub\allwpilib\networktables\cpp\include\OSAL/Synchronized.h(83): error C2460: 'NTSynchronized::SEM_ID' : uses 'NTSynchronized', which is being defined
                 C:\Users\T_hics\Documents\GitHub\allwpilib\networktables\cpp\include\OSAL/Synchronized.h(78) : see declaration of 'NTSynchronized'
     1>C:\Users\T_hics\Documents\GitHub\allwpilib\networktables\cpp\include\OSAL/Synchronized.h(83): error C2071: 'NTSynchronized::SEM_ID' : illegal storage class
     1>C:\Users\T_hics\Documents\GitHub\allwpilib\networktables\cpp\include\OSAL/Synchronized.h(90): error C2146: syntax error : missing ';' before identifier 'm_semaphore'
     1>C:\Users\T_hics\Documents\GitHub\allwpilib\networktables\cpp\include\OSAL/Synchronized.h(90): error C4430: missing type specifier - int assumed. Note: C++ does not support default-int
     1>C:\Users\T_hics\Documents\GitHub\allwpilib\networktables\cpp\include\NTErrorBase.h(11): fatal error C1083: Cannot open include file: 'semLib.h': No such file or directory
         SendableChooser.cpp
     1>C:\Users\T_hics\Documents\GitHub\allwpilib\networktables\cpp\include\OSAL/Synchronized.h(36): error C2146: syntax error : missing ';' before identifier 'm_semaphore'
     1>C:\Users\T_hics\Documents\GitHub\allwpilib\networktables\cpp\include\OSAL/Synchronized.h(36): error C4430: missing type specifier - int assumed. Note: C++ does not support default-int
     1>C:\Users\T_hics\Documents\GitHub\allwpilib\networktables\cpp\include\OSAL/Synchronized.h(24): error C2065: 'm_semaphore' : undeclared identifier
     1>C:\Users\T_hics\Documents\GitHub\allwpilib\networktables\cpp\include\OSAL/Synchronized.h(24): error C2065: 'SEM_Q_PRIORITY' : undeclared identifier
     1>C:\Users\T_hics\Documents\GitHub\allwpilib\networktables\cpp\include\OSAL/Synchronized.h(24): error C2065: 'SEM_INVERSION_SAFE' : undeclared identifier
     1>C:\Users\T_hics\Documents\GitHub\allwpilib\networktables\cpp\include\OSAL/Synchronized.h(24): error C2065: 'SEM_DELETE_SAFE' : undeclared identifier
     1>C:\Users\T_hics\Documents\GitHub\allwpilib\networktables\cpp\include\OSAL/Synchronized.h(24): error C3861: 'semMCreate': identifier not found
     1>C:\Users\T_hics\Documents\GitHub\allwpilib\networktables\cpp\include\OSAL/Synchronized.h(27): error C2065: 'm_semaphore' : undeclared identifier
     1>C:\Users\T_hics\Documents\GitHub\allwpilib\networktables\cpp\include\OSAL/Synchronized.h(27): error C3861: 'semDelete': identifier not found
     1>C:\Users\T_hics\Documents\GitHub\allwpilib\networktables\cpp\include\OSAL/Synchronized.h(30): error C2065: 'm_semaphore' : undeclared identifier
     1>C:\Users\T_hics\Documents\GitHub\allwpilib\networktables\cpp\include\OSAL/Synchronized.h(30): error C2065: 'WAIT_FOREVER' : undeclared identifier
     1>C:\Users\T_hics\Documents\GitHub\allwpilib\networktables\cpp\include\OSAL/Synchronized.h(30): error C3861: 'semTake': identifier not found
     1>C:\Users\T_hics\Documents\GitHub\allwpilib\networktables\cpp\include\OSAL/Synchronized.h(33): error C2065: 'm_semaphore' : undeclared identifier
     1>C:\Users\T_hics\Documents\GitHub\allwpilib\networktables\cpp\include\OSAL/Synchronized.h(33): error C3861: 'semGive': identifier not found
     1>C:\Users\T_hics\Documents\GitHub\allwpilib\networktables\cpp\include\OSAL/Synchronized.h(83): error C2460: 'NTSynchronized::SEM_ID' : uses 'NTSynchronized', which is being defined
                 C:\Users\T_hics\Documents\GitHub\allwpilib\networktables\cpp\include\OSAL/Synchronized.h(78) : see declaration of 'NTSynchronized'
     1>C:\Users\T_hics\Documents\GitHub\allwpilib\networktables\cpp\include\OSAL/Synchronized.h(83): error C2071: 'NTSynchronized::SEM_ID' : illegal storage class
     1>C:\Users\T_hics\Documents\GitHub\allwpilib\networktables\cpp\include\OSAL/Synchronized.h(90): error C2146: syntax error : missing ';' before identifier 'm_semaphore'
     1>C:\Users\T_hics\Documents\GitHub\allwpilib\networktables\cpp\include\OSAL/Synchronized.h(90): error C4430: missing type specifier - int assumed. Note: C++ does not support default-int
         SmartDashboard.cpp
     1>C:\Users\T_hics\Documents\GitHub\allwpilib\networktables\cpp\include\OSAL/Synchronized.h(36): error C2146: syntax error : missing ';' before identifier 'm_semaphore'
     1>C:\Users\T_hics\Documents\GitHub\allwpilib\networktables\cpp\include\OSAL/Synchronized.h(36): error C4430: missing type specifier - int assumed. Note: C++ does not support default-int
     1>C:\Users\T_hics\Documents\GitHub\allwpilib\networktables\cpp\include\OSAL/Synchronized.h(24): error C2065: 'm_semaphore' : undeclared identifier
     1>C:\Users\T_hics\Documents\GitHub\allwpilib\networktables\cpp\include\OSAL/Synchronized.h(24): error C2065: 'SEM_Q_PRIORITY' : undeclared identifier
     1>C:\Users\T_hics\Documents\GitHub\allwpilib\networktables\cpp\include\OSAL/Synchronized.h(24): error C2065: 'SEM_INVERSION_SAFE' : undeclared identifier
     1>C:\Users\T_hics\Documents\GitHub\allwpilib\networktables\cpp\include\OSAL/Synchronized.h(24): error C2065: 'SEM_DELETE_SAFE' : undeclared identifier
     1>C:\Users\T_hics\Documents\GitHub\allwpilib\networktables\cpp\include\OSAL/Synchronized.h(24): error C3861: 'semMCreate': identifier not found
     1>C:\Users\T_hics\Documents\GitHub\allwpilib\networktables\cpp\include\OSAL/Synchronized.h(27): error C2065: 'm_semaphore' : undeclared identifier
     1>C:\Users\T_hics\Documents\GitHub\allwpilib\networktables\cpp\include\OSAL/Synchronized.h(27): error C3861: 'semDelete': identifier not found
     1>C:\Users\T_hics\Documents\GitHub\allwpilib\networktables\cpp\include\OSAL/Synchronized.h(30): error C2065: 'm_semaphore' : undeclared identifier
     1>C:\Users\T_hics\Documents\GitHub\allwpilib\networktables\cpp\include\OSAL/Synchronized.h(30): error C2065: 'WAIT_FOREVER' : undeclared identifier
     1>C:\Users\T_hics\Documents\GitHub\allwpilib\networktables\cpp\include\OSAL/Synchronized.h(30): error C3861: 'semTake': identifier not found
     1>C:\Users\T_hics\Documents\GitHub\allwpilib\networktables\cpp\include\OSAL/Synchronized.h(33): error C2065: 'm_semaphore' : undeclared identifier
     1>C:\Users\T_hics\Documents\GitHub\allwpilib\networktables\cpp\include\OSAL/Synchronized.h(33): error C3861: 'semGive': identifier not found
     1>C:\Users\T_hics\Documents\GitHub\allwpilib\networktables\cpp\include\OSAL/Synchronized.h(83): error C2460: 'NTSynchronized::SEM_ID' : uses 'NTSynchronized', which is being defined
                 C:\Users\T_hics\Documents\GitHub\allwpilib\networktables\cpp\include\OSAL/Synchronized.h(78) : see declaration of 'NTSynchronized'
     1>C:\Users\T_hics\Documents\GitHub\allwpilib\networktables\cpp\include\OSAL/Synchronized.h(83): error C2071: 'NTSynchronized::SEM_ID' : illegal storage class
     1>C:\Users\T_hics\Documents\GitHub\allwpilib\networktables\cpp\include\OSAL/Synchronized.h(90): error C2146: syntax error : missing ';' before identifier 'm_semaphore'
     1>C:\Users\T_hics\Documents\GitHub\allwpilib\networktables\cpp\include\OSAL/Synchronized.h(90): error C4430: missing type specifier - int assumed. Note: C++ does not support default-int
     1>C:\Users\T_hics\Documents\GitHub\allwpilib\networktables\cpp\include\NTErrorBase.h(11): fatal error C1083: Cannot open include file: 'semLib.h': No such file or directory
         Generating Code...
     1>Done Building Project "C:\Users\T_hics\Documents\Aardvark\Aardvark-WPILib\wpilibc\wpilibC++Devices\wpilib_nonshared.vcxproj" (Build target(s)) -- FAILED.

Build FAILED.

Time Elapsed 00:01:15.12
